#
# There is insufficient memory for the Java Runtime Environment to continue.
# Native memory allocation (malloc) failed to allocate 923936 bytes. Error detail: Chunk::new
# Possible reasons:
#   The system is out of physical RAM or swap space
#   This process is running with CompressedOops enabled, and the Java Heap may be blocking the growth of the native heap
# Possible solutions:
#   Reduce memory load on the system
#   Increase physical memory or swap space
#   Check if swap backing store is full
#   Decrease Java heap size (-Xmx/-Xms)
#   Decrease number of Java threads
#   Decrease Java thread stack sizes (-Xss)
#   Set larger code cache with -XX:ReservedCodeCacheSize=
#   JVM is running with Unscaled Compressed Oops mode in which the Java heap is
#     placed in the first 4GB address space. The Java Heap base address is the
#     maximum limit for the native heap growth. Please use -XX:HeapBaseMinAddress
#     to set the Java Heap base and to place the Java Heap above 4GB virtual address.
# This output file may be truncated or incomplete.
#
#  Out of Memory Error (arena.cpp:168), pid=18972, tid=13664
#
# JRE version: OpenJDK Runtime Environment Temurin-21.0.9+10 (21.0.9+10) (build 21.0.9+10-LTS)
# Java VM: OpenJDK 64-Bit Server VM Temurin-21.0.9+10 (21.0.9+10-LTS, mixed mode, sharing, tiered, compressed oops, compressed class ptrs, parallel gc, windows-amd64)
# No core dump will be written. Minidumps are not enabled by default on client versions of Windows
#

---------------  S U M M A R Y ------------

Command Line: --add-modules=ALL-SYSTEM --add-opens=java.base/java.util=ALL-UNNAMED --add-opens=java.base/java.lang=ALL-UNNAMED --add-opens=java.base/sun.nio.fs=ALL-UNNAMED -Declipse.application=org.eclipse.jdt.ls.core.id1 -Dosgi.bundles.defaultStartLevel=4 -Declipse.product=org.eclipse.jdt.ls.core.product -Djava.import.generatesMetadataFilesAtProjectRoot=false -DDetectVMInstallationsJob.disabled=true -Dfile.encoding=utf8 -XX:+UseParallelGC -XX:GCTimeRatio=4 -XX:AdaptiveSizePolicyWeight=90 -Dsun.zip.disableMemoryMapping=true -Xmx2G -Xms100m -Xlog:disable -javaagent:c:\Users\barad\.vscode\extensions\redhat.java-1.51.0-win32-x64\lombok\lombok-1.18.39-4050.jar c:\Users\barad\.vscode\extensions\redhat.java-1.51.0-win32-x64\server\plugins\org.eclipse.equinox.launcher_1.7.100.v20251111-0406.jar -configuration c:\Users\barad\AppData\Roaming\Code\User\globalStorage\redhat.java\1.51.0\config_ss_win -data c:\Users\barad\AppData\Roaming\Code\User\workspaceStorage\bcdf091bb317d817909a013bb4221e1c\redhat.java\ss_ws --pipe=\\.\pipe\lsp-391d623e0cff2071dcb28e94ad931c76-sock

Host: 11th Gen Intel(R) Core(TM) i3-1115G4 @ 3.00GHz, 4 cores, 7G,  Windows 11 , 64 bit Build 26100 (10.0.26100.7623)
Time: Fri Jan 30 11:36:05 2026 India Standard Time elapsed time: 7.499664 seconds (0d 0h 0m 7s)

---------------  T H R E A D  ---------------

Current thread (0x000001fb8a2f6270):  JavaThread "C2 CompilerThread0" daemon [_thread_in_native, id=13664, stack(0x0000001428a00000,0x0000001428b00000) (1024K)]


Current CompileTask:
C2:7499 2716       4       org.lombokweb.asm.ClassReader::readMethod (1070 bytes)

Stack: [0x0000001428a00000,0x0000001428b00000]
Native frames: (J=compiled Java code, j=interpreted, Vv=VM code, C=native code)
V  [jvm.dll+0x6d6e29]
V  [jvm.dll+0x8b4b76]
V  [jvm.dll+0x8b712e]
V  [jvm.dll+0x8b7813]
V  [jvm.dll+0x283d86]
V  [jvm.dll+0xc66ed]
V  [jvm.dll+0xc6c31]
V  [jvm.dll+0x2facee]
V  [jvm.dll+0x5fde44]
V  [jvm.dll+0x255557]
V  [jvm.dll+0x25591d]
V  [jvm.dll+0x24df40]
V  [jvm.dll+0x24b482]
V  [jvm.dll+0x1cb13e]
V  [jvm.dll+0x25b29d]
V  [jvm.dll+0x25982a]
V  [jvm.dll+0x3f7ea6]
V  [jvm.dll+0x85e9ad]
V  [jvm.dll+0x6d565d]
C  [ucrtbase.dll+0x37b0]
C  [KERNEL32.DLL+0x2e8d7]
C  [ntdll.dll+0x8c53c]


---------------  P R O C E S S  ---------------

Threads class SMR info:
_java_thread_list=0x000001fbe7d12e00, length=20, elements={
0x000001fb87f66f80, 0x000001fb8a2e9500, 0x000001fb8a2ec8e0, 0x000001fb8a2eee20,
0x000001fb8a2f1be0, 0x000001fb8a2f29e0, 0x000001fb8a2f3430, 0x000001fb8a2f6270,
0x000001fb8a36f610, 0x000001fbe2aeea80, 0x000001fbe2c1fa40, 0x000001fbe773d970,
0x000001fbe7721040, 0x000001fbe7721ff0, 0x000001fbe779b040, 0x000001fbe7886690,
0x000001fbe7a86e10, 0x000001fbe79294d0, 0x000001fbe792ce50, 0x000001fbe70fb850
}

Java Threads: ( => current thread )
  0x000001fb87f66f80 JavaThread "main"                              [_thread_blocked, id=12228, stack(0x0000001428000000,0x0000001428100000) (1024K)]
  0x000001fb8a2e9500 JavaThread "Reference Handler"          daemon [_thread_blocked, id=2272, stack(0x0000001428400000,0x0000001428500000) (1024K)]
  0x000001fb8a2ec8e0 JavaThread "Finalizer"                  daemon [_thread_blocked, id=7848, stack(0x0000001428500000,0x0000001428600000) (1024K)]
  0x000001fb8a2eee20 JavaThread "Signal Dispatcher"          daemon [_thread_blocked, id=6356, stack(0x0000001428600000,0x0000001428700000) (1024K)]
  0x000001fb8a2f1be0 JavaThread "Attach Listener"            daemon [_thread_blocked, id=18172, stack(0x0000001428700000,0x0000001428800000) (1024K)]
  0x000001fb8a2f29e0 JavaThread "Service Thread"             daemon [_thread_blocked, id=9076, stack(0x0000001428800000,0x0000001428900000) (1024K)]
  0x000001fb8a2f3430 JavaThread "Monitor Deflation Thread"   daemon [_thread_blocked, id=2432, stack(0x0000001428900000,0x0000001428a00000) (1024K)]
=>0x000001fb8a2f6270 JavaThread "C2 CompilerThread0"         daemon [_thread_in_native, id=13664, stack(0x0000001428a00000,0x0000001428b00000) (1024K)]
  0x000001fb8a36f610 JavaThread "C1 CompilerThread0"         daemon [_thread_in_native, id=17292, stack(0x0000001428b00000,0x0000001428c00000) (1024K)]
  0x000001fbe2aeea80 JavaThread "Common-Cleaner"             daemon [_thread_blocked, id=12844, stack(0x0000001428c00000,0x0000001428d00000) (1024K)]
  0x000001fbe2c1fa40 JavaThread "Notification Thread"        daemon [_thread_blocked, id=18584, stack(0x0000001428d00000,0x0000001428e00000) (1024K)]
  0x000001fbe773d970 JavaThread "Active Thread: Equinox Container: 6ee22a2c-c244-4c46-8c1d-74df796426cf"        [_thread_blocked, id=14584, stack(0x0000001428e00000,0x0000001428f00000) (1024K)]
  0x000001fbe7721040 JavaThread "Framework Event Dispatcher: Equinox Container: 6ee22a2c-c244-4c46-8c1d-74df796426cf" daemon [_thread_blocked, id=4452, stack(0x0000001429200000,0x0000001429300000) (1024K)]
  0x000001fbe7721ff0 JavaThread "Start Level: Equinox Container: 6ee22a2c-c244-4c46-8c1d-74df796426cf" daemon [_thread_in_native, id=9532, stack(0x0000001429300000,0x0000001429400000) (1024K)]
  0x000001fbe779b040 JavaThread "SCR Component Actor"        daemon [_thread_blocked, id=12916, stack(0x0000001429400000,0x0000001429500000) (1024K)]
  0x000001fbe7886690 JavaThread "Worker-JM"                         [_thread_blocked, id=17284, stack(0x0000001429500000,0x0000001429600000) (1024K)]
  0x000001fbe7a86e10 JavaThread "JNA Cleaner"                daemon [_thread_blocked, id=8808, stack(0x0000001429600000,0x0000001429700000) (1024K)]
  0x000001fbe79294d0 JavaThread "Worker-0"                          [_thread_blocked, id=18836, stack(0x0000001429700000,0x0000001429800000) (1024K)]
  0x000001fbe792ce50 JavaThread "Worker-1"                          [_thread_blocked, id=14168, stack(0x0000001429800000,0x0000001429900000) (1024K)]
  0x000001fbe70fb850 JavaThread "C2 CompilerThread1"         daemon [_thread_blocked, id=15384, stack(0x0000001429900000,0x0000001429a00000) (1024K)]
Total: 20

Other Threads:
  0x000001fb8a4bc6c0 VMThread "VM Thread"                           [id=3880, stack(0x0000001428300000,0x0000001428400000) (1024K)]
  0x000001fb8a4676b0 WatcherThread "VM Periodic Task Thread"        [id=18940, stack(0x0000001428200000,0x0000001428300000) (1024K)]
  0x000001fb8a4182d0 WorkerThread "GC Thread#0"                     [id=4648, stack(0x0000001428100000,0x0000001428200000) (1024K)]
  0x000001fbe700f8c0 WorkerThread "GC Thread#1"                     [id=18160, stack(0x0000001428f00000,0x0000001429000000) (1024K)]
  0x000001fbe7403450 WorkerThread "GC Thread#2"                     [id=18220, stack(0x0000001429000000,0x0000001429100000) (1024K)]
  0x000001fbe76a4510 WorkerThread "GC Thread#3"                     [id=4416, stack(0x0000001429100000,0x0000001429200000) (1024K)]
Total: 6

Threads with active compile tasks:
C2 CompilerThread0  7522 2716       4       org.lombokweb.asm.ClassReader::readMethod (1070 bytes)
C1 CompilerThread0  7522 2795   !   3       java.io.WinNTFileSystem::canonicalize (199 bytes)
Total: 2

VM state: not at safepoint (normal execution)

VM Mutex/Monitor currently owned by a thread: None

Heap address: 0x0000000080000000, size: 2048 MB, Compressed Oops mode: 32-bit

CDS archive(s) mapped at: [0x000001fba1000000-0x000001fba1ba0000-0x000001fba1ba0000), size 12189696, SharedBaseAddress: 0x000001fba1000000, ArchiveRelocationMode: 1.
Compressed class space mapped at: 0x000001fba2000000-0x000001fbe2000000, reserved size: 1073741824
Narrow klass base: 0x000001fba1000000, Narrow klass shift: 0, Narrow klass range: 0x100000000

GC Precious Log:
 CardTable entry size: 512
 CPUs: 4 total, 4 available
 Memory: 7926M
 Large Page Support: Disabled
 NUMA Support: Disabled
 Compressed Oops: Enabled (32-bit)
 Alignments: Space 512K, Generation 512K, Heap 2M
 Heap Min Capacity: 100M
 Heap Initial Capacity: 100M
 Heap Max Capacity: 2G
 Pre-touch: Disabled
 Parallel Workers: 4

Heap:
 PSYoungGen      total 29696K, used 20344K [0x00000000d5580000, 0x00000000d7780000, 0x0000000100000000)
  eden space 25088K, 81% used [0x00000000d5580000,0x00000000d695e360,0x00000000d6e00000)
  from space 4608K, 0% used [0x00000000d7300000,0x00000000d7300000,0x00000000d7780000)
  to   space 4608K, 0% used [0x00000000d6e80000,0x00000000d6e80000,0x00000000d7300000)
 ParOldGen       total 68608K, used 8796K [0x0000000080000000, 0x0000000084300000, 0x00000000d5580000)
  object space 68608K, 12% used [0x0000000080000000,0x0000000080897298,0x0000000084300000)
 Metaspace       used 22136K, committed 22848K, reserved 1114112K
  class space    used 2145K, committed 2432K, reserved 1048576K

Card table byte_map: [0x000001fb89da0000,0x000001fb8a1b0000] _byte_map_base: 0x000001fb899a0000

Marking Bits: (ParMarkBitMap*) 0x00007fffe9b62460
 Begin Bits: [0x000001fb9c8b0000, 0x000001fb9e8b0000)
 End Bits:   [0x000001fb9e8b0000, 0x000001fba08b0000)

Polling page: 0x000001fb881d0000

Metaspace:

Usage:
  Non-class:     19.52 MB used.
      Class:      2.09 MB used.
       Both:     21.62 MB used.

Virtual space:
  Non-class space:       64.00 MB reserved,      19.94 MB ( 31%) committed,  1 nodes.
      Class space:        1.00 GB reserved,       2.38 MB ( <1%) committed,  1 nodes.
             Both:        1.06 GB reserved,      22.31 MB (  2%) committed. 

Chunk freelists:
   Non-Class:  11.69 MB
       Class:  13.48 MB
        Both:  25.16 MB

MaxMetaspaceSize: unlimited
CompressedClassSpaceSize: 1.00 GB
Initial GC threshold: 21.00 MB
Current GC threshold: 35.00 MB
CDS: on
 - commit_granule_bytes: 65536.
 - commit_granule_words: 8192.
 - virtual_space_node_default_size: 8388608.
 - enlarge_chunks_in_place: 1.
 - use_allocation_guard: 0.


Internal statistics:

num_allocs_failed_limit: 3.
num_arena_births: 502.
num_arena_deaths: 14.
num_vsnodes_births: 2.
num_vsnodes_deaths: 0.
num_space_committed: 357.
num_space_uncommitted: 0.
num_chunks_returned_to_freelist: 17.
num_chunks_taken_from_freelist: 1342.
num_chunk_merges: 9.
num_chunk_splits: 881.
num_chunks_enlarged: 583.
num_inconsistent_stats: 0.

CodeHeap 'non-profiled nmethods': size=120000Kb used=1215Kb max_used=1215Kb free=118784Kb
 bounds [0x000001fb950d0000, 0x000001fb95340000, 0x000001fb9c600000]
CodeHeap 'profiled nmethods': size=120000Kb used=5498Kb max_used=5498Kb free=114501Kb
 bounds [0x000001fb8d600000, 0x000001fb8db60000, 0x000001fb94b30000]
CodeHeap 'non-nmethods': size=5760Kb used=1327Kb max_used=1344Kb free=4432Kb
 bounds [0x000001fb94b30000, 0x000001fb94da0000, 0x000001fb950d0000]
CodeCache: size=245760Kb, used=8040Kb, max_used=8057Kb, free=237717Kb
 total_blobs=3394, nmethods=2792, adapters=508, full_count=0
Compilation: enabled, stopped_count=0, restarted_count=0

Compilation events (20 events):
Event: 6.048 Thread 0x000001fb8a36f610 2751       3       org.eclipse.core.internal.preferences.EclipsePreferences::absolutePath (79 bytes)
Event: 6.051 Thread 0x000001fb8a36f610 nmethod 2751 0x000001fb8db43b90 code [0x000001fb8db44240, 0x000001fb8db49430]
Event: 6.051 Thread 0x000001fb8a36f610 2758       3       org.eclipse.core.internal.preferences.DefaultPreferences::getLoadLevel (52 bytes)
Event: 6.052 Thread 0x000001fb8a36f610 nmethod 2758 0x000001fb8db4a790 code [0x000001fb8db4a980, 0x000001fb8db4afd0]
Event: 6.052 Thread 0x000001fb8a36f610 2753       3       org.eclipse.core.internal.preferences.PreferencesService::getRootNode (4 bytes)
Event: 6.052 Thread 0x000001fb8a36f610 nmethod 2753 0x000001fb8db4b210 code [0x000001fb8db4b3a0, 0x000001fb8db4b4b8]
Event: 6.052 Thread 0x000001fb8a36f610 2754       3       org.eclipse.core.internal.preferences.RootPreferences::node (7 bytes)
Event: 6.052 Thread 0x000001fb8a36f610 nmethod 2754 0x000001fb8db4b590 code [0x000001fb8db4b740, 0x000001fb8db4b888]
Event: 6.052 Thread 0x000001fb8a36f610 2755       3       org.eclipse.core.internal.preferences.RootPreferences::getNode (135 bytes)
Event: 6.053 Thread 0x000001fb8a36f610 nmethod 2755 0x000001fb8db4b910 code [0x000001fb8db4bc60, 0x000001fb8db4d000]
Event: 6.053 Thread 0x000001fb8a36f610 2756   !   3       org.eclipse.core.internal.preferences.EclipsePreferences::getOrCreate (108 bytes)
Event: 6.053 Thread 0x000001fb8a36f610 nmethod 2756 0x000001fb8db4d710 code [0x000001fb8db4d960, 0x000001fb8db4e420]
Event: 6.053 Thread 0x000001fb8a36f610 2757       3       org.eclipse.core.internal.preferences.PreferencesService::getDefault (20 bytes)
Event: 6.054 Thread 0x000001fb8a36f610 nmethod 2757 0x000001fb8db4e810 code [0x000001fb8db4e9c0, 0x000001fb8db4ebb8]
Event: 6.132 Thread 0x000001fb8a36f610 2759       3       java.util.concurrent.Semaphore$Sync::nonfairTryAcquireShared (27 bytes)
Event: 6.133 Thread 0x000001fb8a36f610 nmethod 2759 0x000001fb8db4ec90 code [0x000001fb8db4ee40, 0x000001fb8db4f090]
Event: 6.212 Thread 0x000001fb8a36f610 2760       1       org.eclipse.core.internal.dtree.DataDeltaNode::isDelta (2 bytes)
Event: 6.212 Thread 0x000001fb8a36f610 nmethod 2760 0x000001fb951f9310 code [0x000001fb951f94a0, 0x000001fb951f9568]
Event: 6.212 Thread 0x000001fb8a36f610 2761       3       java.util.concurrent.locks.ReentrantLock$Sync::tryLockNanos (36 bytes)
Event: 6.213 Thread 0x000001fb8a36f610 nmethod 2761 0x000001fb8db4f190 code [0x000001fb8db4f3a0, 0x000001fb8db4f940]

GC Heap History (14 events):
Event: 1.454 GC heap before
{Heap before GC invocations=1 (full 0):
 PSYoungGen      total 29696K, used 25600K [0x00000000d5580000, 0x00000000d7680000, 0x0000000100000000)
  eden space 25600K, 100% used [0x00000000d5580000,0x00000000d6e80000,0x00000000d6e80000)
  from space 4096K, 0% used [0x00000000d7280000,0x00000000d7280000,0x00000000d7680000)
  to   space 4096K, 0% used [0x00000000d6e80000,0x00000000d6e80000,0x00000000d7280000)
 ParOldGen       total 68608K, used 0K [0x0000000080000000, 0x0000000084300000, 0x00000000d5580000)
  object space 68608K, 0% used [0x0000000080000000,0x0000000080000000,0x0000000084300000)
 Metaspace       used 4388K, committed 4608K, reserved 1114112K
  class space    used 475K, committed 576K, reserved 1048576K
}
Event: 1.480 GC heap after
{Heap after GC invocations=1 (full 0):
 PSYoungGen      total 29696K, used 3280K [0x00000000d5580000, 0x00000000d7680000, 0x0000000100000000)
  eden space 25600K, 0% used [0x00000000d5580000,0x00000000d5580000,0x00000000d6e80000)
  from space 4096K, 80% used [0x00000000d6e80000,0x00000000d71b4148,0x00000000d7280000)
  to   space 4096K, 0% used [0x00000000d7280000,0x00000000d7280000,0x00000000d7680000)
 ParOldGen       total 68608K, used 0K [0x0000000080000000, 0x0000000084300000, 0x00000000d5580000)
  object space 68608K, 0% used [0x0000000080000000,0x0000000080000000,0x0000000084300000)
 Metaspace       used 4388K, committed 4608K, reserved 1114112K
  class space    used 475K, committed 576K, reserved 1048576K
}
Event: 2.797 GC heap before
{Heap before GC invocations=2 (full 0):
 PSYoungGen      total 29696K, used 28880K [0x00000000d5580000, 0x00000000d7680000, 0x0000000100000000)
  eden space 25600K, 100% used [0x00000000d5580000,0x00000000d6e80000,0x00000000d6e80000)
  from space 4096K, 80% used [0x00000000d6e80000,0x00000000d71b4148,0x00000000d7280000)
  to   space 4096K, 0% used [0x00000000d7280000,0x00000000d7280000,0x00000000d7680000)
 ParOldGen       total 68608K, used 0K [0x0000000080000000, 0x0000000084300000, 0x00000000d5580000)
  object space 68608K, 0% used [0x0000000080000000,0x0000000080000000,0x0000000084300000)
 Metaspace       used 8153K, committed 8512K, reserved 1114112K
  class space    used 865K, committed 1024K, reserved 1048576K
}
Event: 2.801 GC heap after
{Heap after GC invocations=2 (full 0):
 PSYoungGen      total 29696K, used 4086K [0x00000000d5580000, 0x00000000d7680000, 0x0000000100000000)
  eden space 25600K, 0% used [0x00000000d5580000,0x00000000d5580000,0x00000000d6e80000)
  from space 4096K, 99% used [0x00000000d7280000,0x00000000d767d810,0x00000000d7680000)
  to   space 4096K, 0% used [0x00000000d6e80000,0x00000000d6e80000,0x00000000d7280000)
 ParOldGen       total 68608K, used 1091K [0x0000000080000000, 0x0000000084300000, 0x00000000d5580000)
  object space 68608K, 1% used [0x0000000080000000,0x0000000080110eb8,0x0000000084300000)
 Metaspace       used 8153K, committed 8512K, reserved 1114112K
  class space    used 865K, committed 1024K, reserved 1048576K
}
Event: 3.991 GC heap before
{Heap before GC invocations=3 (full 0):
 PSYoungGen      total 29696K, used 29686K [0x00000000d5580000, 0x00000000d7680000, 0x0000000100000000)
  eden space 25600K, 100% used [0x00000000d5580000,0x00000000d6e80000,0x00000000d6e80000)
  from space 4096K, 99% used [0x00000000d7280000,0x00000000d767d810,0x00000000d7680000)
  to   space 4096K, 0% used [0x00000000d6e80000,0x00000000d6e80000,0x00000000d7280000)
 ParOldGen       total 68608K, used 1091K [0x0000000080000000, 0x0000000084300000, 0x00000000d5580000)
  object space 68608K, 1% used [0x0000000080000000,0x0000000080110eb8,0x0000000084300000)
 Metaspace       used 12998K, committed 13568K, reserved 1114112K
  class space    used 1374K, committed 1600K, reserved 1048576K
}
Event: 3.995 GC heap after
{Heap after GC invocations=3 (full 0):
 PSYoungGen      total 29696K, used 4079K [0x00000000d5580000, 0x00000000d7680000, 0x0000000100000000)
  eden space 25600K, 0% used [0x00000000d5580000,0x00000000d5580000,0x00000000d6e80000)
  from space 4096K, 99% used [0x00000000d6e80000,0x00000000d727bf30,0x00000000d7280000)
  to   space 4096K, 0% used [0x00000000d7280000,0x00000000d7280000,0x00000000d7680000)
 ParOldGen       total 68608K, used 2883K [0x0000000080000000, 0x0000000084300000, 0x00000000d5580000)
  object space 68608K, 4% used [0x0000000080000000,0x00000000802d0fb0,0x0000000084300000)
 Metaspace       used 12998K, committed 13568K, reserved 1114112K
  class space    used 1374K, committed 1600K, reserved 1048576K
}
Event: 5.250 GC heap before
{Heap before GC invocations=4 (full 0):
 PSYoungGen      total 29696K, used 29679K [0x00000000d5580000, 0x00000000d7680000, 0x0000000100000000)
  eden space 25600K, 100% used [0x00000000d5580000,0x00000000d6e80000,0x00000000d6e80000)
  from space 4096K, 99% used [0x00000000d6e80000,0x00000000d727bf30,0x00000000d7280000)
  to   space 4096K, 0% used [0x00000000d7280000,0x00000000d7280000,0x00000000d7680000)
 ParOldGen       total 68608K, used 2883K [0x0000000080000000, 0x0000000084300000, 0x00000000d5580000)
  object space 68608K, 4% used [0x0000000080000000,0x00000000802d0fb0,0x0000000084300000)
 Metaspace       used 17225K, committed 17792K, reserved 1114112K
  class space    used 1807K, committed 2048K, reserved 1048576K
}
Event: 5.258 GC heap after
{Heap after GC invocations=4 (full 0):
 PSYoungGen      total 29696K, used 4076K [0x00000000d5580000, 0x00000000d7680000, 0x0000000100000000)
  eden space 25600K, 0% used [0x00000000d5580000,0x00000000d5580000,0x00000000d6e80000)
  from space 4096K, 99% used [0x00000000d7280000,0x00000000d767b280,0x00000000d7680000)
  to   space 4096K, 0% used [0x00000000d6e80000,0x00000000d6e80000,0x00000000d7280000)
 ParOldGen       total 68608K, used 4547K [0x0000000080000000, 0x0000000084300000, 0x00000000d5580000)
  object space 68608K, 6% used [0x0000000080000000,0x0000000080470da0,0x0000000084300000)
 Metaspace       used 17225K, committed 17792K, reserved 1114112K
  class space    used 1807K, committed 2048K, reserved 1048576K
}
Event: 5.812 GC heap before
{Heap before GC invocations=5 (full 0):
 PSYoungGen      total 29696K, used 29676K [0x00000000d5580000, 0x00000000d7680000, 0x0000000100000000)
  eden space 25600K, 100% used [0x00000000d5580000,0x00000000d6e80000,0x00000000d6e80000)
  from space 4096K, 99% used [0x00000000d7280000,0x00000000d767b280,0x00000000d7680000)
  to   space 4096K, 0% used [0x00000000d6e80000,0x00000000d6e80000,0x00000000d7280000)
 ParOldGen       total 68608K, used 4547K [0x0000000080000000, 0x0000000084300000, 0x00000000d5580000)
  object space 68608K, 6% used [0x0000000080000000,0x0000000080470da0,0x0000000084300000)
 Metaspace       used 20488K, committed 21184K, reserved 1114112K
  class space    used 2033K, committed 2304K, reserved 1048576K
}
Event: 5.816 GC heap after
{Heap after GC invocations=5 (full 0):
 PSYoungGen      total 29184K, used 4092K [0x00000000d5580000, 0x00000000d7800000, 0x0000000100000000)
  eden space 25088K, 0% used [0x00000000d5580000,0x00000000d5580000,0x00000000d6e00000)
  from space 4096K, 99% used [0x00000000d6e80000,0x00000000d727f270,0x00000000d7280000)
  to   space 5120K, 0% used [0x00000000d7300000,0x00000000d7300000,0x00000000d7800000)
 ParOldGen       total 68608K, used 4659K [0x0000000080000000, 0x0000000084300000, 0x00000000d5580000)
  object space 68608K, 6% used [0x0000000080000000,0x000000008048cda0,0x0000000084300000)
 Metaspace       used 20488K, committed 21184K, reserved 1114112K
  class space    used 2033K, committed 2304K, reserved 1048576K
}
Event: 5.878 GC heap before
{Heap before GC invocations=6 (full 0):
 PSYoungGen      total 29184K, used 9252K [0x00000000d5580000, 0x00000000d7800000, 0x0000000100000000)
  eden space 25088K, 20% used [0x00000000d5580000,0x00000000d5a89e28,0x00000000d6e00000)
  from space 4096K, 99% used [0x00000000d6e80000,0x00000000d727f270,0x00000000d7280000)
  to   space 5120K, 0% used [0x00000000d7300000,0x00000000d7300000,0x00000000d7800000)
 ParOldGen       total 68608K, used 4659K [0x0000000080000000, 0x0000000084300000, 0x00000000d5580000)
  object space 68608K, 6% used [0x0000000080000000,0x000000008048cda0,0x0000000084300000)
 Metaspace       used 20899K, committed 21504K, reserved 1114112K
  class space    used 2054K, committed 2304K, reserved 1048576K
}
Event: 5.883 GC heap after
{Heap after GC invocations=6 (full 0):
 PSYoungGen      total 29696K, used 4456K [0x00000000d5580000, 0x00000000d7780000, 0x0000000100000000)
  eden space 25088K, 0% used [0x00000000d5580000,0x00000000d5580000,0x00000000d6e00000)
  from space 4608K, 96% used [0x00000000d7300000,0x00000000d775a0a0,0x00000000d7780000)
  to   space 4608K, 0% used [0x00000000d6e80000,0x00000000d6e80000,0x00000000d7300000)
 ParOldGen       total 68608K, used 4659K [0x0000000080000000, 0x0000000084300000, 0x00000000d5580000)
  object space 68608K, 6% used [0x0000000080000000,0x000000008048cda0,0x0000000084300000)
 Metaspace       used 20899K, committed 21504K, reserved 1114112K
  class space    used 2054K, committed 2304K, reserved 1048576K
}
Event: 5.884 GC heap before
{Heap before GC invocations=7 (full 1):
 PSYoungGen      total 29696K, used 4456K [0x00000000d5580000, 0x00000000d7780000, 0x0000000100000000)
  eden space 25088K, 0% used [0x00000000d5580000,0x00000000d5580000,0x00000000d6e00000)
  from space 4608K, 96% used [0x00000000d7300000,0x00000000d775a0a0,0x00000000d7780000)
  to   space 4608K, 0% used [0x00000000d6e80000,0x00000000d6e80000,0x00000000d7300000)
 ParOldGen       total 68608K, used 4659K [0x0000000080000000, 0x0000000084300000, 0x00000000d5580000)
  object space 68608K, 6% used [0x0000000080000000,0x000000008048cda0,0x0000000084300000)
 Metaspace       used 20899K, committed 21504K, reserved 1114112K
  class space    used 2054K, committed 2304K, reserved 1048576K
}
Event: 5.916 GC heap after
{Heap after GC invocations=7 (full 1):
 PSYoungGen      total 29696K, used 0K [0x00000000d5580000, 0x00000000d7780000, 0x0000000100000000)
  eden space 25088K, 0% used [0x00000000d5580000,0x00000000d5580000,0x00000000d6e00000)
  from space 4608K, 0% used [0x00000000d7300000,0x00000000d7300000,0x00000000d7780000)
  to   space 4608K, 0% used [0x00000000d6e80000,0x00000000d6e80000,0x00000000d7300000)
 ParOldGen       total 68608K, used 8796K [0x0000000080000000, 0x0000000084300000, 0x00000000d5580000)
  object space 68608K, 12% used [0x0000000080000000,0x0000000080897298,0x0000000084300000)
 Metaspace       used 20886K, committed 21504K, reserved 1114112K
  class space    used 2051K, committed 2304K, reserved 1048576K
}

Dll operation events (10 events):
Event: 0.043 Loaded shared library c:\Users\barad\.vscode\extensions\redhat.java-1.51.0-win32-x64\jre\21.0.9-win32-x86_64\bin\java.dll
Event: 0.146 Loaded shared library c:\Users\barad\.vscode\extensions\redhat.java-1.51.0-win32-x64\jre\21.0.9-win32-x86_64\bin\zip.dll
Event: 0.168 Loaded shared library C:\Users\barad\.vscode\extensions\redhat.java-1.51.0-win32-x64\jre\21.0.9-win32-x86_64\bin\instrument.dll
Event: 0.175 Loaded shared library C:\Users\barad\.vscode\extensions\redhat.java-1.51.0-win32-x64\jre\21.0.9-win32-x86_64\bin\net.dll
Event: 0.178 Loaded shared library C:\Users\barad\.vscode\extensions\redhat.java-1.51.0-win32-x64\jre\21.0.9-win32-x86_64\bin\nio.dll
Event: 0.185 Loaded shared library C:\Users\barad\.vscode\extensions\redhat.java-1.51.0-win32-x64\jre\21.0.9-win32-x86_64\bin\zip.dll
Event: 0.216 Loaded shared library C:\Users\barad\.vscode\extensions\redhat.java-1.51.0-win32-x64\jre\21.0.9-win32-x86_64\bin\jimage.dll
Event: 0.438 Loaded shared library c:\Users\barad\.vscode\extensions\redhat.java-1.51.0-win32-x64\jre\21.0.9-win32-x86_64\bin\verify.dll
Event: 2.753 Loaded shared library C:\Users\barad\AppData\Roaming\Code\User\globalStorage\redhat.java\1.51.0\config_ss_win\org.eclipse.equinox.launcher\org.eclipse.equinox.launcher.win32.win32.x86_64_1.2.1400.v20250801-0854\eclipse_11916.dll
Event: 4.890 Loaded shared library C:\Users\barad\AppData\Local\Temp\jna--1808697885\jna12886293357347049310.dll

Deoptimization events (20 events):
Event: 5.130 Thread 0x000001fbe7721ff0 Uncommon trap: trap_request=0xffffffde fr.pc=0x000001fb951be894 relative=0x00000000000003b4
Event: 5.130 Thread 0x000001fbe7721ff0 Uncommon trap: reason=class_check action=maybe_recompile pc=0x000001fb951be894 method=java.util.regex.Pattern$BmpCharPropertyGreedy.match(Ljava/util/regex/Matcher;ILjava/lang/CharSequence;)Z @ 70 c2
Event: 5.130 Thread 0x000001fbe7721ff0 DEOPT PACKING pc=0x000001fb951be894 sp=0x00000014293ef920
Event: 5.130 Thread 0x000001fbe7721ff0 DEOPT UNPACKING pc=0x000001fb94b86da2 sp=0x00000014293ef8c8 mode 2
Event: 5.130 Thread 0x000001fbe7721ff0 Uncommon trap: trap_request=0xffffffde fr.pc=0x000001fb951be894 relative=0x00000000000003b4
Event: 5.130 Thread 0x000001fbe7721ff0 Uncommon trap: reason=class_check action=maybe_recompile pc=0x000001fb951be894 method=java.util.regex.Pattern$BmpCharPropertyGreedy.match(Ljava/util/regex/Matcher;ILjava/lang/CharSequence;)Z @ 70 c2
Event: 5.130 Thread 0x000001fbe7721ff0 DEOPT PACKING pc=0x000001fb951be894 sp=0x00000014293ef770
Event: 5.130 Thread 0x000001fbe7721ff0 DEOPT UNPACKING pc=0x000001fb94b86da2 sp=0x00000014293ef718 mode 2
Event: 5.293 Thread 0x000001fbe7721ff0 Uncommon trap: trap_request=0xffffff6e fr.pc=0x000001fb951dfe04 relative=0x0000000000000b84
Event: 5.293 Thread 0x000001fbe7721ff0 Uncommon trap: reason=loop_limit_check action=maybe_recompile pc=0x000001fb951dfe04 method=java.util.regex.Pattern$StartS.match(Ljava/util/regex/Matcher;ILjava/lang/CharSequence;)Z @ 34 c2
Event: 5.293 Thread 0x000001fbe7721ff0 DEOPT PACKING pc=0x000001fb951dfe04 sp=0x00000014293ef4e0
Event: 5.293 Thread 0x000001fbe7721ff0 DEOPT UNPACKING pc=0x000001fb94b86da2 sp=0x00000014293ef460 mode 2
Event: 5.798 Thread 0x000001fbe7721ff0 Uncommon trap: trap_request=0xffffff45 fr.pc=0x000001fb951f8ba4 relative=0x0000000000000184
Event: 5.798 Thread 0x000001fbe7721ff0 Uncommon trap: reason=unstable_if action=reinterpret pc=0x000001fb951f8ba4 method=org.lombokweb.asm.ByteVector.putByteArray([BII)Lorg/lombokweb/asm/ByteVector; @ 20 c2
Event: 5.798 Thread 0x000001fbe7721ff0 DEOPT PACKING pc=0x000001fb951f8ba4 sp=0x00000014293f2b40
Event: 5.798 Thread 0x000001fbe7721ff0 DEOPT UNPACKING pc=0x000001fb94b86da2 sp=0x00000014293f2b10 mode 2
Event: 5.798 Thread 0x000001fbe7721ff0 Uncommon trap: trap_request=0xffffff45 fr.pc=0x000001fb951f7924 relative=0x0000000000000364
Event: 5.798 Thread 0x000001fbe7721ff0 Uncommon trap: reason=unstable_if action=reinterpret pc=0x000001fb951f7924 method=org.lombokweb.asm.Label.resolve([BLorg/lombokweb/asm/ByteVector;I)Z @ 81 c2
Event: 5.798 Thread 0x000001fbe7721ff0 DEOPT PACKING pc=0x000001fb951f7924 sp=0x00000014293f2bd0
Event: 5.798 Thread 0x000001fbe7721ff0 DEOPT UNPACKING pc=0x000001fb94b86da2 sp=0x00000014293f2ad8 mode 2

Classes loaded (20 events):
Event: 5.125 Loading class java/util/zip/GZIPInputStream
Event: 5.125 Loading class java/util/zip/GZIPInputStream done
Event: 5.179 Loading class java/io/StringReader
Event: 5.179 Loading class java/io/StringReader done
Event: 5.187 Loading class java/net/SocketTimeoutException
Event: 5.187 Loading class java/io/InterruptedIOException
Event: 5.188 Loading class java/io/InterruptedIOException done
Event: 5.188 Loading class java/net/SocketTimeoutException done
Event: 5.188 Loading class java/net/SocketException
Event: 5.188 Loading class java/net/SocketException done
Event: 5.188 Loading class java/net/UnknownHostException
Event: 5.188 Loading class java/net/UnknownHostException done
Event: 5.188 Loading class java/net/ProtocolException
Event: 5.188 Loading class java/net/ProtocolException done
Event: 5.232 Loading class java/lang/ThreadLocal$SuppliedThreadLocal
Event: 5.232 Loading class java/lang/ThreadLocal$SuppliedThreadLocal done
Event: 5.248 Loading class java/io/FileWriter
Event: 5.248 Loading class java/io/FileWriter done
Event: 5.249 Loading class java/lang/NegativeArraySizeException
Event: 5.249 Loading class java/lang/NegativeArraySizeException done

Classes unloaded (7 events):
Event: 5.888 Thread 0x000001fb8a4bc6c0 Unloading class 0x000001fba218d400 'java/lang/invoke/LambdaForm$MH+0x000001fba218d400'
Event: 5.888 Thread 0x000001fb8a4bc6c0 Unloading class 0x000001fba218d000 'java/lang/invoke/LambdaForm$MH+0x000001fba218d000'
Event: 5.888 Thread 0x000001fb8a4bc6c0 Unloading class 0x000001fba218cc00 'java/lang/invoke/LambdaForm$MH+0x000001fba218cc00'
Event: 5.888 Thread 0x000001fb8a4bc6c0 Unloading class 0x000001fba218c800 'java/lang/invoke/LambdaForm$MH+0x000001fba218c800'
Event: 5.888 Thread 0x000001fb8a4bc6c0 Unloading class 0x000001fba218c400 'java/lang/invoke/LambdaForm$BMH+0x000001fba218c400'
Event: 5.888 Thread 0x000001fb8a4bc6c0 Unloading class 0x000001fba218c000 'java/lang/invoke/LambdaForm$DMH+0x000001fba218c000'
Event: 5.888 Thread 0x000001fb8a4bc6c0 Unloading class 0x000001fba218ac00 'java/lang/invoke/LambdaForm$DMH+0x000001fba218ac00'

Classes redefined (0 events):
No events

Internal exceptions (20 events):
Event: 4.919 Thread 0x000001fbe7721ff0 Exception <a 'java/lang/NoSuchMethodError'{0x00000000d637bb38}: 'void java.lang.invoke.DelegatingMethodHandle$Holder.reinvoke_L(java.lang.Object, java.lang.Object, int)'> (0x00000000d637bb38) 
thrown [s\src\hotspot\share\interpreter\linkResolver.cpp, line 773]
Event: 4.920 Thread 0x000001fbe7721ff0 Exception <a 'java/lang/NoSuchMethodError'{0x00000000d6382820}: 'int java.lang.invoke.Invokers$Holder.invokeExact_MT(java.lang.Object, java.lang.Object, java.lang.Object)'> (0x00000000d6382820) 
thrown [s\src\hotspot\share\interpreter\linkResolver.cpp, line 773]
Event: 4.949 Thread 0x000001fbe7721ff0 Exception <a 'java/lang/NoSuchMethodError'{0x00000000d648f960}: 'void java.lang.invoke.Invokers$Holder.invokeExact_MT(java.lang.Object, java.lang.Object, int, java.lang.Object)'> (0x00000000d648f960) 
thrown [s\src\hotspot\share\interpreter\linkResolver.cpp, line 773]
Event: 4.971 Thread 0x000001fbe7721ff0 Exception <a 'java/lang/NoSuchMethodError'{0x00000000d658c020}: 'java.lang.Object java.lang.invoke.DirectMethodHandle$Holder.invokeSpecial(java.lang.Object, java.lang.Object, java.lang.Object, long, java.lang.Object)'> (0x00000000d658c020) 
thrown [s\src\hotspot\share\interpreter\linkResolver.cpp, line 773]
Event: 4.972 Thread 0x000001fbe7721ff0 Exception <a 'java/lang/NoSuchMethodError'{0x00000000d6593868}: 'java.lang.Object java.lang.invoke.DirectMethodHandle$Holder.newInvokeSpecial(java.lang.Object, java.lang.Object, java.lang.Object, long)'> (0x00000000d6593868) 
thrown [s\src\hotspot\share\interpreter\linkResolver.cpp, line 773]
Event: 4.973 Thread 0x000001fbe7721ff0 Exception <a 'java/lang/NoSuchMethodError'{0x00000000d6597c18}: 'java.lang.Object java.lang.invoke.DirectMethodHandle$Holder.invokeSpecial(java.lang.Object, java.lang.Object, java.lang.Object, java.lang.Object, long)'> (0x00000000d6597c18) 
thrown [s\src\hotspot\share\interpreter\linkResolver.cpp, line 773]
Event: 4.973 Thread 0x000001fbe7721ff0 Exception <a 'java/lang/NoSuchMethodError'{0x00000000d659b838}: 'java.lang.Object java.lang.invoke.Invokers$Holder.linkToTargetMethod(java.lang.Object, java.lang.Object, long, java.lang.Object)'> (0x00000000d659b838) 
thrown [s\src\hotspot\share\interpreter\linkResolver.cpp, line 773]
Event: 4.986 Thread 0x000001fbe7721ff0 Exception <a 'java/lang/NoSuchMethodError'{0x00000000d65f1c30}: 'int java.lang.invoke.DirectMethodHandle$Holder.invokeStaticInit(java.lang.Object, java.lang.Object, java.lang.Object)'> (0x00000000d65f1c30) 
thrown [s\src\hotspot\share\interpreter\linkResolver.cpp, line 773]
Event: 4.996 Thread 0x000001fbe7721ff0 Exception <a 'java/lang/IncompatibleClassChangeError'{0x00000000d669c568}: Found class java.lang.Object, but interface was expected> (0x00000000d669c568) 
thrown [s\src\hotspot\share\interpreter\linkResolver.cpp, line 840]
Event: 5.000 Thread 0x000001fbe7721ff0 Exception <a 'java/lang/NoSuchMethodError'{0x00000000d66aec48}: 'java.lang.Object java.lang.invoke.DirectMethodHandle$Holder.invokeSpecial(java.lang.Object, java.lang.Object, java.lang.Object, int, java.lang.Object, java.lang.Object)'> (0x00000000d66aec48) 
thrown [s\src\hotspot\share\interpreter\linkResolver.cpp, line 773]
Event: 5.000 Thread 0x000001fbe7721ff0 Exception <a 'java/lang/NoSuchMethodError'{0x00000000d66b6720}: 'java.lang.Object java.lang.invoke.DirectMethodHandle$Holder.newInvokeSpecial(java.lang.Object, java.lang.Object, java.lang.Object, int, java.lang.Object)'> (0x00000000d66b6720) 
thrown [s\src\hotspot\share\interpreter\linkResolver.cpp, line 773]
Event: 5.001 Thread 0x000001fbe7721ff0 Exception <a 'java/lang/NoSuchMethodError'{0x00000000d66ba6a0}: 'java.lang.Object java.lang.invoke.DirectMethodHandle$Holder.invokeSpecial(java.lang.Object, java.lang.Object, java.lang.Object, java.lang.Object, int, java.lang.Object)'> (0x00000000d66ba6a0) 
thrown [s\src\hotspot\share\interpreter\linkResolver.cpp, line 773]
Event: 5.001 Thread 0x000001fbe7721ff0 Exception <a 'java/lang/NoSuchMethodError'{0x00000000d66be1e0}: 'java.lang.Object java.lang.invoke.Invokers$Holder.linkToTargetMethod(java.lang.Object, java.lang.Object, int, java.lang.Object, java.lang.Object)'> (0x00000000d66be1e0) 
thrown [s\src\hotspot\share\interpreter\linkResolver.cpp, line 773]
Event: 5.001 Thread 0x000001fbe79294d0 Exception <a 'java/lang/NoSuchMethodError'{0x00000000d65f3270}: 'java.lang.Object java.lang.invoke.DirectMethodHandle$Holder.invokeSpecial(java.lang.Object, java.lang.Object, int, java.lang.Object, java.lang.Object)'> (0x00000000d65f3270) 
thrown [s\src\hotspot\share\interpreter\linkResolver.cpp, line 773]
Event: 5.002 Thread 0x000001fbe79294d0 Exception <a 'java/lang/NoSuchMethodError'{0x00000000d65f9fa8}: 'java.lang.Object java.lang.invoke.DirectMethodHandle$Holder.newInvokeSpecial(java.lang.Object, java.lang.Object, int, java.lang.Object)'> (0x00000000d65f9fa8) 
thrown [s\src\hotspot\share\interpreter\linkResolver.cpp, line 773]
Event: 5.002 Thread 0x000001fbe79294d0 Exception <a 'java/lang/NoSuchMethodError'{0x00000000d65fd888}: 'java.lang.Object java.lang.invoke.DirectMethodHandle$Holder.invokeSpecial(java.lang.Object, java.lang.Object, java.lang.Object, int, java.lang.Object)'> (0x00000000d65fd888) 
thrown [s\src\hotspot\share\interpreter\linkResolver.cpp, line 773]
Event: 5.026 Thread 0x000001fbe7721ff0 Exception <a 'java/lang/NoSuchMethodError'{0x00000000d67df2d0}: 'void java.lang.invoke.DirectMethodHandle$Holder.invokeSpecial(java.lang.Object, java.lang.Object, java.lang.Object, java.lang.Object, java.lang.Object)'> (0x00000000d67df2d0) 
thrown [s\src\hotspot\share\interpreter\linkResolver.cpp, line 773]
Event: 5.107 Thread 0x000001fbe7721ff0 Exception <a 'java/lang/NoSuchMethodError'{0x00000000d6a0a1e0}: 'double java.lang.invoke.DirectMethodHandle$Holder.invokeStatic(java.lang.Object, java.lang.Object)'> (0x00000000d6a0a1e0) 
thrown [s\src\hotspot\share\interpreter\linkResolver.cpp, line 773]
Event: 5.110 Thread 0x000001fbe7721ff0 Exception <a 'java/lang/NoSuchMethodError'{0x00000000d6a0d8a0}: 'double java.lang.invoke.DirectMethodHandle$Holder.invokeStaticInit(java.lang.Object, java.lang.Object)'> (0x00000000d6a0d8a0) 
thrown [s\src\hotspot\share\interpreter\linkResolver.cpp, line 773]
Event: 5.798 Thread 0x000001fbe7721ff0 Implicit null exception at 0x000001fb951f8a75 to 0x000001fb951f8b88

ZGC Phase Switch (0 events):
No events

VM Operations (20 events):
Event: 3.687 Executing VM operation: HandshakeAllThreads (Deoptimize)
Event: 3.687 Executing VM operation: HandshakeAllThreads (Deoptimize) done
Event: 3.991 Executing VM operation: ParallelGCFailedAllocation (Allocation Failure)
Event: 3.995 Executing VM operation: ParallelGCFailedAllocation (Allocation Failure) done
Event: 4.129 Executing VM operation: HandshakeAllThreads (Deoptimize)
Event: 4.129 Executing VM operation: HandshakeAllThreads (Deoptimize) done
Event: 4.134 Executing VM operation: HandshakeAllThreads (Deoptimize)
Event: 4.134 Executing VM operation: HandshakeAllThreads (Deoptimize) done
Event: 4.153 Executing VM operation: HandshakeAllThreads (Deoptimize)
Event: 4.153 Executing VM operation: HandshakeAllThreads (Deoptimize) done
Event: 4.618 Executing VM operation: HandshakeAllThreads (Deoptimize)
Event: 4.618 Executing VM operation: HandshakeAllThreads (Deoptimize) done
Event: 4.901 Executing VM operation: HandshakeAllThreads (Deoptimize)
Event: 4.901 Executing VM operation: HandshakeAllThreads (Deoptimize) done
Event: 5.250 Executing VM operation: ParallelGCFailedAllocation (Allocation Failure)
Event: 5.258 Executing VM operation: ParallelGCFailedAllocation (Allocation Failure) done
Event: 5.812 Executing VM operation: ParallelGCFailedAllocation (Allocation Failure)
Event: 5.816 Executing VM operation: ParallelGCFailedAllocation (Allocation Failure) done
Event: 5.878 Executing VM operation: CollectForMetadataAllocation (Metadata GC Threshold)
Event: 5.916 Executing VM operation: CollectForMetadataAllocation (Metadata GC Threshold) done

Memory protections (0 events):
No events

Nmethod flushes (0 events):
No events

Events (20 events):
Event: 0.581 Thread 0x000001fb8a36f610 Thread added: 0x000001fbe2c145a0
Event: 1.198 Thread 0x000001fbe2c145a0 Thread exited: 0x000001fbe2c145a0
Event: 1.328 Thread 0x000001fb8a36f610 Thread added: 0x000001fbe70fd080
Event: 1.495 Thread 0x000001fbe70fd080 Thread exited: 0x000001fbe70fd080
Event: 1.663 Thread 0x000001fb8a36f610 Thread added: 0x000001fbe747daf0
Event: 2.008 Thread 0x000001fbe747daf0 Thread exited: 0x000001fbe747daf0
Event: 2.067 Thread 0x000001fb8a36f610 Thread added: 0x000001fbe747daf0
Event: 2.261 Thread 0x000001fbe747daf0 Thread exited: 0x000001fbe747daf0
Event: 2.297 Thread 0x000001fb87f66f80 Thread added: 0x000001fbe773d970
Event: 2.737 Thread 0x000001fb87f66f80 Thread added: 0x000001fbe7721040
Event: 2.747 Thread 0x000001fb87f66f80 Thread added: 0x000001fbe7721ff0
Event: 3.017 Thread 0x000001fbe7721ff0 Thread added: 0x000001fbe779b040
Event: 3.300 Thread 0x000001fb8a36f610 Thread added: 0x000001fbe73de200
Event: 3.593 Thread 0x000001fbe73de200 Thread exited: 0x000001fbe73de200
Event: 3.744 Thread 0x000001fbe7721ff0 Thread added: 0x000001fbe7886690
Event: 4.926 Thread 0x000001fbe7721ff0 Thread added: 0x000001fbe7a86e10
Event: 4.978 Thread 0x000001fbe7721ff0 Thread added: 0x000001fbe79294d0
Event: 5.003 Thread 0x000001fbe7721ff0 Thread added: 0x000001fbe792ce50
Event: 5.142 Thread 0x000001fb8a36f610 Thread added: 0x000001fbe7e911d0
Event: 5.449 Thread 0x000001fbe7e911d0 Thread exited: 0x000001fbe7e911d0


Dynamic libraries:
0x00007ff6e0fd0000 - 0x00007ff6e0fde000 	c:\Users\barad\.vscode\extensions\redhat.java-1.51.0-win32-x64\jre\21.0.9-win32-x86_64\bin\java.exe
0x00007ff8aafc0000 - 0x00007ff8ab227000 	C:\WINDOWS\SYSTEM32\ntdll.dll
0x00007ff8aa020000 - 0x00007ff8aa0e9000 	C:\WINDOWS\System32\KERNEL32.DLL
0x00007ff8a81c0000 - 0x00007ff8a85af000 	C:\WINDOWS\System32\KERNELBASE.dll
0x00007ff8a8c10000 - 0x00007ff8a8d5b000 	C:\WINDOWS\System32\ucrtbase.dll
0x00007ff87cbe0000 - 0x00007ff87cbf8000 	c:\Users\barad\.vscode\extensions\redhat.java-1.51.0-win32-x64\jre\21.0.9-win32-x86_64\bin\jli.dll
0x00007ff8aaba0000 - 0x00007ff8aad65000 	C:\WINDOWS\System32\USER32.dll
0x00007ff8a85c0000 - 0x00007ff8a85e7000 	C:\WINDOWS\System32\win32u.dll
0x00007ff8aa480000 - 0x00007ff8aa4ab000 	C:\WINDOWS\System32\GDI32.dll
0x00007ff8a8680000 - 0x00007ff8a87ac000 	C:\WINDOWS\System32\gdi32full.dll
0x00007ff8a8110000 - 0x00007ff8a81b3000 	C:\WINDOWS\System32\msvcp_win.dll
0x00007ff87a7e0000 - 0x00007ff87a7fe000 	c:\Users\barad\.vscode\extensions\redhat.java-1.51.0-win32-x64\jre\21.0.9-win32-x86_64\bin\VCRUNTIME140.dll
0x00007ff88e3e0000 - 0x00007ff88e673000 	C:\WINDOWS\WinSxS\amd64_microsoft.windows.common-controls_6595b64144ccf1df_6.0.26100.7309_none_3e05feeae336a044\COMCTL32.dll
0x00007ff8aae70000 - 0x00007ff8aaf19000 	C:\WINDOWS\System32\msvcrt.dll
0x00007ff8a9780000 - 0x00007ff8a97b1000 	C:\WINDOWS\System32\IMM32.DLL
0x00007ff88e050000 - 0x00007ff88e05c000 	c:\Users\barad\.vscode\extensions\redhat.java-1.51.0-win32-x64\jre\21.0.9-win32-x86_64\bin\vcruntime140_1.dll
0x00007ff877f20000 - 0x00007ff877fad000 	c:\Users\barad\.vscode\extensions\redhat.java-1.51.0-win32-x64\jre\21.0.9-win32-x86_64\bin\msvcp140.dll
0x00007fffe8ea0000 - 0x00007fffe9c40000 	c:\Users\barad\.vscode\extensions\redhat.java-1.51.0-win32-x64\jre\21.0.9-win32-x86_64\bin\server\jvm.dll
0x00007ff8a9d30000 - 0x00007ff8a9de4000 	C:\WINDOWS\System32\ADVAPI32.dll
0x00007ff8a8f70000 - 0x00007ff8a9016000 	C:\WINDOWS\System32\sechost.dll
0x00007ff8a9940000 - 0x00007ff8a9a58000 	C:\WINDOWS\System32\RPCRT4.dll
0x00007ff8a9a60000 - 0x00007ff8a9ad4000 	C:\WINDOWS\System32\WS2_32.dll
0x00007ff8a7f90000 - 0x00007ff8a7fee000 	C:\WINDOWS\SYSTEM32\POWRPROF.dll
0x00007ff89fa70000 - 0x00007ff89faa5000 	C:\WINDOWS\SYSTEM32\WINMM.dll
0x00007ff897da0000 - 0x00007ff897dab000 	C:\WINDOWS\SYSTEM32\VERSION.dll
0x00007ff8a7f70000 - 0x00007ff8a7f84000 	C:\WINDOWS\SYSTEM32\UMPDC.dll
0x00007ff8a6ec0000 - 0x00007ff8a6edb000 	C:\WINDOWS\SYSTEM32\kernel.appcore.dll
0x00007ff87cbd0000 - 0x00007ff87cbda000 	c:\Users\barad\.vscode\extensions\redhat.java-1.51.0-win32-x64\jre\21.0.9-win32-x86_64\bin\jimage.dll
0x00007ff8a57b0000 - 0x00007ff8a59f2000 	C:\WINDOWS\SYSTEM32\DBGHELP.DLL
0x00007ff8aa0f0000 - 0x00007ff8aa476000 	C:\WINDOWS\System32\combase.dll
0x00007ff8aad90000 - 0x00007ff8aae66000 	C:\WINDOWS\System32\OLEAUT32.dll
0x00007ff8853b0000 - 0x00007ff8853ec000 	C:\WINDOWS\SYSTEM32\dbgcore.DLL
0x00007ff8a87b0000 - 0x00007ff8a8855000 	C:\WINDOWS\System32\bcryptPrimitives.dll
0x00007ff87a930000 - 0x00007ff87a93f000 	c:\Users\barad\.vscode\extensions\redhat.java-1.51.0-win32-x64\jre\21.0.9-win32-x86_64\bin\instrument.dll
0x00007ff87a7c0000 - 0x00007ff87a7e0000 	c:\Users\barad\.vscode\extensions\redhat.java-1.51.0-win32-x64\jre\21.0.9-win32-x86_64\bin\java.dll
0x00007ff8a9020000 - 0x00007ff8a9773000 	C:\WINDOWS\System32\SHELL32.dll
0x00007ff8a89e0000 - 0x00007ff8a8b4a000 	C:\WINDOWS\System32\wintypes.dll
0x00007ff8a5d30000 - 0x00007ff8a658e000 	C:\WINDOWS\SYSTEM32\windows.storage.dll
0x00007ff8aa580000 - 0x00007ff8aa675000 	C:\WINDOWS\System32\SHCORE.dll
0x00007ff8aab10000 - 0x00007ff8aab76000 	C:\WINDOWS\System32\shlwapi.dll
0x00007ff8a8030000 - 0x00007ff8a8059000 	C:\WINDOWS\SYSTEM32\profapi.dll
0x00007ff877d20000 - 0x00007ff877d38000 	c:\Users\barad\.vscode\extensions\redhat.java-1.51.0-win32-x64\jre\21.0.9-win32-x86_64\bin\zip.dll
0x00007ff87a7b0000 - 0x00007ff87a7c0000 	C:\Users\barad\.vscode\extensions\redhat.java-1.51.0-win32-x64\jre\21.0.9-win32-x86_64\bin\net.dll
0x00007ff8988e0000 - 0x00007ff898a08000 	C:\WINDOWS\SYSTEM32\WINHTTP.dll
0x00007ff8a7430000 - 0x00007ff8a749b000 	C:\WINDOWS\system32\mswsock.dll
0x00007ff8762a0000 - 0x00007ff8762b6000 	C:\Users\barad\.vscode\extensions\redhat.java-1.51.0-win32-x64\jre\21.0.9-win32-x86_64\bin\nio.dll
0x00007ff877f10000 - 0x00007ff877f20000 	c:\Users\barad\.vscode\extensions\redhat.java-1.51.0-win32-x64\jre\21.0.9-win32-x86_64\bin\verify.dll
0x00007ff863ab0000 - 0x00007ff863af4000 	C:\Users\barad\AppData\Roaming\Code\User\globalStorage\redhat.java\1.51.0\config_ss_win\org.eclipse.equinox.launcher\org.eclipse.equinox.launcher.win32.win32.x86_64_1.2.1400.v20250801-0854\eclipse_11916.dll
0x00007ff8a9df0000 - 0x00007ff8a9f87000 	C:\WINDOWS\System32\ole32.dll
0x00007ff8a76f0000 - 0x00007ff8a770b000 	C:\WINDOWS\SYSTEM32\CRYPTSP.dll
0x00007ff8a6e20000 - 0x00007ff8a6e5a000 	C:\WINDOWS\system32\rsaenh.dll
0x00007ff8a74e0000 - 0x00007ff8a750b000 	C:\WINDOWS\SYSTEM32\USERENV.dll
0x00007ff8a8000000 - 0x00007ff8a802a000 	C:\WINDOWS\SYSTEM32\bcrypt.dll
0x00007ff8a7710000 - 0x00007ff8a771c000 	C:\WINDOWS\SYSTEM32\CRYPTBASE.dll
0x00007ff8a68d0000 - 0x00007ff8a6904000 	C:\WINDOWS\SYSTEM32\IPHLPAPI.DLL
0x00007ff8aab90000 - 0x00007ff8aab9a000 	C:\WINDOWS\System32\NSI.dll
0x00007ff863a60000 - 0x00007ff863aa9000 	C:\Users\barad\AppData\Local\Temp\jna--1808697885\jna12886293357347049310.dll
0x00007ff8aab80000 - 0x00007ff8aab88000 	C:\WINDOWS\System32\PSAPI.DLL

JVMTI agents:
c:\Users\barad\.vscode\extensions\redhat.java-1.51.0-win32-x64\lombok\lombok-1.18.39-4050.jar path:c:\Users\barad\.vscode\extensions\redhat.java-1.51.0-win32-x64\jre\21.0.9-win32-x86_64\bin\instrument.dll, loaded, initialized, instrumentlib options:none

dbghelp: loaded successfully - version: 4.0.5 - missing functions: none
symbol engine: initialized successfully - sym options: 0x614 - pdb path: .;c:\Users\barad\.vscode\extensions\redhat.java-1.51.0-win32-x64\jre\21.0.9-win32-x86_64\bin;C:\WINDOWS\SYSTEM32;C:\WINDOWS\WinSxS\amd64_microsoft.windows.common-controls_6595b64144ccf1df_6.0.26100.7309_none_3e05feeae336a044;c:\Users\barad\.vscode\extensions\redhat.java-1.51.0-win32-x64\jre\21.0.9-win32-x86_64\bin\server;C:\Users\barad\AppData\Roaming\Code\User\globalStorage\redhat.java\1.51.0\config_ss_win\org.eclipse.equinox.launcher\org.eclipse.equinox.launcher.win32.win32.x86_64_1.2.1400.v20250801-0854;C:\Users\barad\AppData\Local\Temp\jna--1808697885

VM Arguments:
jvm_args: --add-modules=ALL-SYSTEM --add-opens=java.base/java.util=ALL-UNNAMED --add-opens=java.base/java.lang=ALL-UNNAMED --add-opens=java.base/sun.nio.fs=ALL-UNNAMED -Declipse.application=org.eclipse.jdt.ls.core.id1 -Dosgi.bundles.defaultStartLevel=4 -Declipse.product=org.eclipse.jdt.ls.core.product -Djava.import.generatesMetadataFilesAtProjectRoot=false -DDetectVMInstallationsJob.disabled=true -Dfile.encoding=utf8 -XX:+UseParallelGC -XX:GCTimeRatio=4 -XX:AdaptiveSizePolicyWeight=90 -Dsun.zip.disableMemoryMapping=true -Xmx2G -Xms100m -Xlog:disable -javaagent:c:\Users\barad\.vscode\extensions\redhat.java-1.51.0-win32-x64\lombok\lombok-1.18.39-4050.jar 
java_command: c:\Users\barad\.vscode\extensions\redhat.java-1.51.0-win32-x64\server\plugins\org.eclipse.equinox.launcher_1.7.100.v20251111-0406.jar -configuration c:\Users\barad\AppData\Roaming\Code\User\globalStorage\redhat.java\1.51.0\config_ss_win -data c:\Users\barad\AppData\Roaming\Code\User\workspaceStorage\bcdf091bb317d817909a013bb4221e1c\redhat.java\ss_ws --pipe=\\.\pipe\lsp-391d623e0cff2071dcb28e94ad931c76-sock
java_class_path (initial): c:\Users\barad\.vscode\extensions\redhat.java-1.51.0-win32-x64\server\plugins\org.eclipse.equinox.launcher_1.7.100.v20251111-0406.jar
Launcher Type: SUN_STANDARD

[Global flags]
    uintx AdaptiveSizePolicyWeight                 = 90                                        {product} {command line}
     intx CICompilerCount                          = 3                                         {product} {ergonomic}
    uintx GCTimeRatio                              = 4                                         {product} {command line}
   size_t InitialHeapSize                          = 104857600                                 {product} {command line}
   size_t MaxHeapSize                              = 2147483648                                {product} {command line}
   size_t MaxNewSize                               = 715653120                                 {product} {ergonomic}
   size_t MinHeapDeltaBytes                        = 524288                                    {product} {ergonomic}
   size_t MinHeapSize                              = 104857600                                 {product} {command line}
   size_t NewSize                                  = 34603008                                  {product} {ergonomic}
    uintx NonNMethodCodeHeapSize                   = 5832780                                {pd product} {ergonomic}
    uintx NonProfiledCodeHeapSize                  = 122912730                              {pd product} {ergonomic}
   size_t OldSize                                  = 70254592                                  {product} {ergonomic}
    uintx ProfiledCodeHeapSize                     = 122912730                              {pd product} {ergonomic}
    uintx ReservedCodeCacheSize                    = 251658240                              {pd product} {ergonomic}
     bool SegmentedCodeCache                       = true                                      {product} {ergonomic}
   size_t SoftMaxHeapSize                          = 2147483648                             {manageable} {ergonomic}
     bool UseCompressedOops                        = true                           {product lp64_product} {ergonomic}
     bool UseLargePagesIndividualAllocation        = false                                  {pd product} {ergonomic}
     bool UseParallelGC                            = true                                      {product} {command line}

Logging:
Log output configuration:
 #0: stdout all=off uptime,level,tags foldmultilines=false
 #1: stderr all=off uptime,level,tags foldmultilines=false

Release file:
JAVA_VERSION="21.0.9" 
MODULES="java.base java.compiler java.datatransfer java.xml java.prefs java.desktop java.instrument java.logging java.management java.security.sasl java.naming java.rmi java.management.rmi java.net.http java.scripting java.security.jgss java.transaction.xa java.sql java.sql.rowset java.xml.crypto java.se java.smartcardio jdk.accessibility jdk.internal.jvmstat jdk.attach jdk.charsets jdk.internal.opt jdk.zipfs jdk.compiler jdk.crypto.ec jdk.crypto.cryptoki jdk.crypto.mscapi jdk.dynalink jdk.internal.ed jdk.editpad jdk.hotspot.agent jdk.httpserver jdk.internal.le jdk.internal.vm.ci jdk.internal.vm.compiler jdk.internal.vm.compiler.management jdk.jartool jdk.javadoc jdk.jcmd jdk.management jdk.management.agent jdk.jconsole jdk.jdeps jdk.jdwp.agent jdk.jdi jdk.jfr jdk.jshell jdk.jsobject jdk.jstatd jdk.localedata jdk.management.jfr jdk.naming.dns jdk.naming.rmi jdk.net jdk.nio.mapmode jdk.random jdk.sctp jdk.security.auth jdk.security.jgss jdk.unsupported jdk.unsupported.desktop jdk.xml.dom" 

Environment Variables:
PATH=C:\Program Files\Common Files\Oracle\Java\javapath;C:\oraclexe\app\oracle\product\11.2.0\server\bin;;C:\ProgramData\Oracle\Java\javapath;C:\WINDOWS\system32;C:\WINDOWS;C:\WINDOWS\System32\Wbem;C:\WINDOWS\System32\WindowsPowerShell\v1.0\;C:\WINDOWS\System32\OpenSSH\;C:\Program Files\dotnet\;C:\Program Files (x86)\Common Files\Adobe\AGL;C:\Users\barad\AppData\Local\Programs\Python\Python314\Scripts\;C:\Users\barad\AppData\Local\Programs\Python\Python314\;C:\Users\barad\AppData\Local\Microsoft\WindowsApps;C:\Users\barad\AppData\Local\Programs\Microsoft VS Code\bin
USERNAME=kirtan barad
OS=Windows_NT
PROCESSOR_IDENTIFIER=Intel64 Family 6 Model 140 Stepping 1, GenuineIntel
TMP=C:\Users\barad\AppData\Local\Temp
TEMP=C:\Users\barad\AppData\Local\Temp




Periodic native trim disabled

---------------  S Y S T E M  ---------------

OS:
 Windows 11 , 64 bit Build 26100 (10.0.26100.7623)
OS uptime: 0 days 0:09 hours

CPU: total 4 (initial active 4) (2 cores per cpu, 2 threads per core) family 6 model 140 stepping 1 microcode 0xbc, cx8, cmov, fxsr, ht, mmx, 3dnowpref, sse, sse2, sse3, ssse3, sse4.1, sse4.2, popcnt, lzcnt, tsc, tscinvbit, avx, avx2, aes, erms, clmul, bmi1, bmi2, adx, avx512f, avx512dq, avx512cd, avx512bw, avx512vl, sha, fma, vzeroupper, avx512_vpopcntdq, avx512_vpclmulqdq, avx512_vaes, avx512_vnni, clflush, clflushopt, clwb, avx512_vbmi2, avx512_vbmi, rdtscp, rdpid, fsrm, gfni, avx512_bitalg, f16c, pku, cet_ibt, cet_ss, avx512_ifma
Processor Information for the first 4 processors :
  Max Mhz: 2995, Current Mhz: 2995, Mhz Limit: 2995

Memory: 4k page, system-wide physical 7926M (647M free)
TotalPageFile size 11764M (AvailPageFile size 1M)
current process WorkingSet (physical memory assigned to process): 144M, peak: 145M
current process commit charge ("private bytes"): 266M, peak: 267M

vm_info: OpenJDK 64-Bit Server VM (21.0.9+10-LTS) for windows-amd64 JRE (21.0.9+10-LTS), built on 2025-10-21T00:00:00Z by "admin" with unknown MS VC++:1942

END.
