#
# There is insufficient memory for the Java Runtime Environment to continue.
# Native memory allocation (malloc) failed to allocate 209104 bytes. Error detail: Chunk::new
# Possible reasons:
#   The system is out of physical RAM or swap space
#   This process is running with CompressedOops enabled, and the Java Heap may be blocking the growth of the native heap
# Possible solutions:
#   Reduce memory load on the system
#   Increase physical memory or swap space
#   Check if swap backing store is full
#   Decrease Java heap size (-Xmx/-Xms)
#   Decrease number of Java threads
#   Decrease Java thread stack sizes (-Xss)
#   Set larger code cache with -XX:ReservedCodeCacheSize=
#   JVM is running with Unscaled Compressed Oops mode in which the Java heap is
#     placed in the first 4GB address space. The Java Heap base address is the
#     maximum limit for the native heap growth. Please use -XX:HeapBaseMinAddress
#     to set the Java Heap base and to place the Java Heap above 4GB virtual address.
# This output file may be truncated or incomplete.
#
#  Out of Memory Error (arena.cpp:168), pid=16288, tid=16396
#
# JRE version: OpenJDK Runtime Environment Temurin-21.0.9+10 (21.0.9+10) (build 21.0.9+10-LTS)
# Java VM: OpenJDK 64-Bit Server VM Temurin-21.0.9+10 (21.0.9+10-LTS, mixed mode, sharing, tiered, compressed oops, compressed class ptrs, parallel gc, windows-amd64)
# No core dump will be written. Minidumps are not enabled by default on client versions of Windows
#

---------------  S U M M A R Y ------------

Command Line: --add-modules=ALL-SYSTEM --add-opens=java.base/java.util=ALL-UNNAMED --add-opens=java.base/java.lang=ALL-UNNAMED --add-opens=java.base/sun.nio.fs=ALL-UNNAMED -Declipse.application=org.eclipse.jdt.ls.core.id1 -Dosgi.bundles.defaultStartLevel=4 -Declipse.product=org.eclipse.jdt.ls.core.product -Djava.import.generatesMetadataFilesAtProjectRoot=false -DDetectVMInstallationsJob.disabled=true -Dfile.encoding=utf8 -XX:+UseParallelGC -XX:GCTimeRatio=4 -XX:AdaptiveSizePolicyWeight=90 -Dsun.zip.disableMemoryMapping=true -Xmx2G -Xms100m -Xlog:disable -javaagent:c:\Users\barad\.vscode\extensions\redhat.java-1.51.0-win32-x64\lombok\lombok-1.18.39-4050.jar -XX:+HeapDumpOnOutOfMemoryError -XX:HeapDumpPath=c:\Users\barad\AppData\Roaming\Code\User\workspaceStorage\bcdf091bb317d817909a013bb4221e1c\redhat.java -Daether.dependencyCollector.impl=bf c:\Users\barad\.vscode\extensions\redhat.java-1.51.0-win32-x64\server\plugins\org.eclipse.equinox.launcher_1.7.100.v20251111-0406.jar -configuration c:\Users\barad\AppData\Roaming\Code\User\globalStorage\redhat.java\1.51.0\config_win -data c:\Users\barad\AppData\Roaming\Code\User\workspaceStorage\bcdf091bb317d817909a013bb4221e1c\redhat.java\jdt_ws --pipe=\\.\pipe\lsp-ece1dcb8cac2195fd22b937dcfa700f5-sock

Host: 11th Gen Intel(R) Core(TM) i3-1115G4 @ 3.00GHz, 4 cores, 7G,  Windows 11 , 64 bit Build 26100 (10.0.26100.7623)
Time: Fri Jan 30 11:36:23 2026 India Standard Time elapsed time: 5.178266 seconds (0d 0h 0m 5s)

---------------  T H R E A D  ---------------

Current thread (0x000001a1ff4eb680):  JavaThread "C2 CompilerThread0" daemon [_thread_in_native, id=16396, stack(0x0000004b14800000,0x0000004b14900000) (1024K)]


Current CompileTask:
C2:5178 2122 %     4       org.eclipse.osgi.util.ManifestElement::readLine @ 0 (122 bytes)

Stack: [0x0000004b14800000,0x0000004b14900000]
Native frames: (J=compiled Java code, j=interpreted, Vv=VM code, C=native code)
V  [jvm.dll+0x6d6e29]
V  [jvm.dll+0x8b4b76]
V  [jvm.dll+0x8b712e]
V  [jvm.dll+0x8b7813]
V  [jvm.dll+0x283d86]
V  [jvm.dll+0xc66ed]
V  [jvm.dll+0xc6c31]
V  [jvm.dll+0x3be53b]
V  [jvm.dll+0x1e39b4]
V  [jvm.dll+0x24c0f3]
V  [jvm.dll+0x24b580]
V  [jvm.dll+0x1cb13e]
V  [jvm.dll+0x25b29d]
V  [jvm.dll+0x25982a]
V  [jvm.dll+0x3f7ea6]
V  [jvm.dll+0x85e9ad]
V  [jvm.dll+0x6d565d]
C  [ucrtbase.dll+0x37b0]
C  [KERNEL32.DLL+0x2e8d7]
C  [ntdll.dll+0x8c53c]


---------------  P R O C E S S  ---------------

Threads class SMR info:
_java_thread_list=0x000001a1d0b76430, length=15, elements={
0x000001a1f7aedf90, 0x000001a1ff4d4e90, 0x000001a1ff4d74b0, 0x000001a1ff4dbe00,
0x000001a1ff4dccb0, 0x000001a1ff4e7df0, 0x000001a1ff4e8840, 0x000001a1ff4eb680,
0x000001a1ff55bc90, 0x000001a1d038d3c0, 0x000001a1d07e16c0, 0x000001a1d0c1d300,
0x000001a1d0c70580, 0x000001a1d0c46110, 0x000001a1d0c46770
}

Java Threads: ( => current thread )
  0x000001a1f7aedf90 JavaThread "main"                              [_thread_blocked, id=2756, stack(0x0000004b13e00000,0x0000004b13f00000) (1024K)]
  0x000001a1ff4d4e90 JavaThread "Reference Handler"          daemon [_thread_blocked, id=17372, stack(0x0000004b14200000,0x0000004b14300000) (1024K)]
  0x000001a1ff4d74b0 JavaThread "Finalizer"                  daemon [_thread_blocked, id=15976, stack(0x0000004b14300000,0x0000004b14400000) (1024K)]
  0x000001a1ff4dbe00 JavaThread "Signal Dispatcher"          daemon [_thread_blocked, id=6348, stack(0x0000004b14400000,0x0000004b14500000) (1024K)]
  0x000001a1ff4dccb0 JavaThread "Attach Listener"            daemon [_thread_blocked, id=5584, stack(0x0000004b14500000,0x0000004b14600000) (1024K)]
  0x000001a1ff4e7df0 JavaThread "Service Thread"             daemon [_thread_blocked, id=18068, stack(0x0000004b14600000,0x0000004b14700000) (1024K)]
  0x000001a1ff4e8840 JavaThread "Monitor Deflation Thread"   daemon [_thread_blocked, id=9724, stack(0x0000004b14700000,0x0000004b14800000) (1024K)]
=>0x000001a1ff4eb680 JavaThread "C2 CompilerThread0"         daemon [_thread_in_native, id=16396, stack(0x0000004b14800000,0x0000004b14900000) (1024K)]
  0x000001a1ff55bc90 JavaThread "C1 CompilerThread0"         daemon [_thread_blocked, id=17128, stack(0x0000004b14900000,0x0000004b14a00000) (1024K)]
  0x000001a1d038d3c0 JavaThread "Common-Cleaner"             daemon [_thread_blocked, id=17860, stack(0x0000004b14a00000,0x0000004b14b00000) (1024K)]
  0x000001a1d07e16c0 JavaThread "Notification Thread"        daemon [_thread_blocked, id=11852, stack(0x0000004b14b00000,0x0000004b14c00000) (1024K)]
  0x000001a1d0c1d300 JavaThread "Active Thread: Equinox Container: 6909eff7-8e7b-4efd-80bf-3b68f18914a1"        [_thread_blocked, id=14708, stack(0x0000004b15000000,0x0000004b15100000) (1024K)]
  0x000001a1d0c70580 JavaThread "Refresh Thread: Equinox Container: 6909eff7-8e7b-4efd-80bf-3b68f18914a1" daemon [_thread_blocked, id=19028, stack(0x0000004b15100000,0x0000004b15200000) (1024K)]
  0x000001a1d0c46110 JavaThread "Framework Event Dispatcher: Equinox Container: 6909eff7-8e7b-4efd-80bf-3b68f18914a1" daemon [_thread_blocked, id=16848, stack(0x0000004b14f00000,0x0000004b15000000) (1024K)]
  0x000001a1d0c46770 JavaThread "Start Level: Equinox Container: 6909eff7-8e7b-4efd-80bf-3b68f18914a1" daemon [_thread_in_native, id=7188, stack(0x0000004b15200000,0x0000004b15300000) (1024K)]
Total: 15

Other Threads:
  0x000001a1f7baac80 VMThread "VM Thread"                           [id=8776, stack(0x0000004b14100000,0x0000004b14200000) (1024K)]
  0x000001a1f7b58fa0 WatcherThread "VM Periodic Task Thread"        [id=2752, stack(0x0000004b14000000,0x0000004b14100000) (1024K)]
  0x000001a1f7b0c600 WorkerThread "GC Thread#0"                     [id=7968, stack(0x0000004b13f00000,0x0000004b14000000) (1024K)]
  0x000001a1d068f7b0 WorkerThread "GC Thread#1"                     [id=13824, stack(0x0000004b14c00000,0x0000004b14d00000) (1024K)]
  0x000001a1d07e3ef0 WorkerThread "GC Thread#2"                     [id=6664, stack(0x0000004b14d00000,0x0000004b14e00000) (1024K)]
  0x000001a1d07e4290 WorkerThread "GC Thread#3"                     [id=12496, stack(0x0000004b14e00000,0x0000004b14f00000) (1024K)]
Total: 6

Threads with active compile tasks:
C2 CompilerThread0  5203 2122 %     4       org.eclipse.osgi.util.ManifestElement::readLine @ 0 (122 bytes)
Total: 1

VM state: not at safepoint (normal execution)

VM Mutex/Monitor currently owned by a thread: None

Heap address: 0x0000000080000000, size: 2048 MB, Compressed Oops mode: 32-bit

CDS archive(s) mapped at: [0x000001a18f000000-0x000001a18fba0000-0x000001a18fba0000), size 12189696, SharedBaseAddress: 0x000001a18f000000, ArchiveRelocationMode: 1.
Compressed class space mapped at: 0x000001a190000000-0x000001a1d0000000, reserved size: 1073741824
Narrow klass base: 0x000001a18f000000, Narrow klass shift: 0, Narrow klass range: 0x100000000

GC Precious Log:
 CardTable entry size: 512
 CPUs: 4 total, 4 available
 Memory: 7926M
 Large Page Support: Disabled
 NUMA Support: Disabled
 Compressed Oops: Enabled (32-bit)
 Alignments: Space 512K, Generation 512K, Heap 2M
 Heap Min Capacity: 100M
 Heap Initial Capacity: 100M
 Heap Max Capacity: 2G
 Pre-touch: Disabled
 Parallel Workers: 4

Heap:
 PSYoungGen      total 29696K, used 26820K [0x00000000d5580000, 0x00000000d7680000, 0x0000000100000000)
  eden space 25600K, 88% used [0x00000000d5580000,0x00000000d6bb3488,0x00000000d6e80000)
  from space 4096K, 99% used [0x00000000d7280000,0x00000000d767dea8,0x00000000d7680000)
  to   space 4096K, 0% used [0x00000000d6e80000,0x00000000d6e80000,0x00000000d7280000)
 ParOldGen       total 68608K, used 2008K [0x0000000080000000, 0x0000000084300000, 0x00000000d5580000)
  object space 68608K, 2% used [0x0000000080000000,0x00000000801f6020,0x0000000084300000)
 Metaspace       used 9414K, committed 9728K, reserved 1114112K
  class space    used 1008K, committed 1152K, reserved 1048576K

Card table byte_map: [0x000001a1f74c0000,0x000001a1f78d0000] _byte_map_base: 0x000001a1f70c0000

Marking Bits: (ParMarkBitMap*) 0x00007fffe9b62460
 Begin Bits: [0x000001a1fafa0000, 0x000001a1fcfa0000)
 End Bits:   [0x000001a1fcfa0000, 0x000001a1fefa0000)

Polling page: 0x000001a1f72b0000

Metaspace:

Usage:
  Non-class:      8.21 MB used.
      Class:   1008.70 KB used.
       Both:      9.19 MB used.

Virtual space:
  Non-class space:       64.00 MB reserved,       8.38 MB ( 13%) committed,  1 nodes.
      Class space:        1.00 GB reserved,       1.12 MB ( <1%) committed,  1 nodes.
             Both:        1.06 GB reserved,       9.50 MB ( <1%) committed. 

Chunk freelists:
   Non-Class:  6.81 MB
       Class:  14.79 MB
        Both:  21.60 MB

MaxMetaspaceSize: unlimited
CompressedClassSpaceSize: 1.00 GB
Initial GC threshold: 21.00 MB
Current GC threshold: 21.00 MB
CDS: on
 - commit_granule_bytes: 65536.
 - commit_granule_words: 8192.
 - virtual_space_node_default_size: 8388608.
 - enlarge_chunks_in_place: 1.
 - use_allocation_guard: 0.


Internal statistics:

num_allocs_failed_limit: 0.
num_arena_births: 256.
num_arena_deaths: 0.
num_vsnodes_births: 2.
num_vsnodes_deaths: 0.
num_space_committed: 152.
num_space_uncommitted: 0.
num_chunks_returned_to_freelist: 0.
num_chunks_taken_from_freelist: 512.
num_chunk_merges: 0.
num_chunk_splits: 320.
num_chunks_enlarged: 211.
num_inconsistent_stats: 0.

CodeHeap 'non-profiled nmethods': size=120000Kb used=974Kb max_used=974Kb free=119025Kb
 bounds [0x000001a187ad0000, 0x000001a187d40000, 0x000001a18f000000]
CodeHeap 'profiled nmethods': size=120000Kb used=3916Kb max_used=3916Kb free=116083Kb
 bounds [0x000001a180000000, 0x000001a1803e0000, 0x000001a187530000]
CodeHeap 'non-nmethods': size=5760Kb used=1240Kb max_used=1260Kb free=4520Kb
 bounds [0x000001a187530000, 0x000001a1877a0000, 0x000001a187ad0000]
CodeCache: size=245760Kb, used=6130Kb, max_used=6150Kb, free=239628Kb
 total_blobs=2632, nmethods=2139, adapters=399, full_count=0
Compilation: enabled, stopped_count=0, restarted_count=0

Compilation events (20 events):
Event: 4.519 Thread 0x000001a1ff55bc90 nmethod 2129 0x000001a1803cd810 code [0x000001a1803cd9c0, 0x000001a1803cdb98]
Event: 4.520 Thread 0x000001a1ff55bc90 2130       3       org.eclipse.osgi.framework.util.CaseInsensitiveDictionaryMap$KeyIterator::hasNext (10 bytes)
Event: 4.520 Thread 0x000001a1ff55bc90 nmethod 2130 0x000001a1803cdc90 code [0x000001a1803cde40, 0x000001a1803ce018]
Event: 4.520 Thread 0x000001a1ff55bc90 2132   !   3       org.eclipse.osgi.storage.BundleInfo$Generation::getRevision (17 bytes)
Event: 4.520 Thread 0x000001a1ff55bc90 nmethod 2132 0x000001a1803ce110 code [0x000001a1803ce2c0, 0x000001a1803ce4c0]
Event: 4.521 Thread 0x000001a1ff55bc90 2133       3       org.eclipse.osgi.storage.BundleInfo$CachedManifest::get (6 bytes)
Event: 4.521 Thread 0x000001a1ff55bc90 nmethod 2133 0x000001a1803ce590 code [0x000001a1803ce740, 0x000001a1803ce898]
Event: 4.521 Thread 0x000001a1ff55bc90 2134       3       org.eclipse.osgi.storage.BundleInfo$CachedManifest::get (120 bytes)
Event: 4.601 Thread 0x000001a1ff55bc90 nmethod 2134 0x000001a1803ce990 code [0x000001a1803ced00, 0x000001a1803d00a8]
Event: 4.601 Thread 0x000001a1ff55bc90 2136       3       org.eclipse.osgi.framework.util.CaseInsensitiveDictionaryMap$EntryIterator::hasNext (10 bytes)
Event: 4.602 Thread 0x000001a1ff55bc90 nmethod 2136 0x000001a1803d0890 code [0x000001a1803d0a40, 0x000001a1803d0c18]
Event: 4.602 Thread 0x000001a1ff55bc90 2135       3       org.eclipse.osgi.framework.util.CaseInsensitiveDictionaryMap$KeyIterator::next (27 bytes)
Event: 4.602 Thread 0x000001a1ff55bc90 nmethod 2135 0x000001a1803d0d10 code [0x000001a1803d0ee0, 0x000001a1803d12d0]
Event: 4.616 Thread 0x000001a1ff55bc90 2137       3       org.eclipse.osgi.framework.util.CaseInsensitiveDictionaryMap$CaseInsentiveEntry::getValue (10 bytes)
Event: 4.616 Thread 0x000001a1ff55bc90 nmethod 2137 0x000001a1803d1410 code [0x000001a1803d15c0, 0x000001a1803d1798]
Event: 4.620 Thread 0x000001a1d09e93c0 nmethod 2113 0x000001a187bc1290 code [0x000001a187bc1540, 0x000001a187bc2808]
Event: 4.620 Thread 0x000001a1d09e93c0 2131       4       java.lang.Object::equals (11 bytes)
Event: 4.620 Thread 0x000001a1d09e93c0 nmethod 2131 0x000001a187bc3090 code [0x000001a187bc3220, 0x000001a187bc32b0]
Event: 4.811 Thread 0x000001a1d09e93c0 2138       4       java.lang.CharacterDataLatin1::isWhitespace (23 bytes)
Event: 4.813 Thread 0x000001a1d09e93c0 nmethod 2138 0x000001a187bc3390 code [0x000001a187bc3520, 0x000001a187bc35f0]

GC Heap History (4 events):
Event: 2.384 GC heap before
{Heap before GC invocations=1 (full 0):
 PSYoungGen      total 29696K, used 25600K [0x00000000d5580000, 0x00000000d7680000, 0x0000000100000000)
  eden space 25600K, 100% used [0x00000000d5580000,0x00000000d6e80000,0x00000000d6e80000)
  from space 4096K, 0% used [0x00000000d7280000,0x00000000d7280000,0x00000000d7680000)
  to   space 4096K, 0% used [0x00000000d6e80000,0x00000000d6e80000,0x00000000d7280000)
 ParOldGen       total 68608K, used 0K [0x0000000080000000, 0x0000000084300000, 0x00000000d5580000)
  object space 68608K, 0% used [0x0000000080000000,0x0000000080000000,0x0000000084300000)
 Metaspace       used 4388K, committed 4608K, reserved 1114112K
  class space    used 474K, committed 576K, reserved 1048576K
}
Event: 2.393 GC heap after
{Heap after GC invocations=1 (full 0):
 PSYoungGen      total 29696K, used 3312K [0x00000000d5580000, 0x00000000d7680000, 0x0000000100000000)
  eden space 25600K, 0% used [0x00000000d5580000,0x00000000d5580000,0x00000000d6e80000)
  from space 4096K, 80% used [0x00000000d6e80000,0x00000000d71bc148,0x00000000d7280000)
  to   space 4096K, 0% used [0x00000000d7280000,0x00000000d7280000,0x00000000d7680000)
 ParOldGen       total 68608K, used 8K [0x0000000080000000, 0x0000000084300000, 0x00000000d5580000)
  object space 68608K, 0% used [0x0000000080000000,0x0000000080002000,0x0000000084300000)
 Metaspace       used 4388K, committed 4608K, reserved 1114112K
  class space    used 474K, committed 576K, reserved 1048576K
}
Event: 3.771 GC heap before
{Heap before GC invocations=2 (full 0):
 PSYoungGen      total 29696K, used 28912K [0x00000000d5580000, 0x00000000d7680000, 0x0000000100000000)
  eden space 25600K, 100% used [0x00000000d5580000,0x00000000d6e80000,0x00000000d6e80000)
  from space 4096K, 80% used [0x00000000d6e80000,0x00000000d71bc148,0x00000000d7280000)
  to   space 4096K, 0% used [0x00000000d7280000,0x00000000d7280000,0x00000000d7680000)
 ParOldGen       total 68608K, used 8K [0x0000000080000000, 0x0000000084300000, 0x00000000d5580000)
  object space 68608K, 0% used [0x0000000080000000,0x0000000080002000,0x0000000084300000)
 Metaspace       used 8018K, committed 8320K, reserved 1114112K
  class space    used 837K, committed 960K, reserved 1048576K
}
Event: 3.779 GC heap after
{Heap after GC invocations=2 (full 0):
 PSYoungGen      total 29696K, used 4087K [0x00000000d5580000, 0x00000000d7680000, 0x0000000100000000)
  eden space 25600K, 0% used [0x00000000d5580000,0x00000000d5580000,0x00000000d6e80000)
  from space 4096K, 99% used [0x00000000d7280000,0x00000000d767dea8,0x00000000d7680000)
  to   space 4096K, 0% used [0x00000000d6e80000,0x00000000d6e80000,0x00000000d7280000)
 ParOldGen       total 68608K, used 2008K [0x0000000080000000, 0x0000000084300000, 0x00000000d5580000)
  object space 68608K, 2% used [0x0000000080000000,0x00000000801f6020,0x0000000084300000)
 Metaspace       used 8018K, committed 8320K, reserved 1114112K
  class space    used 837K, committed 960K, reserved 1048576K
}

Dll operation events (9 events):
Event: 0.036 Loaded shared library c:\Users\barad\.vscode\extensions\redhat.java-1.51.0-win32-x64\jre\21.0.9-win32-x86_64\bin\java.dll
Event: 0.207 Loaded shared library c:\Users\barad\.vscode\extensions\redhat.java-1.51.0-win32-x64\jre\21.0.9-win32-x86_64\bin\zip.dll
Event: 0.251 Loaded shared library C:\Users\barad\.vscode\extensions\redhat.java-1.51.0-win32-x64\jre\21.0.9-win32-x86_64\bin\instrument.dll
Event: 0.266 Loaded shared library C:\Users\barad\.vscode\extensions\redhat.java-1.51.0-win32-x64\jre\21.0.9-win32-x86_64\bin\net.dll
Event: 0.270 Loaded shared library C:\Users\barad\.vscode\extensions\redhat.java-1.51.0-win32-x64\jre\21.0.9-win32-x86_64\bin\nio.dll
Event: 0.286 Loaded shared library C:\Users\barad\.vscode\extensions\redhat.java-1.51.0-win32-x64\jre\21.0.9-win32-x86_64\bin\zip.dll
Event: 0.354 Loaded shared library C:\Users\barad\.vscode\extensions\redhat.java-1.51.0-win32-x64\jre\21.0.9-win32-x86_64\bin\jimage.dll
Event: 0.649 Loaded shared library c:\Users\barad\.vscode\extensions\redhat.java-1.51.0-win32-x64\jre\21.0.9-win32-x86_64\bin\verify.dll
Event: 3.900 Loading shared library C:\Users\barad\AppData\Roaming\Code\User\globalStorage\redhat.java\1.51.0\config_win\org.eclipse.equinox.launcher\org.eclipse.equinox.launcher.win32.win32.x86_64_1.2.1400.v20250801-0854\eclipse_11916.dll failed, error code 1455

Deoptimization events (20 events):
Event: 4.436 Thread 0x000001a1d0c46770 Uncommon trap: trap_request=0xffffff45 fr.pc=0x000001a187b84fc8 relative=0x00000000000009e8
Event: 4.436 Thread 0x000001a1d0c46770 Uncommon trap: reason=unstable_if action=reinterpret pc=0x000001a187b84fc8 method=java.util.concurrent.ConcurrentHashMap.putVal(Ljava/lang/Object;Ljava/lang/Object;Z)Ljava/lang/Object; @ 148 c2
Event: 4.436 Thread 0x000001a1d0c46770 DEOPT PACKING pc=0x000001a187b84fc8 sp=0x0000004b152fe6c0
Event: 4.436 Thread 0x000001a1d0c46770 DEOPT UNPACKING pc=0x000001a187586da2 sp=0x0000004b152fe630 mode 2
Event: 4.520 Thread 0x000001a1d0c46770 Uncommon trap: trap_request=0xffffffde fr.pc=0x000001a187bb04e4 relative=0x0000000000000304
Event: 4.520 Thread 0x000001a1d0c46770 Uncommon trap: reason=class_check action=maybe_recompile pc=0x000001a187bb04e4 method=java.util.regex.Pattern$BmpCharPropertyGreedy.match(Ljava/util/regex/Matcher;ILjava/lang/CharSequence;)Z @ 26 c2
Event: 4.520 Thread 0x000001a1d0c46770 DEOPT PACKING pc=0x000001a187bb04e4 sp=0x0000004b152fdb90
Event: 4.520 Thread 0x000001a1d0c46770 DEOPT UNPACKING pc=0x000001a187586da2 sp=0x0000004b152fdb48 mode 2
Event: 4.520 Thread 0x000001a1d0c46770 Uncommon trap: trap_request=0xffffffde fr.pc=0x000001a187bb04e4 relative=0x0000000000000304
Event: 4.520 Thread 0x000001a1d0c46770 Uncommon trap: reason=class_check action=maybe_recompile pc=0x000001a187bb04e4 method=java.util.regex.Pattern$BmpCharPropertyGreedy.match(Ljava/util/regex/Matcher;ILjava/lang/CharSequence;)Z @ 26 c2
Event: 4.520 Thread 0x000001a1d0c46770 DEOPT PACKING pc=0x000001a187bb04e4 sp=0x0000004b152fda90
Event: 4.520 Thread 0x000001a1d0c46770 DEOPT UNPACKING pc=0x000001a187586da2 sp=0x0000004b152fda28 mode 2
Event: 4.520 Thread 0x000001a1d0c46770 Uncommon trap: trap_request=0xffffffde fr.pc=0x000001a187bb04e4 relative=0x0000000000000304
Event: 4.520 Thread 0x000001a1d0c46770 Uncommon trap: reason=class_check action=maybe_recompile pc=0x000001a187bb04e4 method=java.util.regex.Pattern$BmpCharPropertyGreedy.match(Ljava/util/regex/Matcher;ILjava/lang/CharSequence;)Z @ 26 c2
Event: 4.520 Thread 0x000001a1d0c46770 DEOPT PACKING pc=0x000001a187bb04e4 sp=0x0000004b152fdb90
Event: 4.520 Thread 0x000001a1d0c46770 DEOPT UNPACKING pc=0x000001a187586da2 sp=0x0000004b152fdb48 mode 2
Event: 4.520 Thread 0x000001a1d0c46770 Uncommon trap: trap_request=0xffffffde fr.pc=0x000001a187bb04e4 relative=0x0000000000000304
Event: 4.520 Thread 0x000001a1d0c46770 Uncommon trap: reason=class_check action=maybe_recompile pc=0x000001a187bb04e4 method=java.util.regex.Pattern$BmpCharPropertyGreedy.match(Ljava/util/regex/Matcher;ILjava/lang/CharSequence;)Z @ 26 c2
Event: 4.520 Thread 0x000001a1d0c46770 DEOPT PACKING pc=0x000001a187bb04e4 sp=0x0000004b152fda90
Event: 4.520 Thread 0x000001a1d0c46770 DEOPT UNPACKING pc=0x000001a187586da2 sp=0x0000004b152fda28 mode 2

Classes loaded (20 events):
Event: 4.397 Loading class sun/util/logging/resources/logging_en_IN
Event: 4.397 Loading class sun/util/logging/resources/logging_en_IN done
Event: 4.399 Loading class java/util/Formatter$DateTime
Event: 4.399 Loading class java/util/Formatter$DateTime done
Event: 4.399 Loading class java/util/Formatter$FixedString
Event: 4.399 Loading class java/util/Formatter$FixedString done
Event: 4.399 Loading class java/time/ZonedDateTime$1
Event: 4.399 Loading class java/time/ZonedDateTime$1 done
Event: 4.403 Loading class jdk/internal/module/ModulePatcher$PatchedModuleReader
Event: 4.403 Loading class jdk/internal/module/ModulePatcher$PatchedModuleReader done
Event: 4.412 Loading class sun/util/resources/LocaleData$CommonResourceBundleProvider
Event: 4.412 Loading class sun/util/resources/LocaleData$LocaleDataResourceBundleProvider
Event: 4.412 Loading class java/util/spi/ResourceBundleProvider
Event: 4.412 Loading class java/util/spi/ResourceBundleProvider done
Event: 4.412 Loading class sun/util/resources/LocaleData$LocaleDataResourceBundleProvider done
Event: 4.412 Loading class sun/util/resources/LocaleData$CommonResourceBundleProvider done
Event: 4.415 Loading class sun/text/resources/cldr/FormatData_en
Event: 4.415 Loading class sun/text/resources/cldr/FormatData_en done
Event: 4.416 Loading class sun/util/resources/Bundles$2
Event: 4.416 Loading class sun/util/resources/Bundles$2 done

Classes unloaded (0 events):
No events

Classes redefined (0 events):
No events

Internal exceptions (20 events):
Event: 4.159 Thread 0x000001a1d0c46770 Exception <a 'java/lang/NoSuchMethodError'{0x00000000d5c2cd78}: 'java.lang.Object java.lang.invoke.DirectMethodHandle$Holder.newInvokeSpecial(java.lang.Object, java.lang.Object, int, java.lang.Object)'> (0x00000000d5c2cd78) 
thrown [s\src\hotspot\share\interpreter\linkResolver.cpp, line 773]
Event: 4.159 Thread 0x000001a1d0c46770 Exception <a 'java/lang/NoSuchMethodError'{0x00000000d5c30ba8}: 'java.lang.Object java.lang.invoke.DirectMethodHandle$Holder.invokeSpecial(java.lang.Object, java.lang.Object, java.lang.Object, int, java.lang.Object)'> (0x00000000d5c30ba8) 
thrown [s\src\hotspot\share\interpreter\linkResolver.cpp, line 773]
Event: 4.176 Thread 0x000001a1d0c46770 Exception <a 'java/lang/NoClassDefFoundError'{0x00000000d5cd7d70}: jakarta/servlet/ServletContainerInitializer> (0x00000000d5cd7d70) 
thrown [s\src\hotspot\share\classfile\systemDictionary.cpp, line 301]
Event: 4.210 Thread 0x000001a1f7aedf90 Exception <a 'java/lang/UnsatisfiedLinkError'{0x00000000d55b0e58}: 'void org.eclipse.equinox.launcher.JNIBridge._update_splash()'> (0x00000000d55b0e58) 
thrown [s\src\hotspot\share\prims\nativeLookup.cpp, line 415]
Event: 4.272 Thread 0x000001a1f7aedf90 Exception <a 'java/lang/UnsatisfiedLinkError'{0x00000000d55b1358}: 'void org.eclipse.equinox.launcher.JNIBridge._update_splash()'> (0x00000000d55b1358) 
thrown [s\src\hotspot\share\prims\nativeLookup.cpp, line 415]
Event: 4.335 Thread 0x000001a1f7aedf90 Exception <a 'java/lang/UnsatisfiedLinkError'{0x00000000d55b1858}: 'void org.eclipse.equinox.launcher.JNIBridge._update_splash()'> (0x00000000d55b1858) 
thrown [s\src\hotspot\share\prims\nativeLookup.cpp, line 415]
Event: 4.394 Thread 0x000001a1d0c46770 Exception <a 'java/lang/ClassNotFoundException'{0x00000000d5e2baa8}: sun/util/logging/resources/spi/loggingProvider> (0x00000000d5e2baa8) 
thrown [s\src\hotspot\share\classfile\systemDictionary.cpp, line 312]
Event: 4.398 Thread 0x000001a1f7aedf90 Exception <a 'java/lang/UnsatisfiedLinkError'{0x00000000d55b1d58}: 'void org.eclipse.equinox.launcher.JNIBridge._update_splash()'> (0x00000000d55b1d58) 
thrown [s\src\hotspot\share\prims\nativeLookup.cpp, line 415]
Event: 4.460 Thread 0x000001a1f7aedf90 Exception <a 'java/lang/UnsatisfiedLinkError'{0x00000000d55b2258}: 'void org.eclipse.equinox.launcher.JNIBridge._update_splash()'> (0x00000000d55b2258) 
thrown [s\src\hotspot\share\prims\nativeLookup.cpp, line 415]
Event: 4.522 Thread 0x000001a1f7aedf90 Exception <a 'java/lang/UnsatisfiedLinkError'{0x00000000d55b2758}: 'void org.eclipse.equinox.launcher.JNIBridge._update_splash()'> (0x00000000d55b2758) 
thrown [s\src\hotspot\share\prims\nativeLookup.cpp, line 415]
Event: 4.585 Thread 0x000001a1f7aedf90 Exception <a 'java/lang/UnsatisfiedLinkError'{0x00000000d55b2c58}: 'void org.eclipse.equinox.launcher.JNIBridge._update_splash()'> (0x00000000d55b2c58) 
thrown [s\src\hotspot\share\prims\nativeLookup.cpp, line 415]
Event: 4.648 Thread 0x000001a1f7aedf90 Exception <a 'java/lang/UnsatisfiedLinkError'{0x00000000d55b3158}: 'void org.eclipse.equinox.launcher.JNIBridge._update_splash()'> (0x00000000d55b3158) 
thrown [s\src\hotspot\share\prims\nativeLookup.cpp, line 415]
Event: 4.712 Thread 0x000001a1f7aedf90 Exception <a 'java/lang/UnsatisfiedLinkError'{0x00000000d55b3658}: 'void org.eclipse.equinox.launcher.JNIBridge._update_splash()'> (0x00000000d55b3658) 
thrown [s\src\hotspot\share\prims\nativeLookup.cpp, line 415]
Event: 4.777 Thread 0x000001a1f7aedf90 Exception <a 'java/lang/UnsatisfiedLinkError'{0x00000000d55b3b58}: 'void org.eclipse.equinox.launcher.JNIBridge._update_splash()'> (0x00000000d55b3b58) 
thrown [s\src\hotspot\share\prims\nativeLookup.cpp, line 415]
Event: 4.839 Thread 0x000001a1f7aedf90 Exception <a 'java/lang/UnsatisfiedLinkError'{0x00000000d55b4058}: 'void org.eclipse.equinox.launcher.JNIBridge._update_splash()'> (0x00000000d55b4058) 
thrown [s\src\hotspot\share\prims\nativeLookup.cpp, line 415]
Event: 4.901 Thread 0x000001a1f7aedf90 Exception <a 'java/lang/UnsatisfiedLinkError'{0x00000000d55b4558}: 'void org.eclipse.equinox.launcher.JNIBridge._update_splash()'> (0x00000000d55b4558) 
thrown [s\src\hotspot\share\prims\nativeLookup.cpp, line 415]
Event: 4.963 Thread 0x000001a1f7aedf90 Exception <a 'java/lang/UnsatisfiedLinkError'{0x00000000d55b4a58}: 'void org.eclipse.equinox.launcher.JNIBridge._update_splash()'> (0x00000000d55b4a58) 
thrown [s\src\hotspot\share\prims\nativeLookup.cpp, line 415]
Event: 5.029 Thread 0x000001a1f7aedf90 Exception <a 'java/lang/UnsatisfiedLinkError'{0x00000000d55b4f58}: 'void org.eclipse.equinox.launcher.JNIBridge._update_splash()'> (0x00000000d55b4f58) 
thrown [s\src\hotspot\share\prims\nativeLookup.cpp, line 415]
Event: 5.087 Thread 0x000001a1f7aedf90 Exception <a 'java/lang/UnsatisfiedLinkError'{0x00000000d55b5458}: 'void org.eclipse.equinox.launcher.JNIBridge._update_splash()'> (0x00000000d55b5458) 
thrown [s\src\hotspot\share\prims\nativeLookup.cpp, line 415]
Event: 5.150 Thread 0x000001a1f7aedf90 Exception <a 'java/lang/UnsatisfiedLinkError'{0x00000000d55b5958}: 'void org.eclipse.equinox.launcher.JNIBridge._update_splash()'> (0x00000000d55b5958) 
thrown [s\src\hotspot\share\prims\nativeLookup.cpp, line 415]

ZGC Phase Switch (0 events):
No events

VM Operations (20 events):
Event: 3.398 Executing VM operation: Cleanup
Event: 3.398 Executing VM operation: Cleanup done
Event: 3.522 Executing VM operation: HandshakeAllThreads (Deoptimize)
Event: 3.522 Executing VM operation: HandshakeAllThreads (Deoptimize) done
Event: 3.533 Executing VM operation: HandshakeAllThreads (Deoptimize)
Event: 3.533 Executing VM operation: HandshakeAllThreads (Deoptimize) done
Event: 3.565 Executing VM operation: HandshakeAllThreads (Deoptimize)
Event: 3.565 Executing VM operation: HandshakeAllThreads (Deoptimize) done
Event: 3.572 Executing VM operation: HandshakeAllThreads (Deoptimize)
Event: 3.572 Executing VM operation: HandshakeAllThreads (Deoptimize) done
Event: 3.771 Executing VM operation: ParallelGCFailedAllocation (Allocation Failure)
Event: 3.779 Executing VM operation: ParallelGCFailedAllocation (Allocation Failure) done
Event: 4.379 Executing VM operation: HandshakeAllThreads (Deoptimize)
Event: 4.379 Executing VM operation: HandshakeAllThreads (Deoptimize) done
Event: 4.403 Executing VM operation: HandshakeAllThreads (Deoptimize)
Event: 4.403 Executing VM operation: HandshakeAllThreads (Deoptimize) done
Event: 4.422 Executing VM operation: HandshakeAllThreads (Deoptimize)
Event: 4.422 Executing VM operation: HandshakeAllThreads (Deoptimize) done
Event: 4.436 Executing VM operation: HandshakeAllThreads (Deoptimize)
Event: 4.436 Executing VM operation: HandshakeAllThreads (Deoptimize) done

Memory protections (0 events):
No events

Nmethod flushes (0 events):
No events

Events (20 events):
Event: 0.085 Thread 0x000001a1f7aedf90 Thread added: 0x000001a1ff4d74b0
Event: 0.085 Thread 0x000001a1f7aedf90 Thread added: 0x000001a1ff4dbe00
Event: 0.085 Thread 0x000001a1f7aedf90 Thread added: 0x000001a1ff4dccb0
Event: 0.086 Thread 0x000001a1f7aedf90 Thread added: 0x000001a1ff4e7df0
Event: 0.086 Thread 0x000001a1f7aedf90 Thread added: 0x000001a1ff4e8840
Event: 0.086 Thread 0x000001a1f7aedf90 Thread added: 0x000001a1ff4eb680
Event: 0.092 Thread 0x000001a1f7aedf90 Thread added: 0x000001a1ff55bc90
Event: 0.255 Thread 0x000001a1f7aedf90 Thread added: 0x000001a1d038d3c0
Event: 1.051 Thread 0x000001a1f7aedf90 Thread added: 0x000001a1d07e16c0
Event: 1.224 Thread 0x000001a1ff55bc90 Thread added: 0x000001a1d0605650
Event: 2.299 Thread 0x000001a1d0605650 Thread exited: 0x000001a1d0605650
Event: 2.640 Thread 0x000001a1ff55bc90 Thread added: 0x000001a1d0c68180
Event: 2.796 Thread 0x000001a1d0c68180 Thread exited: 0x000001a1d0c68180
Event: 3.422 Thread 0x000001a1ff55bc90 Thread added: 0x000001a1d064bbe0
Event: 3.512 Thread 0x000001a1f7aedf90 Thread added: 0x000001a1d0c1d300
Event: 3.781 Thread 0x000001a1f7aedf90 Thread added: 0x000001a1d0c70580
Event: 3.931 Thread 0x000001a1d064bbe0 Thread exited: 0x000001a1d064bbe0
Event: 3.962 Thread 0x000001a1d0c70580 Thread added: 0x000001a1d0c46110
Event: 3.965 Thread 0x000001a1f7aedf90 Thread added: 0x000001a1d0c46770
Event: 4.445 Thread 0x000001a1ff55bc90 Thread added: 0x000001a1d09e93c0


Dynamic libraries:
0x00007ff6e0fd0000 - 0x00007ff6e0fde000 	c:\Users\barad\.vscode\extensions\redhat.java-1.51.0-win32-x64\jre\21.0.9-win32-x86_64\bin\java.exe
0x00007ff8aafc0000 - 0x00007ff8ab227000 	C:\WINDOWS\SYSTEM32\ntdll.dll
0x00007ff8aa020000 - 0x00007ff8aa0e9000 	C:\WINDOWS\System32\KERNEL32.DLL
0x00007ff8a81c0000 - 0x00007ff8a85af000 	C:\WINDOWS\System32\KERNELBASE.dll
0x00007ff8a8c10000 - 0x00007ff8a8d5b000 	C:\WINDOWS\System32\ucrtbase.dll
0x00007ff87cbe0000 - 0x00007ff87cbf8000 	c:\Users\barad\.vscode\extensions\redhat.java-1.51.0-win32-x64\jre\21.0.9-win32-x86_64\bin\jli.dll
0x00007ff8aaba0000 - 0x00007ff8aad65000 	C:\WINDOWS\System32\USER32.dll
0x00007ff8a85c0000 - 0x00007ff8a85e7000 	C:\WINDOWS\System32\win32u.dll
0x00007ff8aa480000 - 0x00007ff8aa4ab000 	C:\WINDOWS\System32\GDI32.dll
0x00007ff8a8680000 - 0x00007ff8a87ac000 	C:\WINDOWS\System32\gdi32full.dll
0x00007ff8a8110000 - 0x00007ff8a81b3000 	C:\WINDOWS\System32\msvcp_win.dll
0x00007ff87a7e0000 - 0x00007ff87a7fe000 	c:\Users\barad\.vscode\extensions\redhat.java-1.51.0-win32-x64\jre\21.0.9-win32-x86_64\bin\VCRUNTIME140.dll
0x00007ff88e3e0000 - 0x00007ff88e673000 	C:\WINDOWS\WinSxS\amd64_microsoft.windows.common-controls_6595b64144ccf1df_6.0.26100.7309_none_3e05feeae336a044\COMCTL32.dll
0x00007ff8aae70000 - 0x00007ff8aaf19000 	C:\WINDOWS\System32\msvcrt.dll
0x00007ff8a9780000 - 0x00007ff8a97b1000 	C:\WINDOWS\System32\IMM32.DLL
0x00007ff88e050000 - 0x00007ff88e05c000 	c:\Users\barad\.vscode\extensions\redhat.java-1.51.0-win32-x64\jre\21.0.9-win32-x86_64\bin\vcruntime140_1.dll
0x00007ff877f20000 - 0x00007ff877fad000 	c:\Users\barad\.vscode\extensions\redhat.java-1.51.0-win32-x64\jre\21.0.9-win32-x86_64\bin\msvcp140.dll
0x00007fffe8ea0000 - 0x00007fffe9c40000 	c:\Users\barad\.vscode\extensions\redhat.java-1.51.0-win32-x64\jre\21.0.9-win32-x86_64\bin\server\jvm.dll
0x00007ff8a9d30000 - 0x00007ff8a9de4000 	C:\WINDOWS\System32\ADVAPI32.dll
0x00007ff8a8f70000 - 0x00007ff8a9016000 	C:\WINDOWS\System32\sechost.dll
0x00007ff8a9940000 - 0x00007ff8a9a58000 	C:\WINDOWS\System32\RPCRT4.dll
0x00007ff8a9a60000 - 0x00007ff8a9ad4000 	C:\WINDOWS\System32\WS2_32.dll
0x00007ff8a7f90000 - 0x00007ff8a7fee000 	C:\WINDOWS\SYSTEM32\POWRPROF.dll
0x00007ff89fa70000 - 0x00007ff89faa5000 	C:\WINDOWS\SYSTEM32\WINMM.dll
0x00007ff897da0000 - 0x00007ff897dab000 	C:\WINDOWS\SYSTEM32\VERSION.dll
0x00007ff8a7f70000 - 0x00007ff8a7f84000 	C:\WINDOWS\SYSTEM32\UMPDC.dll
0x00007ff8a6ec0000 - 0x00007ff8a6edb000 	C:\WINDOWS\SYSTEM32\kernel.appcore.dll
0x00007ff87cbd0000 - 0x00007ff87cbda000 	c:\Users\barad\.vscode\extensions\redhat.java-1.51.0-win32-x64\jre\21.0.9-win32-x86_64\bin\jimage.dll
0x00007ff8a57b0000 - 0x00007ff8a59f2000 	C:\WINDOWS\SYSTEM32\DBGHELP.DLL
0x00007ff8aa0f0000 - 0x00007ff8aa476000 	C:\WINDOWS\System32\combase.dll
0x00007ff8aad90000 - 0x00007ff8aae66000 	C:\WINDOWS\System32\OLEAUT32.dll
0x00007ff8853b0000 - 0x00007ff8853ec000 	C:\WINDOWS\SYSTEM32\dbgcore.DLL
0x00007ff8a87b0000 - 0x00007ff8a8855000 	C:\WINDOWS\System32\bcryptPrimitives.dll
0x00007ff8a4440000 - 0x00007ff8a444f000 	c:\Users\barad\.vscode\extensions\redhat.java-1.51.0-win32-x64\jre\21.0.9-win32-x86_64\bin\instrument.dll
0x00007ff8a4420000 - 0x00007ff8a4440000 	c:\Users\barad\.vscode\extensions\redhat.java-1.51.0-win32-x64\jre\21.0.9-win32-x86_64\bin\java.dll
0x00007ff8a9020000 - 0x00007ff8a9773000 	C:\WINDOWS\System32\SHELL32.dll
0x00007ff8a89e0000 - 0x00007ff8a8b4a000 	C:\WINDOWS\System32\wintypes.dll
0x00007ff8a5d30000 - 0x00007ff8a658e000 	C:\WINDOWS\SYSTEM32\windows.storage.dll
0x00007ff8aa580000 - 0x00007ff8aa675000 	C:\WINDOWS\System32\SHCORE.dll
0x00007ff8aab10000 - 0x00007ff8aab76000 	C:\WINDOWS\System32\shlwapi.dll
0x00007ff8a8030000 - 0x00007ff8a8059000 	C:\WINDOWS\SYSTEM32\profapi.dll
0x00007ff8a4400000 - 0x00007ff8a4418000 	c:\Users\barad\.vscode\extensions\redhat.java-1.51.0-win32-x64\jre\21.0.9-win32-x86_64\bin\zip.dll
0x00007ff898580000 - 0x00007ff898590000 	C:\Users\barad\.vscode\extensions\redhat.java-1.51.0-win32-x64\jre\21.0.9-win32-x86_64\bin\net.dll
0x00007ff8988e0000 - 0x00007ff898a08000 	C:\WINDOWS\SYSTEM32\WINHTTP.dll
0x00007ff8a7430000 - 0x00007ff8a749b000 	C:\WINDOWS\system32\mswsock.dll
0x00007ff87a7c0000 - 0x00007ff87a7d6000 	C:\Users\barad\.vscode\extensions\redhat.java-1.51.0-win32-x64\jre\21.0.9-win32-x86_64\bin\nio.dll
0x00007ff898570000 - 0x00007ff898580000 	c:\Users\barad\.vscode\extensions\redhat.java-1.51.0-win32-x64\jre\21.0.9-win32-x86_64\bin\verify.dll

JVMTI agents:
c:\Users\barad\.vscode\extensions\redhat.java-1.51.0-win32-x64\lombok\lombok-1.18.39-4050.jar path:c:\Users\barad\.vscode\extensions\redhat.java-1.51.0-win32-x64\jre\21.0.9-win32-x86_64\bin\instrument.dll, loaded, initialized, instrumentlib options:none

dbghelp: loaded successfully - version: 4.0.5 - missing functions: none
symbol engine: initialized successfully - sym options: 0x614 - pdb path: .;c:\Users\barad\.vscode\extensions\redhat.java-1.51.0-win32-x64\jre\21.0.9-win32-x86_64\bin;C:\WINDOWS\SYSTEM32;C:\WINDOWS\WinSxS\amd64_microsoft.windows.common-controls_6595b64144ccf1df_6.0.26100.7309_none_3e05feeae336a044;c:\Users\barad\.vscode\extensions\redhat.java-1.51.0-win32-x64\jre\21.0.9-win32-x86_64\bin\server

VM Arguments:
jvm_args: --add-modules=ALL-SYSTEM --add-opens=java.base/java.util=ALL-UNNAMED --add-opens=java.base/java.lang=ALL-UNNAMED --add-opens=java.base/sun.nio.fs=ALL-UNNAMED -Declipse.application=org.eclipse.jdt.ls.core.id1 -Dosgi.bundles.defaultStartLevel=4 -Declipse.product=org.eclipse.jdt.ls.core.product -Djava.import.generatesMetadataFilesAtProjectRoot=false -DDetectVMInstallationsJob.disabled=true -Dfile.encoding=utf8 -XX:+UseParallelGC -XX:GCTimeRatio=4 -XX:AdaptiveSizePolicyWeight=90 -Dsun.zip.disableMemoryMapping=true -Xmx2G -Xms100m -Xlog:disable -javaagent:c:\Users\barad\.vscode\extensions\redhat.java-1.51.0-win32-x64\lombok\lombok-1.18.39-4050.jar -XX:+HeapDumpOnOutOfMemoryError -XX:HeapDumpPath=c:\Users\barad\AppData\Roaming\Code\User\workspaceStorage\bcdf091bb317d817909a013bb4221e1c\redhat.java -Daether.dependencyCollector.impl=bf 
java_command: c:\Users\barad\.vscode\extensions\redhat.java-1.51.0-win32-x64\server\plugins\org.eclipse.equinox.launcher_1.7.100.v20251111-0406.jar -configuration c:\Users\barad\AppData\Roaming\Code\User\globalStorage\redhat.java\1.51.0\config_win -data c:\Users\barad\AppData\Roaming\Code\User\workspaceStorage\bcdf091bb317d817909a013bb4221e1c\redhat.java\jdt_ws --pipe=\\.\pipe\lsp-ece1dcb8cac2195fd22b937dcfa700f5-sock
java_class_path (initial): c:\Users\barad\.vscode\extensions\redhat.java-1.51.0-win32-x64\server\plugins\org.eclipse.equinox.launcher_1.7.100.v20251111-0406.jar
Launcher Type: SUN_STANDARD

[Global flags]
    uintx AdaptiveSizePolicyWeight                 = 90                                        {product} {command line}
     intx CICompilerCount                          = 3                                         {product} {ergonomic}
    uintx GCTimeRatio                              = 4                                         {product} {command line}
     bool HeapDumpOnOutOfMemoryError               = true                                   {manageable} {command line}
    ccstr HeapDumpPath                             = c:\Users\barad\AppData\Roaming\Code\User\workspaceStorage\bcdf091bb317d817909a013bb4221e1c\redhat.java         {manageable} {command line}
   size_t InitialHeapSize                          = 104857600                                 {product} {command line}
   size_t MaxHeapSize                              = 2147483648                                {product} {command line}
   size_t MaxNewSize                               = 715653120                                 {product} {ergonomic}
   size_t MinHeapDeltaBytes                        = 524288                                    {product} {ergonomic}
   size_t MinHeapSize                              = 104857600                                 {product} {command line}
   size_t NewSize                                  = 34603008                                  {product} {ergonomic}
    uintx NonNMethodCodeHeapSize                   = 5832780                                {pd product} {ergonomic}
    uintx NonProfiledCodeHeapSize                  = 122912730                              {pd product} {ergonomic}
   size_t OldSize                                  = 70254592                                  {product} {ergonomic}
    uintx ProfiledCodeHeapSize                     = 122912730                              {pd product} {ergonomic}
    uintx ReservedCodeCacheSize                    = 251658240                              {pd product} {ergonomic}
     bool SegmentedCodeCache                       = true                                      {product} {ergonomic}
   size_t SoftMaxHeapSize                          = 2147483648                             {manageable} {ergonomic}
     bool UseCompressedOops                        = true                           {product lp64_product} {ergonomic}
     bool UseLargePagesIndividualAllocation        = false                                  {pd product} {ergonomic}
     bool UseParallelGC                            = true                                      {product} {command line}

Logging:
Log output configuration:
 #0: stdout all=off uptime,level,tags foldmultilines=false
 #1: stderr all=off uptime,level,tags foldmultilines=false

Release file:
JAVA_VERSION="21.0.9" 
MODULES="java.base java.compiler java.datatransfer java.xml java.prefs java.desktop java.instrument java.logging java.management java.security.sasl java.naming java.rmi java.management.rmi java.net.http java.scripting java.security.jgss java.transaction.xa java.sql java.sql.rowset java.xml.crypto java.se java.smartcardio jdk.accessibility jdk.internal.jvmstat jdk.attach jdk.charsets jdk.internal.opt jdk.zipfs jdk.compiler jdk.crypto.ec jdk.crypto.cryptoki jdk.crypto.mscapi jdk.dynalink jdk.internal.ed jdk.editpad jdk.hotspot.agent jdk.httpserver jdk.internal.le jdk.internal.vm.ci jdk.internal.vm.compiler jdk.internal.vm.compiler.management jdk.jartool jdk.javadoc jdk.jcmd jdk.management jdk.management.agent jdk.jconsole jdk.jdeps jdk.jdwp.agent jdk.jdi jdk.jfr jdk.jshell jdk.jsobject jdk.jstatd jdk.localedata jdk.management.jfr jdk.naming.dns jdk.naming.rmi jdk.net jdk.nio.mapmode jdk.random jdk.sctp jdk.security.auth jdk.security.jgss jdk.unsupported jdk.unsupported.desktop jdk.xml.dom" 

Environment Variables:
PATH=C:\Program Files\Common Files\Oracle\Java\javapath;C:\oraclexe\app\oracle\product\11.2.0\server\bin;;C:\ProgramData\Oracle\Java\javapath;C:\WINDOWS\system32;C:\WINDOWS;C:\WINDOWS\System32\Wbem;C:\WINDOWS\System32\WindowsPowerShell\v1.0\;C:\WINDOWS\System32\OpenSSH\;C:\Program Files\dotnet\;C:\Program Files (x86)\Common Files\Adobe\AGL;C:\Users\barad\AppData\Local\Programs\Python\Python314\Scripts\;C:\Users\barad\AppData\Local\Programs\Python\Python314\;C:\Users\barad\AppData\Local\Microsoft\WindowsApps;C:\Users\barad\AppData\Local\Programs\Microsoft VS Code\bin
USERNAME=kirtan barad
OS=Windows_NT
PROCESSOR_IDENTIFIER=Intel64 Family 6 Model 140 Stepping 1, GenuineIntel
TMP=C:\Users\barad\AppData\Local\Temp
TEMP=C:\Users\barad\AppData\Local\Temp




Periodic native trim disabled

---------------  S Y S T E M  ---------------

OS:
 Windows 11 , 64 bit Build 26100 (10.0.26100.7623)
OS uptime: 0 days 0:09 hours

CPU: total 4 (initial active 4) (2 cores per cpu, 2 threads per core) family 6 model 140 stepping 1 microcode 0xbc, cx8, cmov, fxsr, ht, mmx, 3dnowpref, sse, sse2, sse3, ssse3, sse4.1, sse4.2, popcnt, lzcnt, tsc, tscinvbit, avx, avx2, aes, erms, clmul, bmi1, bmi2, adx, avx512f, avx512dq, avx512cd, avx512bw, avx512vl, sha, fma, vzeroupper, avx512_vpopcntdq, avx512_vpclmulqdq, avx512_vaes, avx512_vnni, clflush, clflushopt, clwb, avx512_vbmi2, avx512_vbmi, rdtscp, rdpid, fsrm, gfni, avx512_bitalg, f16c, pku, cet_ibt, cet_ss, avx512_ifma
Processor Information for the first 4 processors :
  Max Mhz: 2995, Current Mhz: 2995, Mhz Limit: 2995

Memory: 4k page, system-wide physical 7926M (524M free)
TotalPageFile size 11764M (AvailPageFile size 0M)
current process WorkingSet (physical memory assigned to process): 102M, peak: 102M
current process commit charge ("private bytes"): 233M, peak: 234M

vm_info: OpenJDK 64-Bit Server VM (21.0.9+10-LTS) for windows-amd64 JRE (21.0.9+10-LTS), built on 2025-10-21T00:00:00Z by "admin" with unknown MS VC++:1942

END.
