#
# There is insufficient memory for the Java Runtime Environment to continue.
# Native memory allocation (malloc) failed to allocate 1438416 bytes. Error detail: Chunk::new
# Possible reasons:
#   The system is out of physical RAM or swap space
#   This process is running with CompressedOops enabled, and the Java Heap may be blocking the growth of the native heap
# Possible solutions:
#   Reduce memory load on the system
#   Increase physical memory or swap space
#   Check if swap backing store is full
#   Decrease Java heap size (-Xmx/-Xms)
#   Decrease number of Java threads
#   Decrease Java thread stack sizes (-Xss)
#   Set larger code cache with -XX:ReservedCodeCacheSize=
#   JVM is running with Unscaled Compressed Oops mode in which the Java heap is
#     placed in the first 4GB address space. The Java Heap base address is the
#     maximum limit for the native heap growth. Please use -XX:HeapBaseMinAddress
#     to set the Java Heap base and to place the Java Heap above 4GB virtual address.
# This output file may be truncated or incomplete.
#
#  Out of Memory Error (arena.cpp:168), pid=9928, tid=19448
#
# JRE version: OpenJDK Runtime Environment Temurin-21.0.9+10 (21.0.9+10) (build 21.0.9+10-LTS)
# Java VM: OpenJDK 64-Bit Server VM Temurin-21.0.9+10 (21.0.9+10-LTS, mixed mode, sharing, tiered, compressed oops, compressed class ptrs, parallel gc, windows-amd64)
# No core dump will be written. Minidumps are not enabled by default on client versions of Windows
#

---------------  S U M M A R Y ------------

Command Line: --add-modules=ALL-SYSTEM --add-opens=java.base/java.util=ALL-UNNAMED --add-opens=java.base/java.lang=ALL-UNNAMED --add-opens=java.base/sun.nio.fs=ALL-UNNAMED -Declipse.application=org.eclipse.jdt.ls.core.id1 -Dosgi.bundles.defaultStartLevel=4 -Declipse.product=org.eclipse.jdt.ls.core.product -Djava.import.generatesMetadataFilesAtProjectRoot=false -DDetectVMInstallationsJob.disabled=true -Dfile.encoding=utf8 -XX:+UseParallelGC -XX:GCTimeRatio=4 -XX:AdaptiveSizePolicyWeight=90 -Dsun.zip.disableMemoryMapping=true -Xmx2G -Xms100m -Xlog:disable -javaagent:c:\Users\barad\.vscode\extensions\redhat.java-1.51.0-win32-x64\lombok\lombok-1.18.39-4050.jar -XX:+HeapDumpOnOutOfMemoryError -XX:HeapDumpPath=c:\Users\barad\AppData\Roaming\Code\User\workspaceStorage\bcdf091bb317d817909a013bb4221e1c\redhat.java -Daether.dependencyCollector.impl=bf c:\Users\barad\.vscode\extensions\redhat.java-1.51.0-win32-x64\server\plugins\org.eclipse.equinox.launcher_1.7.100.v20251111-0406.jar -configuration c:\Users\barad\AppData\Roaming\Code\User\globalStorage\redhat.java\1.51.0\config_win -data c:\Users\barad\AppData\Roaming\Code\User\workspaceStorage\bcdf091bb317d817909a013bb4221e1c\redhat.java\jdt_ws --pipe=\\.\pipe\lsp-b888657b1ed5ea2a2034e7e68e54ca3d-sock

Host: 11th Gen Intel(R) Core(TM) i3-1115G4 @ 3.00GHz, 4 cores, 7G,  Windows 11 , 64 bit Build 26100 (10.0.26100.7623)
Time: Fri Jan 30 11:36:17 2026 India Standard Time elapsed time: 18.513570 seconds (0d 0h 0m 18s)

---------------  T H R E A D  ---------------

Current thread (0x0000018ac7791380):  JavaThread "C2 CompilerThread0" daemon [_thread_in_native, id=19448, stack(0x00000004fe400000,0x00000004fe500000) (1024K)]


Current CompileTask:
C2:18513 6811       4       java.lang.invoke.DirectMethodHandle::make (275 bytes)

Stack: [0x00000004fe400000,0x00000004fe500000]
Native frames: (J=compiled Java code, j=interpreted, Vv=VM code, C=native code)
V  [jvm.dll+0x6d6e29]
V  [jvm.dll+0x8b4b76]
V  [jvm.dll+0x8b712e]
V  [jvm.dll+0x8b7813]
V  [jvm.dll+0x283d86]
V  [jvm.dll+0xc66ed]
V  [jvm.dll+0xc6c31]
V  [jvm.dll+0x3be501]
V  [jvm.dll+0x1e3b52]
V  [jvm.dll+0x24c0f3]
V  [jvm.dll+0x24b580]
V  [jvm.dll+0x1cb13e]
V  [jvm.dll+0x25b29d]
V  [jvm.dll+0x25982a]
V  [jvm.dll+0x3f7ea6]
V  [jvm.dll+0x85e9ad]
V  [jvm.dll+0x6d565d]
C  [ucrtbase.dll+0x37b0]
C  [KERNEL32.DLL+0x2e8d7]
C  [ntdll.dll+0x8c53c]


---------------  P R O C E S S  ---------------

Threads class SMR info:
_java_thread_list=0x0000018ae57160b0, length=38, elements={
0x0000018ac789ea30, 0x0000018ac7786210, 0x0000018ac7788b80, 0x0000018ac778bd40,
0x0000018ac778cac0, 0x0000018ac778f750, 0x0000018ac7790550, 0x0000018ac7791380,
0x0000018ac7813dc0, 0x0000018ae3126410, 0x0000018ae31cd190, 0x0000018ae38791d0,
0x0000018ae3a4cf70, 0x0000018ae3a43a00, 0x0000018ae3a48590, 0x0000018ae3f7ea20,
0x0000018ae41f1700, 0x0000018ae3b64fe0, 0x0000018ae3b66390, 0x0000018ae3b65d00,
0x0000018ae3b62f10, 0x0000018ae3b65670, 0x0000018ae3b635a0, 0x0000018ae3b63c30,
0x0000018ae3b64950, 0x0000018ae5823420, 0x0000018ae5824140, 0x0000018ae5823ab0,
0x0000018ae5822070, 0x0000018ae5822700, 0x0000018ae5824e60, 0x0000018ae58254f0,
0x0000018ae5825b80, 0x0000018ae5822d90, 0x0000018ae58268a0, 0x0000018ae5828970,
0x0000018ae5826210, 0x0000018ae612dcd0
}

Java Threads: ( => current thread )
  0x0000018ac789ea30 JavaThread "main"                              [_thread_blocked, id=19320, stack(0x00000004fda00000,0x00000004fdb00000) (1024K)]
  0x0000018ac7786210 JavaThread "Reference Handler"          daemon [_thread_blocked, id=11920, stack(0x00000004fde00000,0x00000004fdf00000) (1024K)]
  0x0000018ac7788b80 JavaThread "Finalizer"                  daemon [_thread_blocked, id=10632, stack(0x00000004fdf00000,0x00000004fe000000) (1024K)]
  0x0000018ac778bd40 JavaThread "Signal Dispatcher"          daemon [_thread_blocked, id=4712, stack(0x00000004fe000000,0x00000004fe100000) (1024K)]
  0x0000018ac778cac0 JavaThread "Attach Listener"            daemon [_thread_blocked, id=14628, stack(0x00000004fe100000,0x00000004fe200000) (1024K)]
  0x0000018ac778f750 JavaThread "Service Thread"             daemon [_thread_blocked, id=5476, stack(0x00000004fe200000,0x00000004fe300000) (1024K)]
  0x0000018ac7790550 JavaThread "Monitor Deflation Thread"   daemon [_thread_blocked, id=5884, stack(0x00000004fe300000,0x00000004fe400000) (1024K)]
=>0x0000018ac7791380 JavaThread "C2 CompilerThread0"         daemon [_thread_in_native, id=19448, stack(0x00000004fe400000,0x00000004fe500000) (1024K)]
  0x0000018ac7813dc0 JavaThread "C1 CompilerThread0"         daemon [_thread_blocked, id=16844, stack(0x00000004fe500000,0x00000004fe600000) (1024K)]
  0x0000018ae3126410 JavaThread "Common-Cleaner"             daemon [_thread_blocked, id=18304, stack(0x00000004fe600000,0x00000004fe700000) (1024K)]
  0x0000018ae31cd190 JavaThread "Notification Thread"        daemon [_thread_blocked, id=9356, stack(0x00000004fe700000,0x00000004fe800000) (1024K)]
  0x0000018ae38791d0 JavaThread "Active Thread: Equinox Container: 655cbe2b-8f77-4a0a-94b3-a8d1565d9580"        [_thread_blocked, id=17848, stack(0x00000004fe800000,0x00000004fe900000) (1024K)]
  0x0000018ae3a4cf70 JavaThread "Refresh Thread: Equinox Container: 655cbe2b-8f77-4a0a-94b3-a8d1565d9580" daemon [_thread_blocked, id=6344, stack(0x00000004fec00000,0x00000004fed00000) (1024K)]
  0x0000018ae3a43a00 JavaThread "Framework Event Dispatcher: Equinox Container: 655cbe2b-8f77-4a0a-94b3-a8d1565d9580" daemon [_thread_blocked, id=19424, stack(0x00000004fed00000,0x00000004fee00000) (1024K)]
  0x0000018ae3a48590 JavaThread "Start Level: Equinox Container: 655cbe2b-8f77-4a0a-94b3-a8d1565d9580" daemon [_thread_blocked, id=7660, stack(0x00000004fee00000,0x00000004fef00000) (1024K)]
  0x0000018ae3f7ea20 JavaThread "Bundle File Closer"         daemon [_thread_blocked, id=2096, stack(0x00000004ff000000,0x00000004ff100000) (1024K)]
  0x0000018ae41f1700 JavaThread "SCR Component Actor"        daemon [_thread_blocked, id=12096, stack(0x00000004ff100000,0x00000004ff200000) (1024K)]
  0x0000018ae3b64fe0 JavaThread "Worker-JM"                         [_thread_blocked, id=5484, stack(0x00000004ff200000,0x00000004ff300000) (1024K)]
  0x0000018ae3b66390 JavaThread "JNA Cleaner"                daemon [_thread_blocked, id=1940, stack(0x00000004fef00000,0x00000004ff000000) (1024K)]
  0x0000018ae3b65d00 JavaThread "Worker-0"                          [_thread_blocked, id=10008, stack(0x00000004ff300000,0x00000004ff400000) (1024K)]
  0x0000018ae3b62f10 JavaThread "Worker-1"                          [_thread_blocked, id=19312, stack(0x00000004ff400000,0x00000004ff500000) (1024K)]
  0x0000018ae3b65670 JavaThread "Worker-2"                          [_thread_blocked, id=17832, stack(0x00000004ff600000,0x00000004ff700000) (1024K)]
  0x0000018ae3b635a0 JavaThread "Java indexing"              daemon [_thread_blocked, id=11528, stack(0x00000004ff700000,0x00000004ff800000) (1024K)]
  0x0000018ae3b63c30 JavaThread "Worker-3: Initialize Workspace"        [_thread_in_Java, id=17304, stack(0x00000004ff800000,0x00000004ff900000) (1024K)]
  0x0000018ae3b64950 JavaThread "Worker-4"                          [_thread_blocked, id=13500, stack(0x00000004ffb00000,0x00000004ffc00000) (1024K)]
  0x0000018ae5823420 JavaThread "Worker-5"                          [_thread_blocked, id=13180, stack(0x00000004ffc00000,0x00000004ffd00000) (1024K)]
  0x0000018ae5824140 JavaThread "Thread-1"                   daemon [_thread_in_native, id=5300, stack(0x00000004ffd00000,0x00000004ffe00000) (1024K)]
  0x0000018ae5823ab0 JavaThread "Thread-2"                   daemon [_thread_in_native, id=14700, stack(0x00000004ffe00000,0x00000004fff00000) (1024K)]
  0x0000018ae5822070 JavaThread "Thread-3"                   daemon [_thread_in_native, id=17696, stack(0x00000004fff00000,0x0000000500000000) (1024K)]
  0x0000018ae5822700 JavaThread "Thread-4"                   daemon [_thread_in_native, id=17464, stack(0x0000000480000000,0x0000000480100000) (1024K)]
  0x0000018ae5824e60 JavaThread "Thread-5"                   daemon [_thread_in_native, id=11144, stack(0x0000000480100000,0x0000000480200000) (1024K)]
  0x0000018ae58254f0 JavaThread "pool-2-thread-1"                   [_thread_blocked, id=9756, stack(0x0000000480200000,0x0000000480300000) (1024K)]
  0x0000018ae5825b80 JavaThread "WorkspaceEventsHandler"            [_thread_blocked, id=17160, stack(0x0000000480300000,0x0000000480400000) (1024K)]
  0x0000018ae5822d90 JavaThread "pool-1-thread-1"                   [_thread_in_Java, id=17924, stack(0x0000000480400000,0x0000000480500000) (1024K)]
  0x0000018ae58268a0 JavaThread "ForkJoinPool.commonPool-worker-1" daemon [_thread_blocked, id=12840, stack(0x0000000480500000,0x0000000480600000) (1024K)]
  0x0000018ae5828970 JavaThread "ForkJoinPool.commonPool-worker-2" daemon [_thread_blocked, id=17200, stack(0x0000000480600000,0x0000000480700000) (1024K)]
  0x0000018ae5826210 JavaThread "ForkJoinPool.commonPool-worker-3" daemon [_thread_blocked, id=17572, stack(0x0000000480700000,0x0000000480800000) (1024K)]
  0x0000018ae612dcd0 JavaThread "C2 CompilerThread1"         daemon [_thread_blocked, id=7248, stack(0x0000000480800000,0x0000000480900000) (1024K)]
Total: 38

Other Threads:
  0x0000018ac795b560 VMThread "VM Thread"                           [id=14300, stack(0x00000004fdd00000,0x00000004fde00000) (1024K)]
  0x0000018ac7909880 WatcherThread "VM Periodic Task Thread"        [id=16436, stack(0x00000004fdc00000,0x00000004fdd00000) (1024K)]
  0x0000018ac78bce40 WorkerThread "GC Thread#0"                     [id=8040, stack(0x00000004fdb00000,0x00000004fdc00000) (1024K)]
  0x0000018ae3ae2bd0 WorkerThread "GC Thread#1"                     [id=5136, stack(0x00000004fe900000,0x00000004fea00000) (1024K)]
  0x0000018ae3ae2f70 WorkerThread "GC Thread#2"                     [id=14768, stack(0x00000004fea00000,0x00000004feb00000) (1024K)]
  0x0000018ae3735bd0 WorkerThread "GC Thread#3"                     [id=3284, stack(0x00000004feb00000,0x00000004fec00000) (1024K)]
Total: 6

Threads with active compile tasks:
C2 CompilerThread0  18533 6811       4       java.lang.invoke.DirectMethodHandle::make (275 bytes)
Total: 1

VM state: not at safepoint (normal execution)

VM Mutex/Monitor currently owned by a thread: None

Heap address: 0x0000000080000000, size: 2048 MB, Compressed Oops mode: 32-bit

CDS archive(s) mapped at: [0x0000018a80000000-0x0000018a80ba0000-0x0000018a80ba0000), size 12189696, SharedBaseAddress: 0x0000018a80000000, ArchiveRelocationMode: 1.
Compressed class space mapped at: 0x0000018a81000000-0x0000018ac1000000, reserved size: 1073741824
Narrow klass base: 0x0000018a80000000, Narrow klass shift: 0, Narrow klass range: 0x100000000

GC Precious Log:
 CardTable entry size: 512
 CPUs: 4 total, 4 available
 Memory: 7926M
 Large Page Support: Disabled
 NUMA Support: Disabled
 Compressed Oops: Enabled (32-bit)
 Alignments: Space 512K, Generation 512K, Heap 2M
 Heap Min Capacity: 100M
 Heap Initial Capacity: 100M
 Heap Max Capacity: 2G
 Pre-touch: Disabled
 Parallel Workers: 4

Heap:
 PSYoungGen      total 22528K, used 2498K [0x00000000d5580000, 0x00000000d7480000, 0x0000000100000000)
  eden space 20480K, 2% used [0x00000000d5580000,0x00000000d55f0a20,0x00000000d6980000)
  from space 2048K, 100% used [0x00000000d6980000,0x00000000d6b80000,0x00000000d6b80000)
  to   space 5632K, 0% used [0x00000000d6f00000,0x00000000d6f00000,0x00000000d7480000)
 ParOldGen       total 68608K, used 39221K [0x0000000080000000, 0x0000000084300000, 0x00000000d5580000)
  object space 68608K, 57% used [0x0000000080000000,0x000000008264d780,0x0000000084300000)
 Metaspace       used 48906K, committed 50112K, reserved 1114112K
  class space    used 5301K, committed 5824K, reserved 1048576K

Card table byte_map: [0x0000018ac7240000,0x0000018ac7650000] _byte_map_base: 0x0000018ac6e40000

Marking Bits: (ParMarkBitMap*) 0x00007fffe9b62460
 Begin Bits: [0x0000018ad9d50000, 0x0000018adbd50000)
 End Bits:   [0x0000018adbd50000, 0x0000018addd50000)

Polling page: 0x0000018ac5700000

Metaspace:

Usage:
  Non-class:     42.58 MB used.
      Class:      5.18 MB used.
       Both:     47.76 MB used.

Virtual space:
  Non-class space:       64.00 MB reserved,      43.25 MB ( 68%) committed,  1 nodes.
      Class space:        1.00 GB reserved,       5.69 MB ( <1%) committed,  1 nodes.
             Both:        1.06 GB reserved,      48.94 MB (  4%) committed. 

Chunk freelists:
   Non-Class:  4.01 MB
       Class:  10.23 MB
        Both:  14.25 MB

MaxMetaspaceSize: unlimited
CompressedClassSpaceSize: 1.00 GB
Initial GC threshold: 21.00 MB
Current GC threshold: 58.38 MB
CDS: on
 - commit_granule_bytes: 65536.
 - commit_granule_words: 8192.
 - virtual_space_node_default_size: 8388608.
 - enlarge_chunks_in_place: 1.
 - use_allocation_guard: 0.


Internal statistics:

num_allocs_failed_limit: 6.
num_arena_births: 854.
num_arena_deaths: 24.
num_vsnodes_births: 2.
num_vsnodes_deaths: 0.
num_space_committed: 783.
num_space_uncommitted: 0.
num_chunks_returned_to_freelist: 33.
num_chunks_taken_from_freelist: 2991.
num_chunk_merges: 13.
num_chunk_splits: 1903.
num_chunks_enlarged: 1167.
num_inconsistent_stats: 0.

CodeHeap 'non-profiled nmethods': size=120000Kb used=3870Kb max_used=3870Kb free=116129Kb
 bounds [0x0000018ad2570000, 0x0000018ad2940000, 0x0000018ad9aa0000]
CodeHeap 'profiled nmethods': size=120000Kb used=13296Kb max_used=13296Kb free=106703Kb
 bounds [0x0000018acaaa0000, 0x0000018acb7a0000, 0x0000018ad1fd0000]
CodeHeap 'non-nmethods': size=5760Kb used=1390Kb max_used=1438Kb free=4369Kb
 bounds [0x0000018ad1fd0000, 0x0000018ad2240000, 0x0000018ad2570000]
CodeCache: size=245760Kb, used=18556Kb, max_used=18604Kb, free=227201Kb
 total_blobs=6981, nmethods=6295, adapters=592, full_count=0
Compilation: enabled, stopped_count=0, restarted_count=0

Compilation events (20 events):
Event: 17.492 Thread 0x0000018ac7813dc0 6827       3       java.lang.invoke.ConstantCallSite::<init> (17 bytes)
Event: 17.492 Thread 0x0000018ac7813dc0 nmethod 6827 0x0000018acb795510 code [0x0000018acb7956c0, 0x0000018acb795960]
Event: 17.492 Thread 0x0000018ac7813dc0 6828       3       java.lang.invoke.DirectMethodHandle$Holder::invokeStatic (24 bytes)
Event: 17.493 Thread 0x0000018ac7813dc0 nmethod 6828 0x0000018acb795a90 code [0x0000018acb795c60, 0x0000018acb7961d0]
Event: 17.493 Thread 0x0000018ac7813dc0 6829       3       java.io.FilterInputStream::available (8 bytes)
Event: 17.493 Thread 0x0000018ac7813dc0 nmethod 6829 0x0000018acb796310 code [0x0000018acb7964c0, 0x0000018acb796698]
Event: 17.493 Thread 0x0000018ac7813dc0 6830       3       java.util.zip.ZipFile$ZipFileInflaterInputStream::available (44 bytes)
Event: 17.493 Thread 0x0000018ac7813dc0 nmethod 6830 0x0000018acb796790 code [0x0000018acb796960, 0x0000018acb796cc8]
Event: 17.493 Thread 0x0000018ac7813dc0 6831   !   3       java.util.zip.Inflater::getBytesWritten (23 bytes)
Event: 17.493 Thread 0x0000018ac7813dc0 nmethod 6831 0x0000018acb796e10 code [0x0000018acb796fc0, 0x0000018acb797200]
Event: 17.493 Thread 0x0000018ac7813dc0 6832 % !   3       org.eclipse.jdt.internal.compiler.parser.Parser::readTable @ 131 (173 bytes)
Event: 17.494 Thread 0x0000018ac7813dc0 nmethod 6832% 0x0000018acb797310 code [0x0000018acb7975e0, 0x0000018acb798490]
Event: 17.494 Thread 0x0000018ae612dcd0 6833       4       java.lang.String::<init> (10 bytes)
Event: 17.501 Thread 0x0000018ae612dcd0 nmethod 6833 0x0000018ad2935a90 code [0x0000018ad2935c40, 0x0000018ad2936010]
Event: 17.501 Thread 0x0000018ae612dcd0 6834       4       java.util.Properties::getProperty (50 bytes)
Event: 17.502 Thread 0x0000018ac7813dc0 6835 %     3       org.eclipse.jdt.internal.compiler.parser.Parser::computeReverseTable @ 51 (92 bytes)
Event: 17.503 Thread 0x0000018ac7813dc0 nmethod 6835% 0x0000018acb798b90 code [0x0000018acb798d80, 0x0000018acb799378]
Event: 17.503 Thread 0x0000018ac7813dc0 6836       3       org.eclipse.jdt.internal.compiler.parser.Parser::computeReverseTable (92 bytes)
Event: 17.503 Thread 0x0000018ac7813dc0 nmethod 6836 0x0000018acb799690 code [0x0000018acb799860, 0x0000018acb799d38]
Event: 17.507 Thread 0x0000018ac7813dc0 6838   !   3       org.eclipse.osgi.storage.bundlefile.CloseableBundleFile$BundleEntryInputStream::available (12 bytes)

GC Heap History (20 events):
Event: 12.790 GC heap before
{Heap before GC invocations=18 (full 2):
 PSYoungGen      total 23040K, used 23040K [0x00000000d5580000, 0x00000000d7100000, 0x0000000100000000)
  eden space 22016K, 100% used [0x00000000d5580000,0x00000000d6b00000,0x00000000d6b00000)
  from space 1024K, 100% used [0x00000000d6f00000,0x00000000d7000000,0x00000000d7000000)
  to   space 1024K, 0% used [0x00000000d7000000,0x00000000d7000000,0x00000000d7100000)
 ParOldGen       total 68608K, used 20014K [0x0000000080000000, 0x0000000084300000, 0x00000000d5580000)
  object space 68608K, 29% used [0x0000000080000000,0x000000008138b878,0x0000000084300000)
 Metaspace       used 42355K, committed 43392K, reserved 1114112K
  class space    used 4605K, committed 5056K, reserved 1048576K
}
Event: 12.793 GC heap after
{Heap after GC invocations=18 (full 2):
 PSYoungGen      total 23040K, used 1024K [0x00000000d5580000, 0x00000000d7100000, 0x0000000100000000)
  eden space 22016K, 0% used [0x00000000d5580000,0x00000000d5580000,0x00000000d6b00000)
  from space 1024K, 100% used [0x00000000d7000000,0x00000000d7100000,0x00000000d7100000)
  to   space 2560K, 0% used [0x00000000d6c00000,0x00000000d6c00000,0x00000000d6e80000)
 ParOldGen       total 68608K, used 21409K [0x0000000080000000, 0x0000000084300000, 0x00000000d5580000)
  object space 68608K, 31% used [0x0000000080000000,0x00000000814e8598,0x0000000084300000)
 Metaspace       used 42355K, committed 43392K, reserved 1114112K
  class space    used 4605K, committed 5056K, reserved 1048576K
}
Event: 13.497 GC heap before
{Heap before GC invocations=19 (full 2):
 PSYoungGen      total 23040K, used 23040K [0x00000000d5580000, 0x00000000d7100000, 0x0000000100000000)
  eden space 22016K, 100% used [0x00000000d5580000,0x00000000d6b00000,0x00000000d6b00000)
  from space 1024K, 100% used [0x00000000d7000000,0x00000000d7100000,0x00000000d7100000)
  to   space 2560K, 0% used [0x00000000d6c00000,0x00000000d6c00000,0x00000000d6e80000)
 ParOldGen       total 68608K, used 21409K [0x0000000080000000, 0x0000000084300000, 0x00000000d5580000)
  object space 68608K, 31% used [0x0000000080000000,0x00000000814e8598,0x0000000084300000)
 Metaspace       used 44661K, committed 45760K, reserved 1114112K
  class space    used 4869K, committed 5376K, reserved 1048576K
}
Event: 14.516 GC heap after
{Heap after GC invocations=19 (full 2):
 PSYoungGen      total 24576K, used 2535K [0x00000000d5580000, 0x00000000d7600000, 0x0000000100000000)
  eden space 22016K, 0% used [0x00000000d5580000,0x00000000d5580000,0x00000000d6b00000)
  from space 2560K, 99% used [0x00000000d6c00000,0x00000000d6e79f38,0x00000000d6e80000)
  to   space 5632K, 0% used [0x00000000d7080000,0x00000000d7080000,0x00000000d7600000)
 ParOldGen       total 68608K, used 23861K [0x0000000080000000, 0x0000000084300000, 0x00000000d5580000)
  object space 68608K, 34% used [0x0000000080000000,0x000000008174d5a8,0x0000000084300000)
 Metaspace       used 44661K, committed 45760K, reserved 1114112K
  class space    used 4869K, committed 5376K, reserved 1048576K
}
Event: 15.556 GC heap before
{Heap before GC invocations=20 (full 2):
 PSYoungGen      total 24576K, used 24551K [0x00000000d5580000, 0x00000000d7600000, 0x0000000100000000)
  eden space 22016K, 100% used [0x00000000d5580000,0x00000000d6b00000,0x00000000d6b00000)
  from space 2560K, 99% used [0x00000000d6c00000,0x00000000d6e79f38,0x00000000d6e80000)
  to   space 5632K, 0% used [0x00000000d7080000,0x00000000d7080000,0x00000000d7600000)
 ParOldGen       total 68608K, used 23861K [0x0000000080000000, 0x0000000084300000, 0x00000000d5580000)
  object space 68608K, 34% used [0x0000000080000000,0x000000008174d5a8,0x0000000084300000)
 Metaspace       used 46696K, committed 47872K, reserved 1114112K
  class space    used 5074K, committed 5568K, reserved 1048576K
}
Event: 15.559 GC heap after
{Heap after GC invocations=20 (full 2):
 PSYoungGen      total 24064K, used 1680K [0x00000000d5580000, 0x00000000d7280000, 0x0000000100000000)
  eden space 22016K, 0% used [0x00000000d5580000,0x00000000d5580000,0x00000000d6b00000)
  from space 2048K, 82% used [0x00000000d7080000,0x00000000d7224050,0x00000000d7280000)
  to   space 3072K, 0% used [0x00000000d6c80000,0x00000000d6c80000,0x00000000d6f80000)
 ParOldGen       total 68608K, used 24648K [0x0000000080000000, 0x0000000084300000, 0x00000000d5580000)
  object space 68608K, 35% used [0x0000000080000000,0x0000000081812288,0x0000000084300000)
 Metaspace       used 46696K, committed 47872K, reserved 1114112K
  class space    used 5074K, committed 5568K, reserved 1048576K
}
Event: 16.294 GC heap before
{Heap before GC invocations=21 (full 2):
 PSYoungGen      total 24064K, used 23696K [0x00000000d5580000, 0x00000000d7280000, 0x0000000100000000)
  eden space 22016K, 100% used [0x00000000d5580000,0x00000000d6b00000,0x00000000d6b00000)
  from space 2048K, 82% used [0x00000000d7080000,0x00000000d7224050,0x00000000d7280000)
  to   space 3072K, 0% used [0x00000000d6c80000,0x00000000d6c80000,0x00000000d6f80000)
 ParOldGen       total 68608K, used 24648K [0x0000000080000000, 0x0000000084300000, 0x00000000d5580000)
  object space 68608K, 35% used [0x0000000080000000,0x0000000081812288,0x0000000084300000)
 Metaspace       used 46696K, committed 47872K, reserved 1114112K
  class space    used 5074K, committed 5568K, reserved 1048576K
}
Event: 16.300 GC heap after
{Heap after GC invocations=21 (full 2):
 PSYoungGen      total 24064K, used 2016K [0x00000000d5580000, 0x00000000d7100000, 0x0000000100000000)
  eden space 22016K, 0% used [0x00000000d5580000,0x00000000d5580000,0x00000000d6b00000)
  from space 2048K, 98% used [0x00000000d6c80000,0x00000000d6e78010,0x00000000d6e80000)
  to   space 2560K, 0% used [0x00000000d6e80000,0x00000000d6e80000,0x00000000d7100000)
 ParOldGen       total 68608K, used 26213K [0x0000000080000000, 0x0000000084300000, 0x00000000d5580000)
  object space 68608K, 38% used [0x0000000080000000,0x0000000081999600,0x0000000084300000)
 Metaspace       used 46696K, committed 47872K, reserved 1114112K
  class space    used 5074K, committed 5568K, reserved 1048576K
}
Event: 16.457 GC heap before
{Heap before GC invocations=22 (full 2):
 PSYoungGen      total 24064K, used 24032K [0x00000000d5580000, 0x00000000d7100000, 0x0000000100000000)
  eden space 22016K, 100% used [0x00000000d5580000,0x00000000d6b00000,0x00000000d6b00000)
  from space 2048K, 98% used [0x00000000d6c80000,0x00000000d6e78010,0x00000000d6e80000)
  to   space 2560K, 0% used [0x00000000d6e80000,0x00000000d6e80000,0x00000000d7100000)
 ParOldGen       total 68608K, used 26213K [0x0000000080000000, 0x0000000084300000, 0x00000000d5580000)
  object space 68608K, 38% used [0x0000000080000000,0x0000000081999600,0x0000000084300000)
 Metaspace       used 47100K, committed 48256K, reserved 1114112K
  class space    used 5135K, committed 5632K, reserved 1048576K
}
Event: 16.463 GC heap after
{Heap after GC invocations=22 (full 2):
 PSYoungGen      total 24576K, used 2338K [0x00000000d5580000, 0x00000000d7100000, 0x0000000100000000)
  eden space 22016K, 0% used [0x00000000d5580000,0x00000000d5580000,0x00000000d6b00000)
  from space 2560K, 91% used [0x00000000d6e80000,0x00000000d70c8820,0x00000000d7100000)
  to   space 2560K, 0% used [0x00000000d6c00000,0x00000000d6c00000,0x00000000d6e80000)
 ParOldGen       total 68608K, used 28109K [0x0000000080000000, 0x0000000084300000, 0x00000000d5580000)
  object space 68608K, 40% used [0x0000000080000000,0x0000000081b73600,0x0000000084300000)
 Metaspace       used 47100K, committed 48256K, reserved 1114112K
  class space    used 5135K, committed 5632K, reserved 1048576K
}
Event: 16.586 GC heap before
{Heap before GC invocations=23 (full 2):
 PSYoungGen      total 24576K, used 24354K [0x00000000d5580000, 0x00000000d7100000, 0x0000000100000000)
  eden space 22016K, 100% used [0x00000000d5580000,0x00000000d6b00000,0x00000000d6b00000)
  from space 2560K, 91% used [0x00000000d6e80000,0x00000000d70c8820,0x00000000d7100000)
  to   space 2560K, 0% used [0x00000000d6c00000,0x00000000d6c00000,0x00000000d6e80000)
 ParOldGen       total 68608K, used 28109K [0x0000000080000000, 0x0000000084300000, 0x00000000d5580000)
  object space 68608K, 40% used [0x0000000080000000,0x0000000081b73600,0x0000000084300000)
 Metaspace       used 47124K, committed 48256K, reserved 1114112K
  class space    used 5135K, committed 5632K, reserved 1048576K
}
Event: 16.592 GC heap after
{Heap after GC invocations=23 (full 2):
 PSYoungGen      total 24064K, used 2048K [0x00000000d5580000, 0x00000000d7000000, 0x0000000100000000)
  eden space 22016K, 0% used [0x00000000d5580000,0x00000000d5580000,0x00000000d6b00000)
  from space 2048K, 100% used [0x00000000d6c00000,0x00000000d6e00000,0x00000000d6e00000)
  to   space 2048K, 0% used [0x00000000d6e00000,0x00000000d6e00000,0x00000000d7000000)
 ParOldGen       total 68608K, used 30371K [0x0000000080000000, 0x0000000084300000, 0x00000000d5580000)
  object space 68608K, 44% used [0x0000000080000000,0x0000000081da8e38,0x0000000084300000)
 Metaspace       used 47124K, committed 48256K, reserved 1114112K
  class space    used 5135K, committed 5632K, reserved 1048576K
}
Event: 16.660 GC heap before
{Heap before GC invocations=24 (full 2):
 PSYoungGen      total 24064K, used 24064K [0x00000000d5580000, 0x00000000d7000000, 0x0000000100000000)
  eden space 22016K, 100% used [0x00000000d5580000,0x00000000d6b00000,0x00000000d6b00000)
  from space 2048K, 100% used [0x00000000d6c00000,0x00000000d6e00000,0x00000000d6e00000)
  to   space 2048K, 0% used [0x00000000d6e00000,0x00000000d6e00000,0x00000000d7000000)
 ParOldGen       total 68608K, used 30371K [0x0000000080000000, 0x0000000084300000, 0x00000000d5580000)
  object space 68608K, 44% used [0x0000000080000000,0x0000000081da8e38,0x0000000084300000)
 Metaspace       used 47129K, committed 48256K, reserved 1114112K
  class space    used 5135K, committed 5632K, reserved 1048576K
}
Event: 16.664 GC heap after
{Heap after GC invocations=24 (full 2):
 PSYoungGen      total 22528K, used 2020K [0x00000000d5580000, 0x00000000d7400000, 0x0000000100000000)
  eden space 20480K, 0% used [0x00000000d5580000,0x00000000d5580000,0x00000000d6980000)
  from space 2048K, 98% used [0x00000000d6e00000,0x00000000d6ff9000,0x00000000d7000000)
  to   space 4608K, 0% used [0x00000000d6980000,0x00000000d6980000,0x00000000d6e00000)
 ParOldGen       total 68608K, used 32354K [0x0000000080000000, 0x0000000084300000, 0x00000000d5580000)
  object space 68608K, 47% used [0x0000000080000000,0x0000000081f98800,0x0000000084300000)
 Metaspace       used 47129K, committed 48256K, reserved 1114112K
  class space    used 5135K, committed 5632K, reserved 1048576K
}
Event: 16.865 GC heap before
{Heap before GC invocations=25 (full 2):
 PSYoungGen      total 22528K, used 22500K [0x00000000d5580000, 0x00000000d7400000, 0x0000000100000000)
  eden space 20480K, 100% used [0x00000000d5580000,0x00000000d6980000,0x00000000d6980000)
  from space 2048K, 98% used [0x00000000d6e00000,0x00000000d6ff9000,0x00000000d7000000)
  to   space 4608K, 0% used [0x00000000d6980000,0x00000000d6980000,0x00000000d6e00000)
 ParOldGen       total 68608K, used 32354K [0x0000000080000000, 0x0000000084300000, 0x00000000d5580000)
  object space 68608K, 47% used [0x0000000080000000,0x0000000081f98800,0x0000000084300000)
 Metaspace       used 47173K, committed 48384K, reserved 1114112K
  class space    used 5137K, committed 5696K, reserved 1048576K
}
Event: 16.871 GC heap after
{Heap after GC invocations=25 (full 2):
 PSYoungGen      total 22528K, used 1984K [0x00000000d5580000, 0x00000000d6f80000, 0x0000000100000000)
  eden space 20480K, 0% used [0x00000000d5580000,0x00000000d5580000,0x00000000d6980000)
  from space 2048K, 96% used [0x00000000d6980000,0x00000000d6b70010,0x00000000d6b80000)
  to   space 3072K, 0% used [0x00000000d6c80000,0x00000000d6c80000,0x00000000d6f80000)
 ParOldGen       total 68608K, used 34322K [0x0000000080000000, 0x0000000084300000, 0x00000000d5580000)
  object space 68608K, 50% used [0x0000000080000000,0x0000000082184900,0x0000000084300000)
 Metaspace       used 47173K, committed 48384K, reserved 1114112K
  class space    used 5137K, committed 5696K, reserved 1048576K
}
Event: 17.018 GC heap before
{Heap before GC invocations=26 (full 2):
 PSYoungGen      total 22528K, used 22464K [0x00000000d5580000, 0x00000000d6f80000, 0x0000000100000000)
  eden space 20480K, 100% used [0x00000000d5580000,0x00000000d6980000,0x00000000d6980000)
  from space 2048K, 96% used [0x00000000d6980000,0x00000000d6b70010,0x00000000d6b80000)
  to   space 3072K, 0% used [0x00000000d6c80000,0x00000000d6c80000,0x00000000d6f80000)
 ParOldGen       total 68608K, used 34322K [0x0000000080000000, 0x0000000084300000, 0x00000000d5580000)
  object space 68608K, 50% used [0x0000000080000000,0x0000000082184900,0x0000000084300000)
 Metaspace       used 47251K, committed 48448K, reserved 1114112K
  class space    used 5139K, committed 5696K, reserved 1048576K
}
Event: 17.024 GC heap after
{Heap after GC invocations=26 (full 2):
 PSYoungGen      total 22528K, used 1752K [0x00000000d5580000, 0x00000000d6e80000, 0x0000000100000000)
  eden space 20480K, 0% used [0x00000000d5580000,0x00000000d5580000,0x00000000d6980000)
  from space 2048K, 85% used [0x00000000d6c80000,0x00000000d6e36200,0x00000000d6e80000)
  to   space 2048K, 0% used [0x00000000d6980000,0x00000000d6980000,0x00000000d6b80000)
 ParOldGen       total 68608K, used 36250K [0x0000000080000000, 0x0000000084300000, 0x00000000d5580000)
  object space 68608K, 52% used [0x0000000080000000,0x0000000082366910,0x0000000084300000)
 Metaspace       used 47251K, committed 48448K, reserved 1114112K
  class space    used 5139K, committed 5696K, reserved 1048576K
}
Event: 17.495 GC heap before
{Heap before GC invocations=27 (full 2):
 PSYoungGen      total 22528K, used 22232K [0x00000000d5580000, 0x00000000d6e80000, 0x0000000100000000)
  eden space 20480K, 100% used [0x00000000d5580000,0x00000000d6980000,0x00000000d6980000)
  from space 2048K, 85% used [0x00000000d6c80000,0x00000000d6e36200,0x00000000d6e80000)
  to   space 2048K, 0% used [0x00000000d6980000,0x00000000d6980000,0x00000000d6b80000)
 ParOldGen       total 68608K, used 36250K [0x0000000080000000, 0x0000000084300000, 0x00000000d5580000)
  object space 68608K, 52% used [0x0000000080000000,0x0000000082366910,0x0000000084300000)
 Metaspace       used 48904K, committed 50112K, reserved 1114112K
  class space    used 5300K, committed 5824K, reserved 1048576K
}
Event: 17.499 GC heap after
{Heap after GC invocations=27 (full 2):
 PSYoungGen      total 22528K, used 2048K [0x00000000d5580000, 0x00000000d7480000, 0x0000000100000000)
  eden space 20480K, 0% used [0x00000000d5580000,0x00000000d5580000,0x00000000d6980000)
  from space 2048K, 100% used [0x00000000d6980000,0x00000000d6b80000,0x00000000d6b80000)
  to   space 5632K, 0% used [0x00000000d6f00000,0x00000000d6f00000,0x00000000d7480000)
 ParOldGen       total 68608K, used 39221K [0x0000000080000000, 0x0000000084300000, 0x00000000d5580000)
  object space 68608K, 57% used [0x0000000080000000,0x000000008264d780,0x0000000084300000)
 Metaspace       used 48904K, committed 50112K, reserved 1114112K
  class space    used 5300K, committed 5824K, reserved 1048576K
}

Dll operation events (10 events):
Event: 0.019 Loaded shared library c:\Users\barad\.vscode\extensions\redhat.java-1.51.0-win32-x64\jre\21.0.9-win32-x86_64\bin\java.dll
Event: 0.601 Loaded shared library c:\Users\barad\.vscode\extensions\redhat.java-1.51.0-win32-x64\jre\21.0.9-win32-x86_64\bin\zip.dll
Event: 0.758 Loaded shared library C:\Users\barad\.vscode\extensions\redhat.java-1.51.0-win32-x64\jre\21.0.9-win32-x86_64\bin\instrument.dll
Event: 0.835 Loaded shared library C:\Users\barad\.vscode\extensions\redhat.java-1.51.0-win32-x64\jre\21.0.9-win32-x86_64\bin\net.dll
Event: 0.841 Loaded shared library C:\Users\barad\.vscode\extensions\redhat.java-1.51.0-win32-x64\jre\21.0.9-win32-x86_64\bin\nio.dll
Event: 0.845 Loaded shared library C:\Users\barad\.vscode\extensions\redhat.java-1.51.0-win32-x64\jre\21.0.9-win32-x86_64\bin\zip.dll
Event: 0.896 Loaded shared library C:\Users\barad\.vscode\extensions\redhat.java-1.51.0-win32-x64\jre\21.0.9-win32-x86_64\bin\jimage.dll
Event: 1.191 Loaded shared library c:\Users\barad\.vscode\extensions\redhat.java-1.51.0-win32-x64\jre\21.0.9-win32-x86_64\bin\verify.dll
Event: 4.715 Loaded shared library C:\Users\barad\AppData\Roaming\Code\User\globalStorage\redhat.java\1.51.0\config_win\org.eclipse.equinox.launcher\org.eclipse.equinox.launcher.win32.win32.x86_64_1.2.1400.v20250801-0854\eclipse_11916.dll
Event: 6.804 Loaded shared library C:\Users\barad\AppData\Local\Temp\jna--1808697885\jna15143074874446468807.dll

Deoptimization events (20 events):
Event: 16.715 Thread 0x0000018ae3b63c30 Uncommon trap: trap_request=0xffffffbe fr.pc=0x0000018ad28f7bf8 relative=0x00000000000024d8
Event: 16.715 Thread 0x0000018ae3b63c30 Uncommon trap: reason=profile_predicate action=maybe_recompile pc=0x0000018ad28f7bf8 method=org.eclipse.jdt.internal.core.util.DeduplicationUtil.intern(Ljava/util/List;)Ljava/util/List; @ 127 c2
Event: 16.715 Thread 0x0000018ae3b63c30 DEOPT PACKING pc=0x0000018ad28f7bf8 sp=0x00000004ff8fdd10
Event: 16.715 Thread 0x0000018ae3b63c30 DEOPT UNPACKING pc=0x0000018ad2026da2 sp=0x00000004ff8fdd00 mode 2
Event: 16.715 Thread 0x0000018ae3b63c30 Uncommon trap: trap_request=0xffffffbe fr.pc=0x0000018ad28f7bf8 relative=0x00000000000024d8
Event: 16.715 Thread 0x0000018ae3b63c30 Uncommon trap: reason=profile_predicate action=maybe_recompile pc=0x0000018ad28f7bf8 method=org.eclipse.jdt.internal.core.util.DeduplicationUtil.intern(Ljava/util/List;)Ljava/util/List; @ 127 c2
Event: 16.715 Thread 0x0000018ae3b63c30 DEOPT PACKING pc=0x0000018ad28f7bf8 sp=0x00000004ff8fdd10
Event: 16.715 Thread 0x0000018ae3b63c30 DEOPT UNPACKING pc=0x0000018ad2026da2 sp=0x00000004ff8fdd00 mode 2
Event: 16.897 Thread 0x0000018ae3b63c30 DEOPT PACKING pc=0x0000018acb5a27c6 sp=0x00000004ff8fd810
Event: 16.897 Thread 0x0000018ae3b63c30 DEOPT UNPACKING pc=0x0000018ad20278e2 sp=0x00000004ff8fcd90 mode 0
Event: 17.181 Thread 0x0000018ae3b63c30 Uncommon trap: trap_request=0xffffff45 fr.pc=0x0000018ad265c294 relative=0x00000000000006b4
Event: 17.181 Thread 0x0000018ae3b63c30 Uncommon trap: reason=unstable_if action=reinterpret pc=0x0000018ad265c294 method=java.lang.String.newStringUTF8NoRepl([BIIZ)Ljava/lang/String; @ 41 c2
Event: 17.181 Thread 0x0000018ae3b63c30 DEOPT PACKING pc=0x0000018ad265c294 sp=0x00000004ff8fea50
Event: 17.181 Thread 0x0000018ae3b63c30 DEOPT UNPACKING pc=0x0000018ad2026da2 sp=0x00000004ff8fea08 mode 2
Event: 17.281 Thread 0x0000018ae3b63c30 DEOPT PACKING pc=0x0000018acb4bc486 sp=0x00000004ff8fdd10
Event: 17.281 Thread 0x0000018ae3b63c30 DEOPT UNPACKING pc=0x0000018ad20278e2 sp=0x00000004ff8fd1f8 mode 0
Event: 17.500 Thread 0x0000018ae3b63c30 Uncommon trap: trap_request=0xffffffc6 fr.pc=0x0000018ad2679774 relative=0x0000000000000f94
Event: 17.500 Thread 0x0000018ae3b63c30 Uncommon trap: reason=bimorphic_or_optimized_type_check action=maybe_recompile pc=0x0000018ad2679774 method=java.util.Properties$LineReader.readLine()I @ 479 c2
Event: 17.500 Thread 0x0000018ae3b63c30 DEOPT PACKING pc=0x0000018ad2679774 sp=0x00000004ff8fdb60
Event: 17.500 Thread 0x0000018ae3b63c30 DEOPT UNPACKING pc=0x0000018ad2026da2 sp=0x00000004ff8fdae8 mode 2

Classes loaded (20 events):
Event: 15.252 Loading class java/nio/file/ClosedDirectoryStreamException
Event: 15.252 Loading class java/nio/file/ClosedDirectoryStreamException done
Event: 15.252 Loading class jdk/internal/jrtfs/JrtFileSystem
Event: 15.253 Loading class jdk/internal/jrtfs/JrtFileSystem done
Event: 15.284 Loading class jdk/internal/jrtfs/JrtPath
Event: 15.284 Loading class jdk/internal/jrtfs/JrtPath done
Event: 15.285 Loading class jdk/internal/jimage/ImageReader$Node
Event: 15.285 Loading class jdk/internal/jimage/ImageReader$Node done
Event: 15.306 Loading class java/nio/ByteBufferAsIntBufferL
Event: 15.307 Loading class java/nio/ByteBufferAsIntBufferL done
Event: 15.310 Loading class jdk/internal/jimage/ImageReader$Directory
Event: 15.310 Loading class jdk/internal/jimage/ImageReader$Directory done
Event: 16.368 Loading class java/util/AbstractList$ListItr
Event: 16.368 Loading class java/util/AbstractList$ListItr done
Event: 16.402 Loading class java/nio/channels/Channels$ReadableByteChannelImpl
Event: 16.402 Loading class java/nio/channels/Channels$ReadableByteChannelImpl done
Event: 16.403 Loading class java/nio/channels/NonWritableChannelException
Event: 16.403 Loading class java/nio/channels/NonWritableChannelException done
Event: 17.233 Loading class java/lang/UnsupportedClassVersionError
Event: 17.233 Loading class java/lang/UnsupportedClassVersionError done

Classes unloaded (12 events):
Event: 8.164 Thread 0x0000018ac795b560 Unloading class 0x0000018a811a8c00 'java/lang/invoke/LambdaForm$MH+0x0000018a811a8c00'
Event: 8.164 Thread 0x0000018ac795b560 Unloading class 0x0000018a811a8800 'java/lang/invoke/LambdaForm$MH+0x0000018a811a8800'
Event: 8.164 Thread 0x0000018ac795b560 Unloading class 0x0000018a811a8400 'java/lang/invoke/LambdaForm$MH+0x0000018a811a8400'
Event: 8.164 Thread 0x0000018ac795b560 Unloading class 0x0000018a811a8000 'java/lang/invoke/LambdaForm$MH+0x0000018a811a8000'
Event: 8.164 Thread 0x0000018ac795b560 Unloading class 0x0000018a811a7c00 'java/lang/invoke/LambdaForm$BMH+0x0000018a811a7c00'
Event: 8.164 Thread 0x0000018ac795b560 Unloading class 0x0000018a811a7800 'java/lang/invoke/LambdaForm$DMH+0x0000018a811a7800'
Event: 8.164 Thread 0x0000018ac795b560 Unloading class 0x0000018a811a6400 'java/lang/invoke/LambdaForm$DMH+0x0000018a811a6400'
Event: 11.096 Thread 0x0000018ac795b560 Unloading class 0x0000018a8130a400 'java/lang/invoke/LambdaForm$MH+0x0000018a8130a400'
Event: 11.096 Thread 0x0000018ac795b560 Unloading class 0x0000018a81309800 'java/lang/invoke/LambdaForm$MH+0x0000018a81309800'
Event: 11.096 Thread 0x0000018ac795b560 Unloading class 0x0000018a81308c00 'java/lang/invoke/LambdaForm$MH+0x0000018a81308c00'
Event: 11.096 Thread 0x0000018ac795b560 Unloading class 0x0000018a81308800 'java/lang/invoke/LambdaForm$DMH+0x0000018a81308800'
Event: 11.096 Thread 0x0000018ac795b560 Unloading class 0x0000018a81303c00 'java/lang/invoke/LambdaForm$MH+0x0000018a81303c00'

Classes redefined (0 events):
No events

Internal exceptions (20 events):
Event: 13.400 Thread 0x0000018ae3b65670 Exception <a 'java/io/FileNotFoundException'{0x00000000d67b0590}> (0x00000000d67b0590) 
thrown [s\src\hotspot\share\prims\jni.cpp, line 520]
Event: 14.561 Thread 0x0000018ae5822d90 Exception <a 'java/io/FileNotFoundException'{0x00000000d5684888}> (0x00000000d5684888) 
thrown [s\src\hotspot\share\prims\jni.cpp, line 520]
Event: 14.979 Thread 0x0000018ae5822d90 Exception <a 'java/lang/IncompatibleClassChangeError'{0x00000000d5d051e8}: Found class java.lang.Object, but interface was expected> (0x00000000d5d051e8) 
thrown [s\src\hotspot\share\interpreter\linkResolver.cpp, line 840]
Event: 15.019 Thread 0x0000018ae3b63c30 Exception <a 'java/lang/NoSuchMethodError'{0x00000000d5d4cd40}: 'int java.lang.invoke.DirectMethodHandle$Holder.invokeSpecialIFC(java.lang.Object, java.lang.Object, java.lang.Object, java.lang.Object)'> (0x00000000d5d4cd40) 
thrown [s\src\hotspot\share\interpreter\linkResolver.cpp, line 773]
Event: 15.106 Thread 0x0000018ae3b63c30 Exception <a 'java/lang/NoSuchMethodError'{0x00000000d5eba4e8}: 'int java.lang.invoke.DirectMethodHandle$Holder.invokeInterface(java.lang.Object, java.lang.Object)'> (0x00000000d5eba4e8) 
thrown [s\src\hotspot\share\interpreter\linkResolver.cpp, line 773]
Event: 15.107 Thread 0x0000018ae3b63c30 Exception <a 'java/lang/IncompatibleClassChangeError'{0x00000000d5ebd4f8}: Found class java.lang.Object, but interface was expected> (0x00000000d5ebd4f8) 
thrown [s\src\hotspot\share\interpreter\linkResolver.cpp, line 840]
Event: 15.156 Thread 0x0000018ae3b63c30 Exception <a 'sun/nio/fs/WindowsException'{0x00000000d6017d98}> (0x00000000d6017d98) 
thrown [s\src\hotspot\share\prims\jni.cpp, line 520]
Event: 15.156 Thread 0x0000018ae3b63c30 Exception <a 'sun/nio/fs/WindowsException'{0x00000000d60182a8}> (0x00000000d60182a8) 
thrown [s\src\hotspot\share\prims\jni.cpp, line 520]
Event: 15.156 Thread 0x0000018ae3b63c30 Exception <a 'sun/nio/fs/WindowsException'{0x00000000d60187b8}> (0x00000000d60187b8) 
thrown [s\src\hotspot\share\prims\jni.cpp, line 520]
Event: 15.156 Thread 0x0000018ae3b63c30 Exception <a 'sun/nio/fs/WindowsException'{0x00000000d6018ce8}> (0x00000000d6018ce8) 
thrown [s\src\hotspot\share\prims\jni.cpp, line 520]
Event: 15.184 Thread 0x0000018ae3b63c30 Exception <a 'sun/nio/fs/WindowsException'{0x00000000d6025f60}> (0x00000000d6025f60) 
thrown [s\src\hotspot\share\prims\jni.cpp, line 520]
Event: 15.184 Thread 0x0000018ae3b63c30 Exception <a 'sun/nio/fs/WindowsException'{0x00000000d6026470}> (0x00000000d6026470) 
thrown [s\src\hotspot\share\prims\jni.cpp, line 520]
Event: 15.184 Thread 0x0000018ae3b63c30 Exception <a 'sun/nio/fs/WindowsException'{0x00000000d6026980}> (0x00000000d6026980) 
thrown [s\src\hotspot\share\prims\jni.cpp, line 520]
Event: 15.184 Thread 0x0000018ae3b63c30 Exception <a 'sun/nio/fs/WindowsException'{0x00000000d6026eb0}> (0x00000000d6026eb0) 
thrown [s\src\hotspot\share\prims\jni.cpp, line 520]
Event: 15.185 Thread 0x0000018ae3b63c30 Exception <a 'sun/nio/fs/WindowsException'{0x00000000d602f828}> (0x00000000d602f828) 
thrown [s\src\hotspot\share\prims\jni.cpp, line 520]
Event: 15.186 Thread 0x0000018ae3b63c30 Exception <a 'sun/nio/fs/WindowsException'{0x00000000d6037c40}> (0x00000000d6037c40) 
thrown [s\src\hotspot\share\prims\jni.cpp, line 520]
Event: 15.235 Thread 0x0000018ae3b63c30 Implicit null exception at 0x0000018ad2606e77 to 0x0000018ad26070e8
Event: 15.235 Thread 0x0000018ae3b63c30 Exception <a 'java/lang/NoSuchMethodError'{0x00000000d623c5d0}: 'java.lang.Object java.lang.invoke.DelegatingMethodHandle$Holder.reinvoke_L(java.lang.Object, int, long, java.lang.Object, java.lang.Object, int, java.lang.Object)'> (0x00000000d623c5d0) 
thrown [s\src\hotspot\share\interpreter\linkResolver.cpp, line 773]
Event: 15.492 Thread 0x0000018ae3b63c30 Exception <a 'java/lang/NoSuchMethodError'{0x00000000d6812820}: 'java.lang.Object java.lang.invoke.Invokers$Holder.invoke_MT(java.lang.Object, java.lang.Object, java.lang.Object, java.lang.Object, java.lang.Object, java.lang.Object, java.lang.Object, java.lang.Object, java.lang.Object, java.lang.Object)'> (0x00000000d6812820) 
thrown [s\src\hotspot\share\interpreter\linkResolver.cpp, line 773]
Event: 17.257 Thread 0x0000018ae3b63c30 Exception <a 'java/lang/NoSuchMethodError'{0x00000000d62a70a8}: 'int java.lang.invoke.Invokers$Holder.invokeExact_MT(java.lang.Object, java.lang.Object)'> (0x00000000d62a70a8) 
thrown [s\src\hotspot\share\interpreter\linkResolver.cpp, line 773]

ZGC Phase Switch (0 events):
No events

VM Operations (20 events):
Event: 16.294 Executing VM operation: ParallelGCFailedAllocation (Allocation Failure)
Event: 16.300 Executing VM operation: ParallelGCFailedAllocation (Allocation Failure) done
Event: 16.379 Executing VM operation: HandshakeAllThreads (Deoptimize)
Event: 16.379 Executing VM operation: HandshakeAllThreads (Deoptimize) done
Event: 16.457 Executing VM operation: ParallelGCFailedAllocation (Allocation Failure)
Event: 16.463 Executing VM operation: ParallelGCFailedAllocation (Allocation Failure) done
Event: 16.586 Executing VM operation: ParallelGCFailedAllocation (Allocation Failure)
Event: 16.592 Executing VM operation: ParallelGCFailedAllocation (Allocation Failure) done
Event: 16.660 Executing VM operation: ParallelGCFailedAllocation (Allocation Failure)
Event: 16.664 Executing VM operation: ParallelGCFailedAllocation (Allocation Failure) done
Event: 16.865 Executing VM operation: ParallelGCFailedAllocation (Allocation Failure)
Event: 16.871 Executing VM operation: ParallelGCFailedAllocation (Allocation Failure) done
Event: 17.018 Executing VM operation: ParallelGCFailedAllocation (Allocation Failure)
Event: 17.024 Executing VM operation: ParallelGCFailedAllocation (Allocation Failure) done
Event: 17.209 Executing VM operation: HandshakeAllThreads (Deoptimize)
Event: 17.209 Executing VM operation: HandshakeAllThreads (Deoptimize) done
Event: 17.238 Executing VM operation: HandshakeAllThreads (Deoptimize)
Event: 17.238 Executing VM operation: HandshakeAllThreads (Deoptimize) done
Event: 17.494 Executing VM operation: ParallelGCFailedAllocation (Allocation Failure)
Event: 17.499 Executing VM operation: ParallelGCFailedAllocation (Allocation Failure) done

Memory protections (0 events):
No events

Nmethod flushes (20 events):
Event: 11.106 Thread 0x0000018ac795b560 flushing  nmethod 0x0000018acb100310
Event: 11.106 Thread 0x0000018ac795b560 flushing  nmethod 0x0000018acb100c10
Event: 11.106 Thread 0x0000018ac795b560 flushing  nmethod 0x0000018acb101010
Event: 11.106 Thread 0x0000018ac795b560 flushing  nmethod 0x0000018acb102610
Event: 11.106 Thread 0x0000018ac795b560 flushing  nmethod 0x0000018acb102d90
Event: 11.106 Thread 0x0000018ac795b560 flushing  nmethod 0x0000018acb104e90
Event: 11.106 Thread 0x0000018ac795b560 flushing  nmethod 0x0000018acb106290
Event: 11.106 Thread 0x0000018ac795b560 flushing  nmethod 0x0000018acb107390
Event: 11.106 Thread 0x0000018ac795b560 flushing  nmethod 0x0000018acb108010
Event: 11.106 Thread 0x0000018ac795b560 flushing  nmethod 0x0000018acb108810
Event: 11.106 Thread 0x0000018ac795b560 flushing  nmethod 0x0000018acb109690
Event: 11.106 Thread 0x0000018ac795b560 flushing  nmethod 0x0000018acb109990
Event: 11.106 Thread 0x0000018ac795b560 flushing  nmethod 0x0000018acb112990
Event: 11.106 Thread 0x0000018ac795b560 flushing  nmethod 0x0000018acb123490
Event: 11.106 Thread 0x0000018ac795b560 flushing  nmethod 0x0000018acb142210
Event: 11.106 Thread 0x0000018ac795b560 flushing  nmethod 0x0000018acb143590
Event: 11.106 Thread 0x0000018ac795b560 flushing  nmethod 0x0000018acb14ae90
Event: 11.106 Thread 0x0000018ac795b560 flushing  nmethod 0x0000018acb196910
Event: 11.106 Thread 0x0000018ac795b560 flushing  nmethod 0x0000018acb1aec10
Event: 11.106 Thread 0x0000018ac795b560 flushing  nmethod 0x0000018acb1be990

Events (20 events):
Event: 9.545 Thread 0x0000018ae3b65670 Thread added: 0x0000018ae3b63c30
Event: 10.762 Thread 0x0000018ae3b63c30 Thread added: 0x0000018ae3b64950
Event: 11.045 Thread 0x0000018ae3b64950 Thread added: 0x0000018ae5823420
Event: 11.346 Thread 0x0000018ac789ea30 Thread added: 0x0000018ae5824140
Event: 11.346 Thread 0x0000018ac789ea30 Thread added: 0x0000018ae5823ab0
Event: 11.346 Thread 0x0000018ac789ea30 Thread added: 0x0000018ae5822070
Event: 11.346 Thread 0x0000018ac789ea30 Thread added: 0x0000018ae5822700
Event: 11.346 Thread 0x0000018ac789ea30 Thread added: 0x0000018ae5824e60
Event: 11.441 Thread 0x0000018ac789ea30 Thread added: 0x0000018ae58254f0
Event: 11.977 Thread 0x0000018ac789ea30 Thread added: 0x0000018ae5825b80
Event: 11.977 Thread 0x0000018ac789ea30 Thread added: 0x0000018ae5822d90
Event: 12.659 Thread 0x0000018ae40a7b20 Thread exited: 0x0000018ae40a7b20
Event: 13.402 Thread 0x0000018ae3b65670 Thread added: 0x0000018ae58268a0
Event: 13.412 Thread 0x0000018ae58268a0 Thread added: 0x0000018ae5828970
Event: 13.443 Thread 0x0000018ae5828970 Thread added: 0x0000018ae5826210
Event: 13.488 Thread 0x0000018ac7813dc0 Thread added: 0x0000018ae30533f0
Event: 14.801 Thread 0x0000018ae30533f0 Thread exited: 0x0000018ae30533f0
Event: 15.597 Thread 0x0000018ac7791380 Thread added: 0x0000018ae6a7bf60
Event: 16.139 Thread 0x0000018ae6a7bf60 Thread exited: 0x0000018ae6a7bf60
Event: 16.344 Thread 0x0000018ac7813dc0 Thread added: 0x0000018ae612dcd0


Dynamic libraries:
0x00007ff6e0fd0000 - 0x00007ff6e0fde000 	c:\Users\barad\.vscode\extensions\redhat.java-1.51.0-win32-x64\jre\21.0.9-win32-x86_64\bin\java.exe
0x00007ff8aafc0000 - 0x00007ff8ab227000 	C:\WINDOWS\SYSTEM32\ntdll.dll
0x00007ff8aa020000 - 0x00007ff8aa0e9000 	C:\WINDOWS\System32\KERNEL32.DLL
0x00007ff8a81c0000 - 0x00007ff8a85af000 	C:\WINDOWS\System32\KERNELBASE.dll
0x00007ff8a8c10000 - 0x00007ff8a8d5b000 	C:\WINDOWS\System32\ucrtbase.dll
0x00007ff87cbe0000 - 0x00007ff87cbf8000 	c:\Users\barad\.vscode\extensions\redhat.java-1.51.0-win32-x64\jre\21.0.9-win32-x86_64\bin\jli.dll
0x00007ff8aaba0000 - 0x00007ff8aad65000 	C:\WINDOWS\System32\USER32.dll
0x00007ff8a85c0000 - 0x00007ff8a85e7000 	C:\WINDOWS\System32\win32u.dll
0x00007ff8aa480000 - 0x00007ff8aa4ab000 	C:\WINDOWS\System32\GDI32.dll
0x00007ff8a8680000 - 0x00007ff8a87ac000 	C:\WINDOWS\System32\gdi32full.dll
0x00007ff8a8110000 - 0x00007ff8a81b3000 	C:\WINDOWS\System32\msvcp_win.dll
0x00007ff87a7e0000 - 0x00007ff87a7fe000 	c:\Users\barad\.vscode\extensions\redhat.java-1.51.0-win32-x64\jre\21.0.9-win32-x86_64\bin\VCRUNTIME140.dll
0x00007ff88e3e0000 - 0x00007ff88e673000 	C:\WINDOWS\WinSxS\amd64_microsoft.windows.common-controls_6595b64144ccf1df_6.0.26100.7309_none_3e05feeae336a044\COMCTL32.dll
0x00007ff8aae70000 - 0x00007ff8aaf19000 	C:\WINDOWS\System32\msvcrt.dll
0x00007ff8a9780000 - 0x00007ff8a97b1000 	C:\WINDOWS\System32\IMM32.DLL
0x00007ff88e050000 - 0x00007ff88e05c000 	c:\Users\barad\.vscode\extensions\redhat.java-1.51.0-win32-x64\jre\21.0.9-win32-x86_64\bin\vcruntime140_1.dll
0x00007ff877f20000 - 0x00007ff877fad000 	c:\Users\barad\.vscode\extensions\redhat.java-1.51.0-win32-x64\jre\21.0.9-win32-x86_64\bin\msvcp140.dll
0x00007fffe8ea0000 - 0x00007fffe9c40000 	c:\Users\barad\.vscode\extensions\redhat.java-1.51.0-win32-x64\jre\21.0.9-win32-x86_64\bin\server\jvm.dll
0x00007ff8a9d30000 - 0x00007ff8a9de4000 	C:\WINDOWS\System32\ADVAPI32.dll
0x00007ff8a8f70000 - 0x00007ff8a9016000 	C:\WINDOWS\System32\sechost.dll
0x00007ff8a9940000 - 0x00007ff8a9a58000 	C:\WINDOWS\System32\RPCRT4.dll
0x00007ff8a9a60000 - 0x00007ff8a9ad4000 	C:\WINDOWS\System32\WS2_32.dll
0x00007ff8a7f90000 - 0x00007ff8a7fee000 	C:\WINDOWS\SYSTEM32\POWRPROF.dll
0x00007ff89fa70000 - 0x00007ff89faa5000 	C:\WINDOWS\SYSTEM32\WINMM.dll
0x00007ff897da0000 - 0x00007ff897dab000 	C:\WINDOWS\SYSTEM32\VERSION.dll
0x00007ff8a7f70000 - 0x00007ff8a7f84000 	C:\WINDOWS\SYSTEM32\UMPDC.dll
0x00007ff8a6ec0000 - 0x00007ff8a6edb000 	C:\WINDOWS\SYSTEM32\kernel.appcore.dll
0x00007ff87cbd0000 - 0x00007ff87cbda000 	c:\Users\barad\.vscode\extensions\redhat.java-1.51.0-win32-x64\jre\21.0.9-win32-x86_64\bin\jimage.dll
0x00007ff8a57b0000 - 0x00007ff8a59f2000 	C:\WINDOWS\SYSTEM32\DBGHELP.DLL
0x00007ff8aa0f0000 - 0x00007ff8aa476000 	C:\WINDOWS\System32\combase.dll
0x00007ff8aad90000 - 0x00007ff8aae66000 	C:\WINDOWS\System32\OLEAUT32.dll
0x00007ff8853b0000 - 0x00007ff8853ec000 	C:\WINDOWS\SYSTEM32\dbgcore.DLL
0x00007ff8a87b0000 - 0x00007ff8a8855000 	C:\WINDOWS\System32\bcryptPrimitives.dll
0x00007ff87a930000 - 0x00007ff87a93f000 	c:\Users\barad\.vscode\extensions\redhat.java-1.51.0-win32-x64\jre\21.0.9-win32-x86_64\bin\instrument.dll
0x00007ff87a7c0000 - 0x00007ff87a7e0000 	c:\Users\barad\.vscode\extensions\redhat.java-1.51.0-win32-x64\jre\21.0.9-win32-x86_64\bin\java.dll
0x00007ff8a9020000 - 0x00007ff8a9773000 	C:\WINDOWS\System32\SHELL32.dll
0x00007ff8a89e0000 - 0x00007ff8a8b4a000 	C:\WINDOWS\System32\wintypes.dll
0x00007ff8a5d30000 - 0x00007ff8a658e000 	C:\WINDOWS\SYSTEM32\windows.storage.dll
0x00007ff8aa580000 - 0x00007ff8aa675000 	C:\WINDOWS\System32\SHCORE.dll
0x00007ff8aab10000 - 0x00007ff8aab76000 	C:\WINDOWS\System32\shlwapi.dll
0x00007ff8a8030000 - 0x00007ff8a8059000 	C:\WINDOWS\SYSTEM32\profapi.dll
0x00007ff877d20000 - 0x00007ff877d38000 	c:\Users\barad\.vscode\extensions\redhat.java-1.51.0-win32-x64\jre\21.0.9-win32-x86_64\bin\zip.dll
0x00007ff87a7b0000 - 0x00007ff87a7c0000 	C:\Users\barad\.vscode\extensions\redhat.java-1.51.0-win32-x64\jre\21.0.9-win32-x86_64\bin\net.dll
0x00007ff8988e0000 - 0x00007ff898a08000 	C:\WINDOWS\SYSTEM32\WINHTTP.dll
0x00007ff8a7430000 - 0x00007ff8a749b000 	C:\WINDOWS\system32\mswsock.dll
0x00007ff8762a0000 - 0x00007ff8762b6000 	C:\Users\barad\.vscode\extensions\redhat.java-1.51.0-win32-x64\jre\21.0.9-win32-x86_64\bin\nio.dll
0x00007ff877f10000 - 0x00007ff877f20000 	c:\Users\barad\.vscode\extensions\redhat.java-1.51.0-win32-x64\jre\21.0.9-win32-x86_64\bin\verify.dll
0x00007ff863a10000 - 0x00007ff863a54000 	C:\Users\barad\AppData\Roaming\Code\User\globalStorage\redhat.java\1.51.0\config_win\org.eclipse.equinox.launcher\org.eclipse.equinox.launcher.win32.win32.x86_64_1.2.1400.v20250801-0854\eclipse_11916.dll
0x00007ff8a9df0000 - 0x00007ff8a9f87000 	C:\WINDOWS\System32\ole32.dll
0x00007ff8a76f0000 - 0x00007ff8a770b000 	C:\WINDOWS\SYSTEM32\CRYPTSP.dll
0x00007ff8a6e20000 - 0x00007ff8a6e5a000 	C:\WINDOWS\system32\rsaenh.dll
0x00007ff8a74e0000 - 0x00007ff8a750b000 	C:\WINDOWS\SYSTEM32\USERENV.dll
0x00007ff8a8000000 - 0x00007ff8a802a000 	C:\WINDOWS\SYSTEM32\bcrypt.dll
0x00007ff8a7710000 - 0x00007ff8a771c000 	C:\WINDOWS\SYSTEM32\CRYPTBASE.dll
0x00007ff8a68d0000 - 0x00007ff8a6904000 	C:\WINDOWS\SYSTEM32\IPHLPAPI.DLL
0x00007ff8aab90000 - 0x00007ff8aab9a000 	C:\WINDOWS\System32\NSI.dll
0x00007ff863ab0000 - 0x00007ff863af9000 	C:\Users\barad\AppData\Local\Temp\jna--1808697885\jna15143074874446468807.dll
0x00007ff8aab80000 - 0x00007ff8aab88000 	C:\WINDOWS\System32\PSAPI.DLL
0x00007ff89f950000 - 0x00007ff89f96e000 	C:\WINDOWS\SYSTEM32\dhcpcsvc6.DLL
0x00007ff89f7f0000 - 0x00007ff89f813000 	C:\WINDOWS\SYSTEM32\dhcpcsvc.DLL

JVMTI agents:
c:\Users\barad\.vscode\extensions\redhat.java-1.51.0-win32-x64\lombok\lombok-1.18.39-4050.jar path:c:\Users\barad\.vscode\extensions\redhat.java-1.51.0-win32-x64\jre\21.0.9-win32-x86_64\bin\instrument.dll, loaded, initialized, instrumentlib options:none

dbghelp: loaded successfully - version: 4.0.5 - missing functions: none
symbol engine: initialized successfully - sym options: 0x614 - pdb path: .;c:\Users\barad\.vscode\extensions\redhat.java-1.51.0-win32-x64\jre\21.0.9-win32-x86_64\bin;C:\WINDOWS\SYSTEM32;C:\WINDOWS\WinSxS\amd64_microsoft.windows.common-controls_6595b64144ccf1df_6.0.26100.7309_none_3e05feeae336a044;c:\Users\barad\.vscode\extensions\redhat.java-1.51.0-win32-x64\jre\21.0.9-win32-x86_64\bin\server;C:\Users\barad\AppData\Roaming\Code\User\globalStorage\redhat.java\1.51.0\config_win\org.eclipse.equinox.launcher\org.eclipse.equinox.launcher.win32.win32.x86_64_1.2.1400.v20250801-0854;C:\Users\barad\AppData\Local\Temp\jna--1808697885

VM Arguments:
jvm_args: --add-modules=ALL-SYSTEM --add-opens=java.base/java.util=ALL-UNNAMED --add-opens=java.base/java.lang=ALL-UNNAMED --add-opens=java.base/sun.nio.fs=ALL-UNNAMED -Declipse.application=org.eclipse.jdt.ls.core.id1 -Dosgi.bundles.defaultStartLevel=4 -Declipse.product=org.eclipse.jdt.ls.core.product -Djava.import.generatesMetadataFilesAtProjectRoot=false -DDetectVMInstallationsJob.disabled=true -Dfile.encoding=utf8 -XX:+UseParallelGC -XX:GCTimeRatio=4 -XX:AdaptiveSizePolicyWeight=90 -Dsun.zip.disableMemoryMapping=true -Xmx2G -Xms100m -Xlog:disable -javaagent:c:\Users\barad\.vscode\extensions\redhat.java-1.51.0-win32-x64\lombok\lombok-1.18.39-4050.jar -XX:+HeapDumpOnOutOfMemoryError -XX:HeapDumpPath=c:\Users\barad\AppData\Roaming\Code\User\workspaceStorage\bcdf091bb317d817909a013bb4221e1c\redhat.java -Daether.dependencyCollector.impl=bf 
java_command: c:\Users\barad\.vscode\extensions\redhat.java-1.51.0-win32-x64\server\plugins\org.eclipse.equinox.launcher_1.7.100.v20251111-0406.jar -configuration c:\Users\barad\AppData\Roaming\Code\User\globalStorage\redhat.java\1.51.0\config_win -data c:\Users\barad\AppData\Roaming\Code\User\workspaceStorage\bcdf091bb317d817909a013bb4221e1c\redhat.java\jdt_ws --pipe=\\.\pipe\lsp-b888657b1ed5ea2a2034e7e68e54ca3d-sock
java_class_path (initial): c:\Users\barad\.vscode\extensions\redhat.java-1.51.0-win32-x64\server\plugins\org.eclipse.equinox.launcher_1.7.100.v20251111-0406.jar
Launcher Type: SUN_STANDARD

[Global flags]
    uintx AdaptiveSizePolicyWeight                 = 90                                        {product} {command line}
     intx CICompilerCount                          = 3                                         {product} {ergonomic}
    uintx GCTimeRatio                              = 4                                         {product} {command line}
     bool HeapDumpOnOutOfMemoryError               = true                                   {manageable} {command line}
    ccstr HeapDumpPath                             = c:\Users\barad\AppData\Roaming\Code\User\workspaceStorage\bcdf091bb317d817909a013bb4221e1c\redhat.java         {manageable} {command line}
   size_t InitialHeapSize                          = 104857600                                 {product} {command line}
   size_t MaxHeapSize                              = 2147483648                                {product} {command line}
   size_t MaxNewSize                               = 715653120                                 {product} {ergonomic}
   size_t MinHeapDeltaBytes                        = 524288                                    {product} {ergonomic}
   size_t MinHeapSize                              = 104857600                                 {product} {command line}
   size_t NewSize                                  = 34603008                                  {product} {ergonomic}
    uintx NonNMethodCodeHeapSize                   = 5832780                                {pd product} {ergonomic}
    uintx NonProfiledCodeHeapSize                  = 122912730                              {pd product} {ergonomic}
   size_t OldSize                                  = 70254592                                  {product} {ergonomic}
    uintx ProfiledCodeHeapSize                     = 122912730                              {pd product} {ergonomic}
    uintx ReservedCodeCacheSize                    = 251658240                              {pd product} {ergonomic}
     bool SegmentedCodeCache                       = true                                      {product} {ergonomic}
   size_t SoftMaxHeapSize                          = 2147483648                             {manageable} {ergonomic}
     bool UseCompressedOops                        = true                           {product lp64_product} {ergonomic}
     bool UseLargePagesIndividualAllocation        = false                                  {pd product} {ergonomic}
     bool UseParallelGC                            = true                                      {product} {command line}

Logging:
Log output configuration:
 #0: stdout all=off uptime,level,tags foldmultilines=false
 #1: stderr all=off uptime,level,tags foldmultilines=false

Release file:
JAVA_VERSION="21.0.9" 
MODULES="java.base java.compiler java.datatransfer java.xml java.prefs java.desktop java.instrument java.logging java.management java.security.sasl java.naming java.rmi java.management.rmi java.net.http java.scripting java.security.jgss java.transaction.xa java.sql java.sql.rowset java.xml.crypto java.se java.smartcardio jdk.accessibility jdk.internal.jvmstat jdk.attach jdk.charsets jdk.internal.opt jdk.zipfs jdk.compiler jdk.crypto.ec jdk.crypto.cryptoki jdk.crypto.mscapi jdk.dynalink jdk.internal.ed jdk.editpad jdk.hotspot.agent jdk.httpserver jdk.internal.le jdk.internal.vm.ci jdk.internal.vm.compiler jdk.internal.vm.compiler.management jdk.jartool jdk.javadoc jdk.jcmd jdk.management jdk.management.agent jdk.jconsole jdk.jdeps jdk.jdwp.agent jdk.jdi jdk.jfr jdk.jshell jdk.jsobject jdk.jstatd jdk.localedata jdk.management.jfr jdk.naming.dns jdk.naming.rmi jdk.net jdk.nio.mapmode jdk.random jdk.sctp jdk.security.auth jdk.security.jgss jdk.unsupported jdk.unsupported.desktop jdk.xml.dom" 

Environment Variables:
PATH=C:\Program Files\Common Files\Oracle\Java\javapath;C:\oraclexe\app\oracle\product\11.2.0\server\bin;;C:\ProgramData\Oracle\Java\javapath;C:\WINDOWS\system32;C:\WINDOWS;C:\WINDOWS\System32\Wbem;C:\WINDOWS\System32\WindowsPowerShell\v1.0\;C:\WINDOWS\System32\OpenSSH\;C:\Program Files\dotnet\;C:\Program Files (x86)\Common Files\Adobe\AGL;C:\Users\barad\AppData\Local\Programs\Python\Python314\Scripts\;C:\Users\barad\AppData\Local\Programs\Python\Python314\;C:\Users\barad\AppData\Local\Microsoft\WindowsApps;C:\Users\barad\AppData\Local\Programs\Microsoft VS Code\bin
USERNAME=kirtan barad
OS=Windows_NT
PROCESSOR_IDENTIFIER=Intel64 Family 6 Model 140 Stepping 1, GenuineIntel
TMP=C:\Users\barad\AppData\Local\Temp
TEMP=C:\Users\barad\AppData\Local\Temp




Periodic native trim disabled

---------------  S Y S T E M  ---------------

OS:
 Windows 11 , 64 bit Build 26100 (10.0.26100.7623)
OS uptime: 0 days 0:09 hours

CPU: total 4 (initial active 4) (2 cores per cpu, 2 threads per core) family 6 model 140 stepping 1 microcode 0xbc, cx8, cmov, fxsr, ht, mmx, 3dnowpref, sse, sse2, sse3, ssse3, sse4.1, sse4.2, popcnt, lzcnt, tsc, tscinvbit, avx, avx2, aes, erms, clmul, bmi1, bmi2, adx, avx512f, avx512dq, avx512cd, avx512bw, avx512vl, sha, fma, vzeroupper, avx512_vpopcntdq, avx512_vpclmulqdq, avx512_vaes, avx512_vnni, clflush, clflushopt, clwb, avx512_vbmi2, avx512_vbmi, rdtscp, rdpid, fsrm, gfni, avx512_bitalg, f16c, pku, cet_ibt, cet_ss, avx512_ifma
Processor Information for the first 4 processors :
  Max Mhz: 2995, Current Mhz: 2995, Mhz Limit: 2995

Memory: 4k page, system-wide physical 7926M (574M free)
TotalPageFile size 11764M (AvailPageFile size 21M)
current process WorkingSet (physical memory assigned to process): 236M, peak: 236M
current process commit charge ("private bytes"): 329M, peak: 332M

vm_info: OpenJDK 64-Bit Server VM (21.0.9+10-LTS) for windows-amd64 JRE (21.0.9+10-LTS), built on 2025-10-21T00:00:00Z by "admin" with unknown MS VC++:1942

END.
